
===========================================================================
 report_power
============================================================================
======================= Fastest Corner ===================================

Group                  Internal  Switching    Leakage      Total
                          Power      Power      Power      Power (Watts)
----------------------------------------------------------------
Sequential             3.22e-05   1.03e-06   8.70e-11   3.32e-05  21.9%
Combinational          1.37e-05   3.27e-05   6.13e-10   4.64e-05  30.5%
Clock                  5.83e-05   1.40e-05   4.22e-10   7.24e-05  47.6%
Macro                  0.00e+00   0.00e+00   0.00e+00   0.00e+00   0.0%
Pad                    0.00e+00   0.00e+00   0.00e+00   0.00e+00   0.0%
----------------------------------------------------------------
Total                  1.04e-04   4.77e-05   1.12e-09   1.52e-04 100.0%
                          68.6%      31.4%       0.0%

======================= Slowest Corner ===================================

Group                  Internal  Switching    Leakage      Total
                          Power      Power      Power      Power (Watts)
----------------------------------------------------------------
Sequential             2.14e-05   6.55e-07   8.71e-08   2.22e-05  21.2%
Combinational          1.01e-05   2.19e-05   4.46e-07   3.24e-05  30.9%
Clock                  4.10e-05   9.07e-06   5.73e-08   5.02e-05  47.9%
Macro                  0.00e+00   0.00e+00   0.00e+00   0.00e+00   0.0%
Pad                    0.00e+00   0.00e+00   0.00e+00   0.00e+00   0.0%
----------------------------------------------------------------
Total                  7.25e-05   3.16e-05   5.90e-07   1.05e-04 100.0%
                          69.3%      30.2%       0.6%

======================= Typical Corner ===================================

Group                  Internal  Switching    Leakage      Total
                          Power      Power      Power      Power (Watts)
----------------------------------------------------------------
Sequential             2.75e-05   8.49e-07   5.03e-11   2.84e-05  21.8%
Combinational          1.23e-05   2.78e-05   3.48e-10   4.01e-05  30.7%
Clock                  5.02e-05   1.18e-05   2.67e-10   6.20e-05  47.5%
Macro                  0.00e+00   0.00e+00   0.00e+00   0.00e+00   0.0%
Pad                    0.00e+00   0.00e+00   0.00e+00   0.00e+00   0.0%
----------------------------------------------------------------
Total                  9.01e-05   4.04e-05   6.65e-10   1.30e-04 100.0%
                          69.0%      31.0%       0.0%

