
===========================================================================
 report_power
============================================================================
======================= Fastest Corner ===================================

Group                  Internal  Switching    Leakage      Total
                          Power      Power      Power      Power (Watts)
----------------------------------------------------------------
Sequential             3.22e-05   9.77e-07   8.70e-11   3.32e-05  22.1%
Combinational          1.37e-05   3.14e-05   6.13e-10   4.51e-05  30.1%
Clock                  5.83e-05   1.34e-05   4.22e-10   7.17e-05  47.8%
Macro                  0.00e+00   0.00e+00   0.00e+00   0.00e+00   0.0%
Pad                    0.00e+00   0.00e+00   0.00e+00   0.00e+00   0.0%
----------------------------------------------------------------
Total                  1.04e-04   4.57e-05   1.12e-09   1.50e-04 100.0%
                          69.5%      30.5%       0.0%

======================= Slowest Corner ===================================

Group                  Internal  Switching    Leakage      Total
                          Power      Power      Power      Power (Watts)
----------------------------------------------------------------
Sequential             2.14e-05   6.22e-07   8.71e-08   2.21e-05  21.4%
Combinational          1.01e-05   2.10e-05   4.46e-07   3.15e-05  30.5%
Clock                  4.10e-05   8.63e-06   5.73e-08   4.97e-05  48.1%
Macro                  0.00e+00   0.00e+00   0.00e+00   0.00e+00   0.0%
Pad                    0.00e+00   0.00e+00   0.00e+00   0.00e+00   0.0%
----------------------------------------------------------------
Total                  7.25e-05   3.02e-05   5.90e-07   1.03e-04 100.0%
                          70.2%      29.3%       0.6%

======================= Typical Corner ===================================

Group                  Internal  Switching    Leakage      Total
                          Power      Power      Power      Power (Watts)
----------------------------------------------------------------
Sequential             2.75e-05   8.07e-07   5.03e-11   2.83e-05  22.0%
Combinational          1.23e-05   2.66e-05   3.48e-10   3.89e-05  30.3%
Clock                  5.02e-05   1.12e-05   2.67e-10   6.14e-05  47.7%
Macro                  0.00e+00   0.00e+00   0.00e+00   0.00e+00   0.0%
Pad                    0.00e+00   0.00e+00   0.00e+00   0.00e+00   0.0%
----------------------------------------------------------------
Total                  9.00e-05   3.87e-05   6.65e-10   1.29e-04 100.0%
                          69.9%      30.1%       0.0%

