
===========================================================================
report_checks -unconstrained
===========================================================================
======================= Fastest Corner ===================================

Startpoint: control[2] (input port clocked by clk)
Endpoint: _239_ (rising edge-triggered flip-flop clocked by clk)
Path Group: clk
Path Type: max
Corner: Fastest

Fanout     Cap    Slew   Delay    Time   Description
-----------------------------------------------------------------------------
                  0.15    0.00    0.00   clock clk (rise edge)
                          0.00    0.00   clock network delay (ideal)
                          2.00    2.00 v input external delay
     1    0.00    0.00    0.00    2.00 v control[2] (in)
                                         control[2] (net)
                  0.00    0.00    2.00 v input11/A (sky130_fd_sc_hd__clkbuf_4)
     9    0.04    0.06    0.12    2.12 v input11/X (sky130_fd_sc_hd__clkbuf_4)
                                         net11 (net)
                  0.06    0.00    2.12 v _136_/A (sky130_fd_sc_hd__inv_4)
     2    0.01    0.02    0.04    2.17 ^ _136_/Y (sky130_fd_sc_hd__inv_4)
                                         _053_ (net)
                  0.02    0.00    2.17 ^ _139_/B (sky130_fd_sc_hd__nand2_1)
     3    0.01    0.07    0.06    2.23 v _139_/Y (sky130_fd_sc_hd__nand2_1)
                                         _056_ (net)
                  0.07    0.00    2.23 v _143_/B (sky130_fd_sc_hd__nor2_1)
     4    0.02    0.24    0.21    2.44 ^ _143_/Y (sky130_fd_sc_hd__nor2_1)
                                         _060_ (net)
                  0.24    0.00    2.44 ^ _144_/A (sky130_fd_sc_hd__inv_2)
     3    0.01    0.05    0.03    2.47 v _144_/Y (sky130_fd_sc_hd__inv_2)
                                         _061_ (net)
                  0.05    0.00    2.47 v _145_/B (sky130_fd_sc_hd__or2_1)
     1    0.00    0.03    0.13    2.60 v _145_/X (sky130_fd_sc_hd__or2_1)
                                         _062_ (net)
                  0.03    0.00    2.60 v _146_/C (sky130_fd_sc_hd__nand3_1)
     2    0.01    0.06    0.07    2.67 ^ _146_/Y (sky130_fd_sc_hd__nand3_1)
                                         _113_ (net)
                  0.06    0.00    2.67 ^ _223_/A (sky130_fd_sc_hd__nor2_1)
     1    0.00    0.03    0.03    2.71 v _223_/Y (sky130_fd_sc_hd__nor2_1)
                                         _025_ (net)
                  0.03    0.00    2.71 v _224_/A (sky130_fd_sc_hd__nand2_1)
     1    0.00    0.04    0.04    2.75 ^ _224_/Y (sky130_fd_sc_hd__nand2_1)
                                         _026_ (net)
                  0.04    0.00    2.75 ^ _225_/A (sky130_fd_sc_hd__nor2_1)
     1    0.00    0.03    0.03    2.77 v _225_/Y (sky130_fd_sc_hd__nor2_1)
                                         _000_ (net)
                  0.03    0.00    2.77 v _239_/D (sky130_fd_sc_hd__dfxtp_1)
                                  2.77   data arrival time

                  0.15   10.00   10.00   clock clk (rise edge)
                          0.00   10.00   clock network delay (ideal)
                         -0.25    9.75   clock uncertainty
                          0.00    9.75   clock reconvergence pessimism
                                  9.75 ^ _239_/CLK (sky130_fd_sc_hd__dfxtp_1)
                         -0.06    9.69   library setup time
                                  9.69   data required time
-----------------------------------------------------------------------------
                                  9.69   data required time
                                 -2.77   data arrival time
-----------------------------------------------------------------------------
                                  6.92   slack (MET)



======================= Slowest Corner ===================================

Startpoint: control[2] (input port clocked by clk)
Endpoint: _239_ (rising edge-triggered flip-flop clocked by clk)
Path Group: clk
Path Type: max
Corner: Slowest

Fanout     Cap    Slew   Delay    Time   Description
-----------------------------------------------------------------------------
                  0.15    0.00    0.00   clock clk (rise edge)
                          0.00    0.00   clock network delay (ideal)
                          2.00    2.00 v input external delay
     1    0.00    0.02    0.01    2.01 v control[2] (in)
                                         control[2] (net)
                  0.02    0.00    2.01 v input11/A (sky130_fd_sc_hd__clkbuf_4)
     9    0.04    0.15    0.32    2.33 v input11/X (sky130_fd_sc_hd__clkbuf_4)
                                         net11 (net)
                  0.15    0.00    2.33 v _136_/A (sky130_fd_sc_hd__inv_4)
     2    0.01    0.05    0.11    2.44 ^ _136_/Y (sky130_fd_sc_hd__inv_4)
                                         _053_ (net)
                  0.05    0.00    2.44 ^ _139_/B (sky130_fd_sc_hd__nand2_1)
     3    0.01    0.24    0.24    2.68 v _139_/Y (sky130_fd_sc_hd__nand2_1)
                                         _056_ (net)
                  0.24    0.00    2.68 v _143_/B (sky130_fd_sc_hd__nor2_1)
     4    0.02    0.55    0.55    3.23 ^ _143_/Y (sky130_fd_sc_hd__nor2_1)
                                         _060_ (net)
                  0.55    0.00    3.23 ^ _144_/A (sky130_fd_sc_hd__inv_2)
     3    0.01    0.12    0.23    3.46 v _144_/Y (sky130_fd_sc_hd__inv_2)
                                         _061_ (net)
                  0.12    0.00    3.46 v _145_/B (sky130_fd_sc_hd__or2_1)
     1    0.00    0.10    0.50    3.96 v _145_/X (sky130_fd_sc_hd__or2_1)
                                         _062_ (net)
                  0.10    0.00    3.96 v _146_/C (sky130_fd_sc_hd__nand3_1)
     2    0.00    0.12    0.16    4.13 ^ _146_/Y (sky130_fd_sc_hd__nand3_1)
                                         _113_ (net)
                  0.12    0.00    4.13 ^ _223_/A (sky130_fd_sc_hd__nor2_1)
     1    0.00    0.06    0.11    4.24 v _223_/Y (sky130_fd_sc_hd__nor2_1)
                                         _025_ (net)
                  0.06    0.00    4.24 v _224_/A (sky130_fd_sc_hd__nand2_1)
     1    0.00    0.08    0.09    4.33 ^ _224_/Y (sky130_fd_sc_hd__nand2_1)
                                         _026_ (net)
                  0.08    0.00    4.33 ^ _225_/A (sky130_fd_sc_hd__nor2_1)
     1    0.00    0.06    0.08    4.42 v _225_/Y (sky130_fd_sc_hd__nor2_1)
                                         _000_ (net)
                  0.06    0.00    4.42 v _239_/D (sky130_fd_sc_hd__dfxtp_1)
                                  4.42   data arrival time

                  0.15   10.00   10.00   clock clk (rise edge)
                          0.00   10.00   clock network delay (ideal)
                         -0.25    9.75   clock uncertainty
                          0.00    9.75   clock reconvergence pessimism
                                  9.75 ^ _239_/CLK (sky130_fd_sc_hd__dfxtp_1)
                         -0.24    9.51   library setup time
                                  9.51   data required time
-----------------------------------------------------------------------------
                                  9.51   data required time
                                 -4.42   data arrival time
-----------------------------------------------------------------------------
                                  5.09   slack (MET)



======================= Typical Corner ===================================

Startpoint: control[2] (input port clocked by clk)
Endpoint: _239_ (rising edge-triggered flip-flop clocked by clk)
Path Group: clk
Path Type: max
Corner: Typical

Fanout     Cap    Slew   Delay    Time   Description
-----------------------------------------------------------------------------
                  0.15    0.00    0.00   clock clk (rise edge)
                          0.00    0.00   clock network delay (ideal)
                          2.00    2.00 v input external delay
     1    0.00    0.01    0.00    2.00 v control[2] (in)
                                         control[2] (net)
                  0.01    0.00    2.00 v input11/A (sky130_fd_sc_hd__clkbuf_4)
     9    0.04    0.08    0.18    2.18 v input11/X (sky130_fd_sc_hd__clkbuf_4)
                                         net11 (net)
                  0.08    0.00    2.18 v _136_/A (sky130_fd_sc_hd__inv_4)
     2    0.01    0.03    0.06    2.25 ^ _136_/Y (sky130_fd_sc_hd__inv_4)
                                         _053_ (net)
                  0.03    0.00    2.25 ^ _139_/B (sky130_fd_sc_hd__nand2_1)
     3    0.01    0.11    0.11    2.35 v _139_/Y (sky130_fd_sc_hd__nand2_1)
                                         _056_ (net)
                  0.11    0.00    2.35 v _143_/B (sky130_fd_sc_hd__nor2_1)
     4    0.02    0.33    0.31    2.66 ^ _143_/Y (sky130_fd_sc_hd__nor2_1)
                                         _060_ (net)
                  0.33    0.00    2.66 ^ _144_/A (sky130_fd_sc_hd__inv_2)
     3    0.01    0.07    0.09    2.74 v _144_/Y (sky130_fd_sc_hd__inv_2)
                                         _061_ (net)
                  0.07    0.00    2.74 v _145_/B (sky130_fd_sc_hd__or2_1)
     1    0.00    0.05    0.22    2.97 v _145_/X (sky130_fd_sc_hd__or2_1)
                                         _062_ (net)
                  0.05    0.00    2.97 v _146_/C (sky130_fd_sc_hd__nand3_1)
     2    0.00    0.08    0.10    3.06 ^ _146_/Y (sky130_fd_sc_hd__nand3_1)
                                         _113_ (net)
                  0.08    0.00    3.06 ^ _223_/A (sky130_fd_sc_hd__nor2_1)
     1    0.00    0.03    0.06    3.12 v _223_/Y (sky130_fd_sc_hd__nor2_1)
                                         _025_ (net)
                  0.03    0.00    3.12 v _224_/A (sky130_fd_sc_hd__nand2_1)
     1    0.00    0.05    0.06    3.17 ^ _224_/Y (sky130_fd_sc_hd__nand2_1)
                                         _026_ (net)
                  0.05    0.00    3.17 ^ _225_/A (sky130_fd_sc_hd__nor2_1)
     1    0.00    0.04    0.04    3.21 v _225_/Y (sky130_fd_sc_hd__nor2_1)
                                         _000_ (net)
                  0.04    0.00    3.21 v _239_/D (sky130_fd_sc_hd__dfxtp_1)
                                  3.21   data arrival time

                  0.15   10.00   10.00   clock clk (rise edge)
                          0.00   10.00   clock network delay (ideal)
                         -0.25    9.75   clock uncertainty
                          0.00    9.75   clock reconvergence pessimism
                                  9.75 ^ _239_/CLK (sky130_fd_sc_hd__dfxtp_1)
                         -0.08    9.67   library setup time
                                  9.67   data required time
-----------------------------------------------------------------------------
                                  9.67   data required time
                                 -3.21   data arrival time
-----------------------------------------------------------------------------
                                  6.45   slack (MET)




===========================================================================
report_checks --slack_max -0.01
============================================================================
======================= Fastest Corner ===================================

No paths found.

======================= Slowest Corner ===================================

No paths found.

======================= Typical Corner ===================================

No paths found.


===========================================================================
 report_check_types -max_slew -max_cap -max_fanout -violators
============================================================================
======================= Fastest Corner ===================================


max slew violations count Fastest: 0
max fanout violations count Fastest: 0
max cap violations count Fastest: 0
======================= Slowest Corner ===================================


max slew violations count Slowest: 0
max fanout violations count Slowest: 0
max cap violations count Slowest: 0
======================= Typical Corner ===================================


max slew violations count Typical: 0
max fanout violations count Typical: 0
max cap violations count Typical: 0

===========================================================================
report_parasitic_annotation -report_unannotated
============================================================================
Found 0 unannotated drivers.
Found 0 partially unannotated drivers.

===========================================================================
max slew violation count 0
max fanout violation count 0
max cap violation count 0
============================================================================

===========================================================================
check_setup -verbose -unconstrained_endpoints -multiple_clock -no_clock -no_input_delay -loops -generated_clocks
===========================================================================
