OpenROAD b16bda7e82721d10566ff7e2b68f1ff0be9f9e38 
Features included (+) or not (-): +Charts +GPU +GUI +Python
This program is licensed under the BSD-3 license. See the LICENSE file for details.
Components of this program may be licensed under more restrictive licenses which must be honored.
define_corners Typical
read_liberty -corner Typical /home/manan/.volare/sky130A/libs.ref/sky130_fd_sc_hd/lib/sky130_fd_sc_hd__tt_025C_1v80.lib
Using 1e-12 for capacitance...
Using 1e+03 for resistance...
Using 1e-09 for time...
Using 1e+00 for voltage...
Using 1e-03 for current...
Using 1e-09 for power...
Using 1e-06 for distance...
[INFO]: Reading ODB at '/openlane/designs/alu4bit/runs/Final/tmp/placement/10-global.odb'…
Reading design constraints file at '/openlane/scripts/base.sdc'…
[INFO]: Setting output delay to: 2.0
[INFO]: Setting input delay to: 2.0
[INFO]: Setting load to: 0.033442
[INFO]: Setting clock uncertainty to: 0.25
[INFO]: Setting clock transition to: 0.15
[INFO]: Setting timing derate to: 5.0 %
[INFO]: Setting RC values...
min_report

===========================================================================
report_checks -path_delay min (Hold)
============================================================================
======================= Typical Corner ===================================

Startpoint: _234_ (rising edge-triggered flip-flop clocked by clk)
Endpoint: _234_ (rising edge-triggered flip-flop clocked by clk)
Path Group: clk
Path Type: min

Fanout     Cap    Slew   Delay    Time   Description
-----------------------------------------------------------------------------
                  0.15    0.00    0.00   clock clk (rise edge)
                          0.00    0.00   clock network delay (ideal)
                  0.15    0.00    0.00 ^ _234_/CLK (sky130_fd_sc_hd__dfxtp_2)
     2    0.04    0.10    0.39    0.39 v _234_/Q (sky130_fd_sc_hd__dfxtp_2)
                                         carry_out (net)
                  0.10    0.00    0.39 v _232_/A (sky130_fd_sc_hd__nor2_2)
     1    0.01    0.13    0.15    0.55 ^ _232_/Y (sky130_fd_sc_hd__nor2_2)
                                         _033_ (net)
                  0.13    0.00    0.55 ^ _233_/B1 (sky130_fd_sc_hd__a31oi_4)
     1    0.00    0.04    0.03    0.58 v _233_/Y (sky130_fd_sc_hd__a31oi_4)
                                         _001_ (net)
                  0.04    0.00    0.58 v _234_/D (sky130_fd_sc_hd__dfxtp_2)
                                  0.58   data arrival time

                  0.15    0.00    0.00   clock clk (rise edge)
                          0.00    0.00   clock network delay (ideal)
                          0.25    0.25   clock uncertainty
                          0.00    0.25   clock reconvergence pessimism
                                  0.25 ^ _234_/CLK (sky130_fd_sc_hd__dfxtp_2)
                         -0.02    0.23   library hold time
                                  0.23   data required time
-----------------------------------------------------------------------------
                                  0.23   data required time
                                 -0.58   data arrival time
-----------------------------------------------------------------------------
                                  0.35   slack (MET)


Startpoint: b[1] (input port clocked by clk)
Endpoint: _236_ (rising edge-triggered flip-flop clocked by clk)
Path Group: clk
Path Type: min

Fanout     Cap    Slew   Delay    Time   Description
-----------------------------------------------------------------------------
                  0.15    0.00    0.00   clock clk (rise edge)
                          0.00    0.00   clock network delay (ideal)
                          2.00    2.00 v input external delay
     3    0.01    0.03    0.02    2.02 v b[1] (in)
                                         b[1] (net)
                  0.03    0.00    2.02 v _149_/B (sky130_fd_sc_hd__nand2_2)
     5    0.03    0.16    0.14    2.16 ^ _149_/Y (sky130_fd_sc_hd__nand2_2)
                                         _065_ (net)
                  0.16    0.00    2.16 ^ _168_/A2 (sky130_fd_sc_hd__a21oi_2)
     1    0.01    0.03    0.09    2.25 v _168_/Y (sky130_fd_sc_hd__a21oi_2)
                                         _084_ (net)
                  0.03    0.00    2.25 v _172_/B (sky130_fd_sc_hd__nand3_4)
     2    0.01    0.05    0.07    2.32 ^ _172_/Y (sky130_fd_sc_hd__nand3_4)
                                         _114_ (net)
                  0.05    0.00    2.32 ^ _236_/D (sky130_fd_sc_hd__dfxtp_2)
                                  2.32   data arrival time

                  0.15    0.00    0.00   clock clk (rise edge)
                          0.00    0.00   clock network delay (ideal)
                          0.25    0.25   clock uncertainty
                          0.00    0.25   clock reconvergence pessimism
                                  0.25 ^ _236_/CLK (sky130_fd_sc_hd__dfxtp_2)
                         -0.02    0.23   library hold time
                                  0.23   data required time
-----------------------------------------------------------------------------
                                  0.23   data required time
                                 -2.32   data arrival time
-----------------------------------------------------------------------------
                                  2.09   slack (MET)


Startpoint: control[1] (input port clocked by clk)
Endpoint: _238_ (rising edge-triggered flip-flop clocked by clk)
Path Group: clk
Path Type: min

Fanout     Cap    Slew   Delay    Time   Description
-----------------------------------------------------------------------------
                  0.15    0.00    0.00   clock clk (rise edge)
                          0.00    0.00   clock network delay (ideal)
                          2.00    2.00 v input external delay
     2    0.01    0.02    0.01    2.01 v control[1] (in)
                                         control[1] (net)
                  0.02    0.00    2.01 v _215_/B1 (sky130_fd_sc_hd__o2111a_2)
     1    0.00    0.03    0.14    2.15 v _215_/X (sky130_fd_sc_hd__o2111a_2)
                                         _018_ (net)
                  0.03    0.00    2.15 v _216_/B (sky130_fd_sc_hd__nor2_2)
     1    0.01    0.14    0.12    2.27 ^ _216_/Y (sky130_fd_sc_hd__nor2_2)
                                         _019_ (net)
                  0.14    0.00    2.27 ^ _222_/A2 (sky130_fd_sc_hd__a21oi_4)
     2    0.02    0.03    0.09    2.36 v _222_/Y (sky130_fd_sc_hd__a21oi_4)
                                         _116_ (net)
                  0.03    0.00    2.36 v _238_/D (sky130_fd_sc_hd__dfxtp_2)
                                  2.36   data arrival time

                  0.15    0.00    0.00   clock clk (rise edge)
                          0.00    0.00   clock network delay (ideal)
                          0.25    0.25   clock uncertainty
                          0.00    0.25   clock reconvergence pessimism
                                  0.25 ^ _238_/CLK (sky130_fd_sc_hd__dfxtp_2)
                         -0.02    0.23   library hold time
                                  0.23   data required time
-----------------------------------------------------------------------------
                                  0.23   data required time
                                 -2.36   data arrival time
-----------------------------------------------------------------------------
                                  2.13   slack (MET)


Startpoint: a[0] (input port clocked by clk)
Endpoint: _235_ (rising edge-triggered flip-flop clocked by clk)
Path Group: clk
Path Type: min

Fanout     Cap    Slew   Delay    Time   Description
-----------------------------------------------------------------------------
                  0.15    0.00    0.00   clock clk (rise edge)
                          0.00    0.00   clock network delay (ideal)
                          2.00    2.00 v input external delay
     3    0.01    0.03    0.02    2.02 v a[0] (in)
                                         a[0] (net)
                  0.03    0.00    2.02 v _118_/A (sky130_fd_sc_hd__nand2_2)
     6    0.03    0.14    0.12    2.14 ^ _118_/Y (sky130_fd_sc_hd__nand2_2)
                                         _035_ (net)
                  0.14    0.00    2.14 ^ _131_/B (sky130_fd_sc_hd__nand2_2)
     1    0.00    0.04    0.06    2.20 v _131_/Y (sky130_fd_sc_hd__nand2_2)
                                         _048_ (net)
                  0.04    0.00    2.20 v _132_/B1 (sky130_fd_sc_hd__o21ai_2)
     1    0.01    0.08    0.07    2.27 ^ _132_/Y (sky130_fd_sc_hd__o21ai_2)
                                         _049_ (net)
                  0.08    0.00    2.27 ^ _133_/B (sky130_fd_sc_hd__nor2_4)
     1    0.01    0.03    0.04    2.31 v _133_/Y (sky130_fd_sc_hd__nor2_4)
                                         _050_ (net)
                  0.03    0.00    2.31 v _146_/A (sky130_fd_sc_hd__nand3_4)
     2    0.01    0.05    0.05    2.36 ^ _146_/Y (sky130_fd_sc_hd__nand3_4)
                                         _113_ (net)
                  0.05    0.00    2.36 ^ _235_/D (sky130_fd_sc_hd__dfxtp_2)
                                  2.36   data arrival time

                  0.15    0.00    0.00   clock clk (rise edge)
                          0.00    0.00   clock network delay (ideal)
                          0.25    0.25   clock uncertainty
                          0.00    0.25   clock reconvergence pessimism
                                  0.25 ^ _235_/CLK (sky130_fd_sc_hd__dfxtp_2)
                         -0.02    0.23   library hold time
                                  0.23   data required time
-----------------------------------------------------------------------------
                                  0.23   data required time
                                 -2.36   data arrival time
-----------------------------------------------------------------------------
                                  2.13   slack (MET)


Startpoint: _237_ (rising edge-triggered flip-flop clocked by clk)
Endpoint: result[2] (output port clocked by clk)
Path Group: clk
Path Type: min

Fanout     Cap    Slew   Delay    Time   Description
-----------------------------------------------------------------------------
                  0.15    0.00    0.00   clock clk (rise edge)
                          0.00    0.00   clock network delay (ideal)
                  0.15    0.00    0.00 ^ _237_/CLK (sky130_fd_sc_hd__dfxtp_2)
     1    0.03    0.09    0.39    0.39 v _237_/Q (sky130_fd_sc_hd__dfxtp_2)
                                         result[2] (net)
                  0.09    0.00    0.39 v result[2] (out)
                                  0.39   data arrival time

                  0.15    0.00    0.00   clock clk (rise edge)
                          0.00    0.00   clock network delay (ideal)
                          0.25    0.25   clock uncertainty
                          0.00    0.25   clock reconvergence pessimism
                         -2.00   -1.75   output external delay
                                 -1.75   data required time
-----------------------------------------------------------------------------
                                 -1.75   data required time
                                 -0.39   data arrival time
-----------------------------------------------------------------------------
                                  2.14   slack (MET)


Startpoint: _236_ (rising edge-triggered flip-flop clocked by clk)
Endpoint: result[1] (output port clocked by clk)
Path Group: clk
Path Type: min

Fanout     Cap    Slew   Delay    Time   Description
-----------------------------------------------------------------------------
                  0.15    0.00    0.00   clock clk (rise edge)
                          0.00    0.00   clock network delay (ideal)
                  0.15    0.00    0.00 ^ _236_/CLK (sky130_fd_sc_hd__dfxtp_2)
     1    0.03    0.09    0.39    0.39 v _236_/Q (sky130_fd_sc_hd__dfxtp_2)
                                         result[1] (net)
                  0.09    0.00    0.39 v result[1] (out)
                                  0.39   data arrival time

                  0.15    0.00    0.00   clock clk (rise edge)
                          0.00    0.00   clock network delay (ideal)
                          0.25    0.25   clock uncertainty
                          0.00    0.25   clock reconvergence pessimism
                         -2.00   -1.75   output external delay
                                 -1.75   data required time
-----------------------------------------------------------------------------
                                 -1.75   data required time
                                 -0.39   data arrival time
-----------------------------------------------------------------------------
                                  2.14   slack (MET)


Startpoint: _239_ (rising edge-triggered flip-flop clocked by clk)
Endpoint: zero (output port clocked by clk)
Path Group: clk
Path Type: min

Fanout     Cap    Slew   Delay    Time   Description
-----------------------------------------------------------------------------
                  0.15    0.00    0.00   clock clk (rise edge)
                          0.00    0.00   clock network delay (ideal)
                  0.15    0.00    0.00 ^ _239_/CLK (sky130_fd_sc_hd__dfxtp_2)
     1    0.03    0.09    0.39    0.39 v _239_/Q (sky130_fd_sc_hd__dfxtp_2)
                                         zero (net)
                  0.09    0.00    0.39 v zero (out)
                                  0.39   data arrival time

                  0.15    0.00    0.00   clock clk (rise edge)
                          0.00    0.00   clock network delay (ideal)
                          0.25    0.25   clock uncertainty
                          0.00    0.25   clock reconvergence pessimism
                         -2.00   -1.75   output external delay
                                 -1.75   data required time
-----------------------------------------------------------------------------
                                 -1.75   data required time
                                 -0.39   data arrival time
-----------------------------------------------------------------------------
                                  2.14   slack (MET)


Startpoint: _238_ (rising edge-triggered flip-flop clocked by clk)
Endpoint: result[3] (output port clocked by clk)
Path Group: clk
Path Type: min

Fanout     Cap    Slew   Delay    Time   Description
-----------------------------------------------------------------------------
                  0.15    0.00    0.00   clock clk (rise edge)
                          0.00    0.00   clock network delay (ideal)
                  0.15    0.00    0.00 ^ _238_/CLK (sky130_fd_sc_hd__dfxtp_2)
     1    0.03    0.09    0.39    0.39 v _238_/Q (sky130_fd_sc_hd__dfxtp_2)
                                         result[3] (net)
                  0.09    0.00    0.39 v result[3] (out)
                                  0.39   data arrival time

                  0.15    0.00    0.00   clock clk (rise edge)
                          0.00    0.00   clock network delay (ideal)
                          0.25    0.25   clock uncertainty
                          0.00    0.25   clock reconvergence pessimism
                         -2.00   -1.75   output external delay
                                 -1.75   data required time
-----------------------------------------------------------------------------
                                 -1.75   data required time
                                 -0.39   data arrival time
-----------------------------------------------------------------------------
                                  2.14   slack (MET)


Startpoint: _235_ (rising edge-triggered flip-flop clocked by clk)
Endpoint: result[0] (output port clocked by clk)
Path Group: clk
Path Type: min

Fanout     Cap    Slew   Delay    Time   Description
-----------------------------------------------------------------------------
                  0.15    0.00    0.00   clock clk (rise edge)
                          0.00    0.00   clock network delay (ideal)
                  0.15    0.00    0.00 ^ _235_/CLK (sky130_fd_sc_hd__dfxtp_2)
     1    0.03    0.09    0.39    0.39 v _235_/Q (sky130_fd_sc_hd__dfxtp_2)
                                         result[0] (net)
                  0.09    0.00    0.39 v result[0] (out)
                                  0.39   data arrival time

                  0.15    0.00    0.00   clock clk (rise edge)
                          0.00    0.00   clock network delay (ideal)
                          0.25    0.25   clock uncertainty
                          0.00    0.25   clock reconvergence pessimism
                         -2.00   -1.75   output external delay
                                 -1.75   data required time
-----------------------------------------------------------------------------
                                 -1.75   data required time
                                 -0.39   data arrival time
-----------------------------------------------------------------------------
                                  2.14   slack (MET)


Startpoint: _234_ (rising edge-triggered flip-flop clocked by clk)
Endpoint: carry_out (output port clocked by clk)
Path Group: clk
Path Type: min

Fanout     Cap    Slew   Delay    Time   Description
-----------------------------------------------------------------------------
                  0.15    0.00    0.00   clock clk (rise edge)
                          0.00    0.00   clock network delay (ideal)
                  0.15    0.00    0.00 ^ _234_/CLK (sky130_fd_sc_hd__dfxtp_2)
     2    0.04    0.10    0.39    0.39 v _234_/Q (sky130_fd_sc_hd__dfxtp_2)
                                         carry_out (net)
                  0.10    0.00    0.39 v carry_out (out)
                                  0.39   data arrival time

                  0.15    0.00    0.00   clock clk (rise edge)
                          0.00    0.00   clock network delay (ideal)
                          0.25    0.25   clock uncertainty
                          0.00    0.25   clock reconvergence pessimism
                         -2.00   -1.75   output external delay
                                 -1.75   data required time
-----------------------------------------------------------------------------
                                 -1.75   data required time
                                 -0.39   data arrival time
-----------------------------------------------------------------------------
                                  2.14   slack (MET)


Startpoint: a[1] (input port clocked by clk)
Endpoint: _237_ (rising edge-triggered flip-flop clocked by clk)
Path Group: clk
Path Type: min

Fanout     Cap    Slew   Delay    Time   Description
-----------------------------------------------------------------------------
                  0.15    0.00    0.00   clock clk (rise edge)
                          0.00    0.00   clock network delay (ideal)
                          2.00    2.00 v input external delay
     4    0.02    0.04    0.03    2.03 v a[1] (in)
                                         a[1] (net)
                  0.04    0.00    2.03 v _191_/B (sky130_fd_sc_hd__nand2_2)
     2    0.01    0.06    0.08    2.11 ^ _191_/Y (sky130_fd_sc_hd__nand2_2)
                                         _106_ (net)
                  0.06    0.00    2.11 ^ _194_/C (sky130_fd_sc_hd__nand3_2)
     1    0.00    0.05    0.07    2.18 v _194_/Y (sky130_fd_sc_hd__nand3_2)
                                         _109_ (net)
                  0.05    0.00    2.18 v _195_/B (sky130_fd_sc_hd__nand3_2)
     1    0.00    0.04    0.07    2.24 ^ _195_/Y (sky130_fd_sc_hd__nand3_2)
                                         _110_ (net)
                  0.04    0.00    2.24 ^ _196_/B (sky130_fd_sc_hd__nand2_2)
     1    0.00    0.03    0.04    2.29 v _196_/Y (sky130_fd_sc_hd__nand2_2)
                                         _111_ (net)
                  0.03    0.00    2.29 v _197_/B (sky130_fd_sc_hd__nand2_2)
     2    0.01    0.08    0.09    2.37 ^ _197_/Y (sky130_fd_sc_hd__nand2_2)
                                         _112_ (net)
                  0.08    0.00    2.37 ^ _198_/A (sky130_fd_sc_hd__inv_2)
     1    0.00    0.02    0.03    2.40 v _198_/Y (sky130_fd_sc_hd__inv_2)
                                         _115_ (net)
                  0.02    0.00    2.40 v _237_/D (sky130_fd_sc_hd__dfxtp_2)
                                  2.40   data arrival time

                  0.15    0.00    0.00   clock clk (rise edge)
                          0.00    0.00   clock network delay (ideal)
                          0.25    0.25   clock uncertainty
                          0.00    0.25   clock reconvergence pessimism
                                  0.25 ^ _237_/CLK (sky130_fd_sc_hd__dfxtp_2)
                         -0.01    0.24   library hold time
                                  0.24   data required time
-----------------------------------------------------------------------------
                                  0.24   data required time
                                 -2.40   data arrival time
-----------------------------------------------------------------------------
                                  2.16   slack (MET)


Startpoint: control[1] (input port clocked by clk)
Endpoint: _239_ (rising edge-triggered flip-flop clocked by clk)
Path Group: clk
Path Type: min

Fanout     Cap    Slew   Delay    Time   Description
-----------------------------------------------------------------------------
                  0.15    0.00    0.00   clock clk (rise edge)
                          0.00    0.00   clock network delay (ideal)
                          2.00    2.00 v input external delay
     2    0.01    0.02    0.01    2.01 v control[1] (in)
                                         control[1] (net)
                  0.02    0.00    2.01 v _215_/B1 (sky130_fd_sc_hd__o2111a_2)
     1    0.00    0.03    0.14    2.15 v _215_/X (sky130_fd_sc_hd__o2111a_2)
                                         _018_ (net)
                  0.03    0.00    2.15 v _216_/B (sky130_fd_sc_hd__nor2_2)
     1    0.01    0.14    0.12    2.27 ^ _216_/Y (sky130_fd_sc_hd__nor2_2)
                                         _019_ (net)
                  0.14    0.00    2.27 ^ _222_/A2 (sky130_fd_sc_hd__a21oi_4)
     2    0.02    0.03    0.09    2.36 v _222_/Y (sky130_fd_sc_hd__a21oi_4)
                                         _116_ (net)
                  0.03    0.00    2.36 v _225_/B (sky130_fd_sc_hd__nor2_8)
     1    0.00    0.05    0.05    2.41 ^ _225_/Y (sky130_fd_sc_hd__nor2_8)
                                         _000_ (net)
                  0.05    0.00    2.41 ^ _239_/D (sky130_fd_sc_hd__dfxtp_2)
                                  2.41   data arrival time

                  0.15    0.00    0.00   clock clk (rise edge)
                          0.00    0.00   clock network delay (ideal)
                          0.25    0.25   clock uncertainty
                          0.00    0.25   clock reconvergence pessimism
                                  0.25 ^ _239_/CLK (sky130_fd_sc_hd__dfxtp_2)
                         -0.02    0.23   library hold time
                                  0.23   data required time
-----------------------------------------------------------------------------
                                  0.23   data required time
                                 -2.41   data arrival time
-----------------------------------------------------------------------------
                                  2.18   slack (MET)



worst slack corner Typical: 0.3476
min_report_end
max_report

===========================================================================
report_checks -path_delay max (Setup)
============================================================================
======================= Typical Corner ===================================

Startpoint: control[1] (input port clocked by clk)
Endpoint: _239_ (rising edge-triggered flip-flop clocked by clk)
Path Group: clk
Path Type: max

Fanout     Cap    Slew   Delay    Time   Description
-----------------------------------------------------------------------------
                  0.15    0.00    0.00   clock clk (rise edge)
                          0.00    0.00   clock network delay (ideal)
                          2.00    2.00 v input external delay
     2    0.01    0.02    0.01    2.01 v control[1] (in)
                                         control[1] (net)
                  0.02    0.00    2.01 v _120_/A (sky130_fd_sc_hd__inv_2)
     6    0.03    0.15    0.13    2.15 ^ _120_/Y (sky130_fd_sc_hd__inv_2)
                                         _037_ (net)
                  0.15    0.00    2.15 ^ _139_/A (sky130_fd_sc_hd__nand2_4)
     3    0.01    0.06    0.08    2.23 v _139_/Y (sky130_fd_sc_hd__nand2_4)
                                         _056_ (net)
                  0.06    0.00    2.23 v _143_/B (sky130_fd_sc_hd__nor2_2)
     4    0.02    0.25    0.23    2.46 ^ _143_/Y (sky130_fd_sc_hd__nor2_2)
                                         _060_ (net)
                  0.25    0.00    2.46 ^ _144_/A (sky130_fd_sc_hd__inv_2)
     3    0.01    0.06    0.08    2.54 v _144_/Y (sky130_fd_sc_hd__inv_2)
                                         _061_ (net)
                  0.06    0.00    2.54 v _145_/B (sky130_fd_sc_hd__or2_4)
     1    0.01    0.05    0.25    2.79 v _145_/X (sky130_fd_sc_hd__or2_4)
                                         _062_ (net)
                  0.05    0.00    2.79 v _146_/C (sky130_fd_sc_hd__nand3_4)
     2    0.01    0.07    0.09    2.88 ^ _146_/Y (sky130_fd_sc_hd__nand3_4)
                                         _113_ (net)
                  0.07    0.00    2.88 ^ _223_/A (sky130_fd_sc_hd__nor2_4)
     1    0.01    0.03    0.05    2.93 v _223_/Y (sky130_fd_sc_hd__nor2_4)
                                         _025_ (net)
                  0.03    0.00    2.93 v _224_/A (sky130_fd_sc_hd__nand2_4)
     1    0.02    0.07    0.07    3.00 ^ _224_/Y (sky130_fd_sc_hd__nand2_4)
                                         _026_ (net)
                  0.07    0.00    3.00 ^ _225_/A (sky130_fd_sc_hd__nor2_8)
     1    0.00    0.03    0.04    3.04 v _225_/Y (sky130_fd_sc_hd__nor2_8)
                                         _000_ (net)
                  0.03    0.00    3.04 v _239_/D (sky130_fd_sc_hd__dfxtp_2)
                                  3.04   data arrival time

                  0.15   10.00   10.00   clock clk (rise edge)
                          0.00   10.00   clock network delay (ideal)
                         -0.25    9.75   clock uncertainty
                          0.00    9.75   clock reconvergence pessimism
                                  9.75 ^ _239_/CLK (sky130_fd_sc_hd__dfxtp_2)
                         -0.08    9.67   library setup time
                                  9.67   data required time
-----------------------------------------------------------------------------
                                  9.67   data required time
                                 -3.04   data arrival time
-----------------------------------------------------------------------------
                                  6.62   slack (MET)


Startpoint: a[2] (input port clocked by clk)
Endpoint: _237_ (rising edge-triggered flip-flop clocked by clk)
Path Group: clk
Path Type: max

Fanout     Cap    Slew   Delay    Time   Description
-----------------------------------------------------------------------------
                  0.15    0.00    0.00   clock clk (rise edge)
                          0.00    0.00   clock network delay (ideal)
                          2.00    2.00 v input external delay
     3    0.01    0.03    0.02    2.02 v a[2] (in)
                                         a[2] (net)
                  0.03    0.00    2.02 v _173_/A (sky130_fd_sc_hd__nor2_2)
     2    0.01    0.13    0.15    2.16 ^ _173_/Y (sky130_fd_sc_hd__nor2_2)
                                         _088_ (net)
                  0.13    0.00    2.16 ^ _174_/A (sky130_fd_sc_hd__inv_2)
     2    0.01    0.05    0.07    2.24 v _174_/Y (sky130_fd_sc_hd__inv_2)
                                         _089_ (net)
                  0.05    0.00    2.24 v _176_/A (sky130_fd_sc_hd__nand2_4)
     4    0.02    0.08    0.09    2.32 ^ _176_/Y (sky130_fd_sc_hd__nand2_4)
                                         _091_ (net)
                  0.08    0.00    2.32 ^ _177_/A (sky130_fd_sc_hd__inv_2)
     3    0.01    0.04    0.05    2.38 v _177_/Y (sky130_fd_sc_hd__inv_2)
                                         _092_ (net)
                  0.04    0.00    2.38 v _179_/A (sky130_fd_sc_hd__or2_4)
     1    0.00    0.04    0.24    2.62 v _179_/X (sky130_fd_sc_hd__or2_4)
                                         _094_ (net)
                  0.04    0.00    2.62 v _181_/A1 (sky130_fd_sc_hd__a21o_2)
     1    0.00    0.04    0.20    2.82 v _181_/X (sky130_fd_sc_hd__a21o_2)
                                         _096_ (net)
                  0.04    0.00    2.82 v _197_/A (sky130_fd_sc_hd__nand2_2)
     2    0.01    0.09    0.09    2.91 ^ _197_/Y (sky130_fd_sc_hd__nand2_2)
                                         _112_ (net)
                  0.09    0.00    2.91 ^ _198_/A (sky130_fd_sc_hd__inv_2)
     1    0.00    0.02    0.03    2.94 v _198_/Y (sky130_fd_sc_hd__inv_2)
                                         _115_ (net)
                  0.02    0.00    2.94 v _237_/D (sky130_fd_sc_hd__dfxtp_2)
                                  2.94   data arrival time

                  0.15   10.00   10.00   clock clk (rise edge)
                          0.00   10.00   clock network delay (ideal)
                         -0.25    9.75   clock uncertainty
                          0.00    9.75   clock reconvergence pessimism
                                  9.75 ^ _237_/CLK (sky130_fd_sc_hd__dfxtp_2)
                         -0.08    9.67   library setup time
                                  9.67   data required time
-----------------------------------------------------------------------------
                                  9.67   data required time
                                 -2.94   data arrival time
-----------------------------------------------------------------------------
                                  6.73   slack (MET)


Startpoint: a[1] (input port clocked by clk)
Endpoint: _238_ (rising edge-triggered flip-flop clocked by clk)
Path Group: clk
Path Type: max

Fanout     Cap    Slew   Delay    Time   Description
-----------------------------------------------------------------------------
                  0.15    0.00    0.00   clock clk (rise edge)
                          0.00    0.00   clock network delay (ideal)
                          2.00    2.00 v input external delay
     4    0.02    0.04    0.03    2.03 v a[1] (in)
                                         a[1] (net)
                  0.04    0.00    2.03 v _149_/A (sky130_fd_sc_hd__nand2_2)
     5    0.03    0.16    0.15    2.18 ^ _149_/Y (sky130_fd_sc_hd__nand2_2)
                                         _065_ (net)
                  0.16    0.00    2.18 ^ _154_/B (sky130_fd_sc_hd__nand2_4)
     4    0.02    0.06    0.10    2.28 v _154_/Y (sky130_fd_sc_hd__nand2_4)
                                         _070_ (net)
                  0.06    0.00    2.28 v _155_/A (sky130_fd_sc_hd__nand2_4)
     3    0.02    0.06    0.08    2.36 ^ _155_/Y (sky130_fd_sc_hd__nand2_4)
                                         _071_ (net)
                  0.06    0.00    2.36 ^ _192_/A (sky130_fd_sc_hd__nand2_2)
     1    0.00    0.03    0.05    2.41 v _192_/Y (sky130_fd_sc_hd__nand2_2)
                                         _107_ (net)
                  0.03    0.00    2.41 v _193_/A (sky130_fd_sc_hd__nand2_2)
     3    0.01    0.09    0.09    2.50 ^ _193_/Y (sky130_fd_sc_hd__nand2_2)
                                         _108_ (net)
                  0.09    0.00    2.50 ^ _200_/A (sky130_fd_sc_hd__nand2_2)
     1    0.00    0.04    0.06    2.55 v _200_/Y (sky130_fd_sc_hd__nand2_2)
                                         _003_ (net)
                  0.04    0.00    2.55 v _206_/A (sky130_fd_sc_hd__nand2_2)
     2    0.01    0.07    0.07    2.62 ^ _206_/Y (sky130_fd_sc_hd__nand2_2)
                                         _009_ (net)
                  0.07    0.00    2.62 ^ _209_/A (sky130_fd_sc_hd__nand3_2)
     1    0.01    0.09    0.08    2.71 v _209_/Y (sky130_fd_sc_hd__nand3_2)
                                         _012_ (net)
                  0.09    0.00    2.71 v _222_/A1 (sky130_fd_sc_hd__a21oi_4)
     2    0.02    0.19    0.22    2.92 ^ _222_/Y (sky130_fd_sc_hd__a21oi_4)
                                         _116_ (net)
                  0.19    0.00    2.92 ^ _238_/D (sky130_fd_sc_hd__dfxtp_2)
                                  2.92   data arrival time

                  0.15   10.00   10.00   clock clk (rise edge)
                          0.00   10.00   clock network delay (ideal)
                         -0.25    9.75   clock uncertainty
                          0.00    9.75   clock reconvergence pessimism
                                  9.75 ^ _238_/CLK (sky130_fd_sc_hd__dfxtp_2)
                         -0.08    9.67   library setup time
                                  9.67   data required time
-----------------------------------------------------------------------------
                                  9.67   data required time
                                 -2.92   data arrival time
-----------------------------------------------------------------------------
                                  6.75   slack (MET)


Startpoint: control[1] (input port clocked by clk)
Endpoint: _235_ (rising edge-triggered flip-flop clocked by clk)
Path Group: clk
Path Type: max

Fanout     Cap    Slew   Delay    Time   Description
-----------------------------------------------------------------------------
                  0.15    0.00    0.00   clock clk (rise edge)
                          0.00    0.00   clock network delay (ideal)
                          2.00    2.00 v input external delay
     2    0.01    0.02    0.01    2.01 v control[1] (in)
                                         control[1] (net)
                  0.02    0.00    2.01 v _120_/A (sky130_fd_sc_hd__inv_2)
     6    0.03    0.15    0.13    2.15 ^ _120_/Y (sky130_fd_sc_hd__inv_2)
                                         _037_ (net)
                  0.15    0.00    2.15 ^ _139_/A (sky130_fd_sc_hd__nand2_4)
     3    0.01    0.06    0.08    2.23 v _139_/Y (sky130_fd_sc_hd__nand2_4)
                                         _056_ (net)
                  0.06    0.00    2.23 v _143_/B (sky130_fd_sc_hd__nor2_2)
     4    0.02    0.25    0.23    2.46 ^ _143_/Y (sky130_fd_sc_hd__nor2_2)
                                         _060_ (net)
                  0.25    0.00    2.46 ^ _144_/A (sky130_fd_sc_hd__inv_2)
     3    0.01    0.06    0.08    2.54 v _144_/Y (sky130_fd_sc_hd__inv_2)
                                         _061_ (net)
                  0.06    0.00    2.54 v _145_/B (sky130_fd_sc_hd__or2_4)
     1    0.01    0.05    0.25    2.79 v _145_/X (sky130_fd_sc_hd__or2_4)
                                         _062_ (net)
                  0.05    0.00    2.79 v _146_/C (sky130_fd_sc_hd__nand3_4)
     2    0.01    0.07    0.09    2.88 ^ _146_/Y (sky130_fd_sc_hd__nand3_4)
                                         _113_ (net)
                  0.07    0.00    2.88 ^ _235_/D (sky130_fd_sc_hd__dfxtp_2)
                                  2.88   data arrival time

                  0.15   10.00   10.00   clock clk (rise edge)
                          0.00   10.00   clock network delay (ideal)
                         -0.25    9.75   clock uncertainty
                          0.00    9.75   clock reconvergence pessimism
                                  9.75 ^ _235_/CLK (sky130_fd_sc_hd__dfxtp_2)
                         -0.05    9.70   library setup time
                                  9.70   data required time
-----------------------------------------------------------------------------
                                  9.70   data required time
                                 -2.88   data arrival time
-----------------------------------------------------------------------------
                                  6.82   slack (MET)


Startpoint: a[1] (input port clocked by clk)
Endpoint: _234_ (rising edge-triggered flip-flop clocked by clk)
Path Group: clk
Path Type: max

Fanout     Cap    Slew   Delay    Time   Description
-----------------------------------------------------------------------------
                  0.15    0.00    0.00   clock clk (rise edge)
                          0.00    0.00   clock network delay (ideal)
                          2.00    2.00 v input external delay
     4    0.02    0.04    0.03    2.03 v a[1] (in)
                                         a[1] (net)
                  0.04    0.00    2.03 v _149_/A (sky130_fd_sc_hd__nand2_2)
     5    0.03    0.16    0.15    2.18 ^ _149_/Y (sky130_fd_sc_hd__nand2_2)
                                         _065_ (net)
                  0.16    0.00    2.18 ^ _154_/B (sky130_fd_sc_hd__nand2_4)
     4    0.02    0.06    0.10    2.28 v _154_/Y (sky130_fd_sc_hd__nand2_4)
                                         _070_ (net)
                  0.06    0.00    2.28 v _155_/A (sky130_fd_sc_hd__nand2_4)
     3    0.02    0.06    0.08    2.36 ^ _155_/Y (sky130_fd_sc_hd__nand2_4)
                                         _071_ (net)
                  0.06    0.00    2.36 ^ _192_/A (sky130_fd_sc_hd__nand2_2)
     1    0.00    0.03    0.05    2.41 v _192_/Y (sky130_fd_sc_hd__nand2_2)
                                         _107_ (net)
                  0.03    0.00    2.41 v _193_/A (sky130_fd_sc_hd__nand2_2)
     3    0.01    0.09    0.09    2.50 ^ _193_/Y (sky130_fd_sc_hd__nand2_2)
                                         _108_ (net)
                  0.09    0.00    2.50 ^ _200_/A (sky130_fd_sc_hd__nand2_2)
     1    0.00    0.04    0.06    2.55 v _200_/Y (sky130_fd_sc_hd__nand2_2)
                                         _003_ (net)
                  0.04    0.00    2.55 v _206_/A (sky130_fd_sc_hd__nand2_2)
     2    0.01    0.07    0.07    2.62 ^ _206_/Y (sky130_fd_sc_hd__nand2_2)
                                         _009_ (net)
                  0.07    0.00    2.62 ^ _227_/A (sky130_fd_sc_hd__nand3_2)
     1    0.01    0.09    0.08    2.71 v _227_/Y (sky130_fd_sc_hd__nand3_2)
                                         _028_ (net)
                  0.09    0.00    2.71 v _233_/A1 (sky130_fd_sc_hd__a31oi_4)
     1    0.00    0.10    0.13    2.84 ^ _233_/Y (sky130_fd_sc_hd__a31oi_4)
                                         _001_ (net)
                  0.10    0.00    2.84 ^ _234_/D (sky130_fd_sc_hd__dfxtp_2)
                                  2.84   data arrival time

                  0.15   10.00   10.00   clock clk (rise edge)
                          0.00   10.00   clock network delay (ideal)
                         -0.25    9.75   clock uncertainty
                          0.00    9.75   clock reconvergence pessimism
                                  9.75 ^ _234_/CLK (sky130_fd_sc_hd__dfxtp_2)
                         -0.06    9.69   library setup time
                                  9.69   data required time
-----------------------------------------------------------------------------
                                  9.69   data required time
                                 -2.84   data arrival time
-----------------------------------------------------------------------------
                                  6.85   slack (MET)


Startpoint: control[2] (input port clocked by clk)
Endpoint: _236_ (rising edge-triggered flip-flop clocked by clk)
Path Group: clk
Path Type: max

Fanout     Cap    Slew   Delay    Time   Description
-----------------------------------------------------------------------------
                  0.15    0.00    0.00   clock clk (rise edge)
                          0.00    0.00   clock network delay (ideal)
                          2.00    2.00 ^ input external delay
     9    0.05    0.22    0.16    2.16 ^ control[2] (in)
                                         control[2] (net)
                  0.22    0.00    2.16 ^ _134_/A (sky130_fd_sc_hd__nor2_2)
     4    0.02    0.08    0.12    2.28 v _134_/Y (sky130_fd_sc_hd__nor2_2)
                                         _051_ (net)
                  0.08    0.00    2.28 v _135_/A (sky130_fd_sc_hd__nand2_2)
     2    0.01    0.07    0.10    2.37 ^ _135_/Y (sky130_fd_sc_hd__nand2_2)
                                         _052_ (net)
                  0.07    0.00    2.37 ^ _158_/B (sky130_fd_sc_hd__nor2_2)
     1    0.00    0.05    0.04    2.42 v _158_/Y (sky130_fd_sc_hd__nor2_2)
                                         _074_ (net)
                  0.05    0.00    2.42 v _161_/A (sky130_fd_sc_hd__nor2_2)
     1    0.01    0.09    0.12    2.54 ^ _161_/Y (sky130_fd_sc_hd__nor2_2)
                                         _077_ (net)
                  0.09    0.00    2.54 ^ _162_/B (sky130_fd_sc_hd__nand2_2)
     1    0.00    0.03    0.06    2.60 v _162_/Y (sky130_fd_sc_hd__nand2_2)
                                         _078_ (net)
                  0.03    0.00    2.60 v _163_/A (sky130_fd_sc_hd__inv_2)
     1    0.01    0.05    0.06    2.65 ^ _163_/Y (sky130_fd_sc_hd__inv_2)
                                         _079_ (net)
                  0.05    0.00    2.65 ^ _172_/A (sky130_fd_sc_hd__nand3_4)
     2    0.01    0.07    0.07    2.72 v _172_/Y (sky130_fd_sc_hd__nand3_4)
                                         _114_ (net)
                  0.07    0.00    2.72 v _236_/D (sky130_fd_sc_hd__dfxtp_2)
                                  2.72   data arrival time

                  0.15   10.00   10.00   clock clk (rise edge)
                          0.00   10.00   clock network delay (ideal)
                         -0.25    9.75   clock uncertainty
                          0.00    9.75   clock reconvergence pessimism
                                  9.75 ^ _236_/CLK (sky130_fd_sc_hd__dfxtp_2)
                         -0.10    9.65   library setup time
                                  9.65   data required time
-----------------------------------------------------------------------------
                                  9.65   data required time
                                 -2.72   data arrival time
-----------------------------------------------------------------------------
                                  6.93   slack (MET)


Startpoint: _234_ (rising edge-triggered flip-flop clocked by clk)
Endpoint: carry_out (output port clocked by clk)
Path Group: clk
Path Type: max

Fanout     Cap    Slew   Delay    Time   Description
-----------------------------------------------------------------------------
                  0.15    0.00    0.00   clock clk (rise edge)
                          0.00    0.00   clock network delay (ideal)
                  0.15    0.00    0.00 ^ _234_/CLK (sky130_fd_sc_hd__dfxtp_2)
     2    0.04    0.20    0.49    0.49 ^ _234_/Q (sky130_fd_sc_hd__dfxtp_2)
                                         carry_out (net)
                  0.20    0.00    0.49 ^ carry_out (out)
                                  0.49   data arrival time

                  0.15   10.00   10.00   clock clk (rise edge)
                          0.00   10.00   clock network delay (ideal)
                         -0.25    9.75   clock uncertainty
                          0.00    9.75   clock reconvergence pessimism
                         -2.00    7.75   output external delay
                                  7.75   data required time
-----------------------------------------------------------------------------
                                  7.75   data required time
                                 -0.49   data arrival time
-----------------------------------------------------------------------------
                                  7.26   slack (MET)


Startpoint: _235_ (rising edge-triggered flip-flop clocked by clk)
Endpoint: result[0] (output port clocked by clk)
Path Group: clk
Path Type: max

Fanout     Cap    Slew   Delay    Time   Description
-----------------------------------------------------------------------------
                  0.15    0.00    0.00   clock clk (rise edge)
                          0.00    0.00   clock network delay (ideal)
                  0.15    0.00    0.00 ^ _235_/CLK (sky130_fd_sc_hd__dfxtp_2)
     1    0.03    0.18    0.48    0.48 ^ _235_/Q (sky130_fd_sc_hd__dfxtp_2)
                                         result[0] (net)
                  0.18    0.00    0.48 ^ result[0] (out)
                                  0.48   data arrival time

                  0.15   10.00   10.00   clock clk (rise edge)
                          0.00   10.00   clock network delay (ideal)
                         -0.25    9.75   clock uncertainty
                          0.00    9.75   clock reconvergence pessimism
                         -2.00    7.75   output external delay
                                  7.75   data required time
-----------------------------------------------------------------------------
                                  7.75   data required time
                                 -0.48   data arrival time
-----------------------------------------------------------------------------
                                  7.27   slack (MET)


Startpoint: _238_ (rising edge-triggered flip-flop clocked by clk)
Endpoint: result[3] (output port clocked by clk)
Path Group: clk
Path Type: max

Fanout     Cap    Slew   Delay    Time   Description
-----------------------------------------------------------------------------
                  0.15    0.00    0.00   clock clk (rise edge)
                          0.00    0.00   clock network delay (ideal)
                  0.15    0.00    0.00 ^ _238_/CLK (sky130_fd_sc_hd__dfxtp_2)
     1    0.03    0.18    0.48    0.48 ^ _238_/Q (sky130_fd_sc_hd__dfxtp_2)
                                         result[3] (net)
                  0.18    0.00    0.48 ^ result[3] (out)
                                  0.48   data arrival time

                  0.15   10.00   10.00   clock clk (rise edge)
                          0.00   10.00   clock network delay (ideal)
                         -0.25    9.75   clock uncertainty
                          0.00    9.75   clock reconvergence pessimism
                         -2.00    7.75   output external delay
                                  7.75   data required time
-----------------------------------------------------------------------------
                                  7.75   data required time
                                 -0.48   data arrival time
-----------------------------------------------------------------------------
                                  7.27   slack (MET)


Startpoint: _239_ (rising edge-triggered flip-flop clocked by clk)
Endpoint: zero (output port clocked by clk)
Path Group: clk
Path Type: max

Fanout     Cap    Slew   Delay    Time   Description
-----------------------------------------------------------------------------
                  0.15    0.00    0.00   clock clk (rise edge)
                          0.00    0.00   clock network delay (ideal)
                  0.15    0.00    0.00 ^ _239_/CLK (sky130_fd_sc_hd__dfxtp_2)
     1    0.03    0.18    0.48    0.48 ^ _239_/Q (sky130_fd_sc_hd__dfxtp_2)
                                         zero (net)
                  0.18    0.00    0.48 ^ zero (out)
                                  0.48   data arrival time

                  0.15   10.00   10.00   clock clk (rise edge)
                          0.00   10.00   clock network delay (ideal)
                         -0.25    9.75   clock uncertainty
                          0.00    9.75   clock reconvergence pessimism
                         -2.00    7.75   output external delay
                                  7.75   data required time
-----------------------------------------------------------------------------
                                  7.75   data required time
                                 -0.48   data arrival time
-----------------------------------------------------------------------------
                                  7.27   slack (MET)


Startpoint: _236_ (rising edge-triggered flip-flop clocked by clk)
Endpoint: result[1] (output port clocked by clk)
Path Group: clk
Path Type: max

Fanout     Cap    Slew   Delay    Time   Description
-----------------------------------------------------------------------------
                  0.15    0.00    0.00   clock clk (rise edge)
                          0.00    0.00   clock network delay (ideal)
                  0.15    0.00    0.00 ^ _236_/CLK (sky130_fd_sc_hd__dfxtp_2)
     1    0.03    0.18    0.48    0.48 ^ _236_/Q (sky130_fd_sc_hd__dfxtp_2)
                                         result[1] (net)
                  0.18    0.00    0.48 ^ result[1] (out)
                                  0.48   data arrival time

                  0.15   10.00   10.00   clock clk (rise edge)
                          0.00   10.00   clock network delay (ideal)
                         -0.25    9.75   clock uncertainty
                          0.00    9.75   clock reconvergence pessimism
                         -2.00    7.75   output external delay
                                  7.75   data required time
-----------------------------------------------------------------------------
                                  7.75   data required time
                                 -0.48   data arrival time
-----------------------------------------------------------------------------
                                  7.27   slack (MET)


Startpoint: _237_ (rising edge-triggered flip-flop clocked by clk)
Endpoint: result[2] (output port clocked by clk)
Path Group: clk
Path Type: max

Fanout     Cap    Slew   Delay    Time   Description
-----------------------------------------------------------------------------
                  0.15    0.00    0.00   clock clk (rise edge)
                          0.00    0.00   clock network delay (ideal)
                  0.15    0.00    0.00 ^ _237_/CLK (sky130_fd_sc_hd__dfxtp_2)
     1    0.03    0.18    0.47    0.47 ^ _237_/Q (sky130_fd_sc_hd__dfxtp_2)
                                         result[2] (net)
                  0.18    0.00    0.48 ^ result[2] (out)
                                  0.48   data arrival time

                  0.15   10.00   10.00   clock clk (rise edge)
                          0.00   10.00   clock network delay (ideal)
                         -0.25    9.75   clock uncertainty
                          0.00    9.75   clock reconvergence pessimism
                         -2.00    7.75   output external delay
                                  7.75   data required time
-----------------------------------------------------------------------------
                                  7.75   data required time
                                 -0.48   data arrival time
-----------------------------------------------------------------------------
                                  7.27   slack (MET)



worst slack corner Typical: 6.6243
max_report_end
checks_report

===========================================================================
report_checks -unconstrained
===========================================================================
======================= Typical Corner ===================================

Startpoint: control[1] (input port clocked by clk)
Endpoint: _239_ (rising edge-triggered flip-flop clocked by clk)
Path Group: clk
Path Type: max

Fanout     Cap    Slew   Delay    Time   Description
-----------------------------------------------------------------------------
                  0.15    0.00    0.00   clock clk (rise edge)
                          0.00    0.00   clock network delay (ideal)
                          2.00    2.00 v input external delay
     2    0.01    0.02    0.01    2.01 v control[1] (in)
                                         control[1] (net)
                  0.02    0.00    2.01 v _120_/A (sky130_fd_sc_hd__inv_2)
     6    0.03    0.15    0.13    2.15 ^ _120_/Y (sky130_fd_sc_hd__inv_2)
                                         _037_ (net)
                  0.15    0.00    2.15 ^ _139_/A (sky130_fd_sc_hd__nand2_4)
     3    0.01    0.06    0.08    2.23 v _139_/Y (sky130_fd_sc_hd__nand2_4)
                                         _056_ (net)
                  0.06    0.00    2.23 v _143_/B (sky130_fd_sc_hd__nor2_2)
     4    0.02    0.25    0.23    2.46 ^ _143_/Y (sky130_fd_sc_hd__nor2_2)
                                         _060_ (net)
                  0.25    0.00    2.46 ^ _144_/A (sky130_fd_sc_hd__inv_2)
     3    0.01    0.06    0.08    2.54 v _144_/Y (sky130_fd_sc_hd__inv_2)
                                         _061_ (net)
                  0.06    0.00    2.54 v _145_/B (sky130_fd_sc_hd__or2_4)
     1    0.01    0.05    0.25    2.79 v _145_/X (sky130_fd_sc_hd__or2_4)
                                         _062_ (net)
                  0.05    0.00    2.79 v _146_/C (sky130_fd_sc_hd__nand3_4)
     2    0.01    0.07    0.09    2.88 ^ _146_/Y (sky130_fd_sc_hd__nand3_4)
                                         _113_ (net)
                  0.07    0.00    2.88 ^ _223_/A (sky130_fd_sc_hd__nor2_4)
     1    0.01    0.03    0.05    2.93 v _223_/Y (sky130_fd_sc_hd__nor2_4)
                                         _025_ (net)
                  0.03    0.00    2.93 v _224_/A (sky130_fd_sc_hd__nand2_4)
     1    0.02    0.07    0.07    3.00 ^ _224_/Y (sky130_fd_sc_hd__nand2_4)
                                         _026_ (net)
                  0.07    0.00    3.00 ^ _225_/A (sky130_fd_sc_hd__nor2_8)
     1    0.00    0.03    0.04    3.04 v _225_/Y (sky130_fd_sc_hd__nor2_8)
                                         _000_ (net)
                  0.03    0.00    3.04 v _239_/D (sky130_fd_sc_hd__dfxtp_2)
                                  3.04   data arrival time

                  0.15   10.00   10.00   clock clk (rise edge)
                          0.00   10.00   clock network delay (ideal)
                         -0.25    9.75   clock uncertainty
                          0.00    9.75   clock reconvergence pessimism
                                  9.75 ^ _239_/CLK (sky130_fd_sc_hd__dfxtp_2)
                         -0.08    9.67   library setup time
                                  9.67   data required time
-----------------------------------------------------------------------------
                                  9.67   data required time
                                 -3.04   data arrival time
-----------------------------------------------------------------------------
                                  6.62   slack (MET)




===========================================================================
report_checks --slack_max -0.01
============================================================================
======================= Typical Corner ===================================

No paths found.


===========================================================================
 report_check_types -max_slew -max_cap -max_fanout -violators
============================================================================
======================= Typical Corner ===================================


max slew violations count Typical: 0
max fanout violations count Typical: 0
max cap violations count Typical: 0

===========================================================================
report_parasitic_annotation -report_unannotated
============================================================================
Found 1 unannotated drivers.
 clk
Found 0 partially unannotated drivers.

===========================================================================
max slew violation count 0
max fanout violation count 0
max cap violation count 0
============================================================================

===========================================================================
check_setup -verbose -unconstrained_endpoints -multiple_clock -no_clock -no_input_delay -loops -generated_clocks
===========================================================================
checks_report_end
power_report

===========================================================================
 report_power
============================================================================
======================= Typical Corner ===================================

Group                  Internal  Switching    Leakage      Total
                          Power      Power      Power      Power (Watts)
----------------------------------------------------------------
Sequential             2.85e-05   9.61e-06   5.10e-11   3.81e-05  47.7%
Combinational          1.74e-05   2.44e-05   4.06e-10   4.18e-05  52.3%
Clock                  0.00e+00   0.00e+00   9.07e-11   9.07e-11   0.0%
Macro                  0.00e+00   0.00e+00   0.00e+00   0.00e+00   0.0%
Pad                    0.00e+00   0.00e+00   0.00e+00   0.00e+00   0.0%
----------------------------------------------------------------
Total                  4.59e-05   3.40e-05   5.48e-10   7.99e-05 100.0%
                          57.5%      42.5%       0.0%

power_report_end
skew_report

===========================================================================
report_clock_skew
============================================================================
Clock clk
   0.04 source latency _234_/CLK ^
  -0.04 target latency _234_/CLK ^
   0.25 clock uncertainty
   0.00 CRPR
--------------
   0.25 setup skew

skew_report_end
summary_report

===========================================================================
report_tns
============================================================================
tns 0.00

===========================================================================
report_wns
============================================================================
wns 0.00

===========================================================================
report_worst_slack -max (Setup)
============================================================================
worst slack 6.62

===========================================================================
report_worst_slack -min (Hold)
============================================================================
worst slack 0.35
summary_report_end
area_report

===========================================================================
report_design_area
============================================================================
Design area 1070 u^2 73% utilization.
area_report_end
[WARNING] Did not save OpenROAD database!
Writing SDF to '/openlane/designs/alu4bit/runs/Final/results/signoff/alu4bit.sdf'…
