
===========================================================================
report_checks -path_delay min (Hold)
============================================================================
======================= Typical Corner ===================================

Startpoint: _234_ (rising edge-triggered flip-flop clocked by clk)
Endpoint: _234_ (rising edge-triggered flip-flop clocked by clk)
Path Group: clk
Path Type: min

Fanout     Cap    Slew   Delay    Time   Description
-----------------------------------------------------------------------------
                  0.15    0.00    0.00   clock clk (rise edge)
                          0.00    0.00   clock network delay (ideal)
                  0.15    0.00    0.00 ^ _234_/CLK (sky130_fd_sc_hd__dfxtp_1)
     2    0.01    0.04    0.32    0.32 v _234_/Q (sky130_fd_sc_hd__dfxtp_1)
                                         net12 (net)
                  0.04    0.00    0.32 v hold1/A (sky130_fd_sc_hd__dlygate4sd3_1)
     1    0.00    0.05    0.52    0.84 v hold1/X (sky130_fd_sc_hd__dlygate4sd3_1)
                                         net18 (net)
                  0.05    0.00    0.84 v _232_/A (sky130_fd_sc_hd__nor2_1)
     1    0.00    0.09    0.11    0.95 ^ _232_/Y (sky130_fd_sc_hd__nor2_1)
                                         _033_ (net)
                  0.09    0.00    0.95 ^ _233_/B1 (sky130_fd_sc_hd__a31oi_1)
     1    0.00    0.04    0.04    1.00 v _233_/Y (sky130_fd_sc_hd__a31oi_1)
                                         _001_ (net)
                  0.04    0.00    1.00 v _234_/D (sky130_fd_sc_hd__dfxtp_1)
                                  1.00   data arrival time

                  0.15    0.00    0.00   clock clk (rise edge)
                          0.00    0.00   clock network delay (ideal)
                          0.25    0.25   clock uncertainty
                          0.00    0.25   clock reconvergence pessimism
                                  0.25 ^ _234_/CLK (sky130_fd_sc_hd__dfxtp_1)
                         -0.03    0.22   library hold time
                                  0.22   data required time
-----------------------------------------------------------------------------
                                  0.22   data required time
                                 -1.00   data arrival time
-----------------------------------------------------------------------------
                                  0.77   slack (MET)


Startpoint: control[1] (input port clocked by clk)
Endpoint: _238_ (rising edge-triggered flip-flop clocked by clk)
Path Group: clk
Path Type: min

Fanout     Cap    Slew   Delay    Time   Description
-----------------------------------------------------------------------------
                  0.15    0.00    0.00   clock clk (rise edge)
                          0.00    0.00   clock network delay (ideal)
                          2.00    2.00 v input external delay
     1    0.00    0.01    0.00    2.00 v control[1] (in)
                                         control[1] (net)
                  0.01    0.00    2.00 v input10/A (sky130_fd_sc_hd__buf_1)
     2    0.01    0.06    0.09    2.10 v input10/X (sky130_fd_sc_hd__buf_1)
                                         net10 (net)
                  0.06    0.00    2.10 v _215_/B1 (sky130_fd_sc_hd__o2111a_1)
     1    0.00    0.03    0.13    2.23 v _215_/X (sky130_fd_sc_hd__o2111a_1)
                                         _018_ (net)
                  0.03    0.00    2.23 v _216_/B (sky130_fd_sc_hd__nor2_1)
     1    0.00    0.09    0.09    2.32 ^ _216_/Y (sky130_fd_sc_hd__nor2_1)
                                         _019_ (net)
                  0.09    0.00    2.32 ^ _222_/A2 (sky130_fd_sc_hd__a21oi_1)
     2    0.01    0.03    0.08    2.40 v _222_/Y (sky130_fd_sc_hd__a21oi_1)
                                         _116_ (net)
                  0.03    0.00    2.40 v _238_/D (sky130_fd_sc_hd__dfxtp_1)
                                  2.40   data arrival time

                  0.15    0.00    0.00   clock clk (rise edge)
                          0.00    0.00   clock network delay (ideal)
                          0.25    0.25   clock uncertainty
                          0.00    0.25   clock reconvergence pessimism
                                  0.25 ^ _238_/CLK (sky130_fd_sc_hd__dfxtp_1)
                         -0.03    0.22   library hold time
                                  0.22   data required time
-----------------------------------------------------------------------------
                                  0.22   data required time
                                 -2.40   data arrival time
-----------------------------------------------------------------------------
                                  2.18   slack (MET)


Startpoint: b[1] (input port clocked by clk)
Endpoint: _236_ (rising edge-triggered flip-flop clocked by clk)
Path Group: clk
Path Type: min

Fanout     Cap    Slew   Delay    Time   Description
-----------------------------------------------------------------------------
                  0.15    0.00    0.00   clock clk (rise edge)
                          0.00    0.00   clock network delay (ideal)
                          2.00    2.00 v input external delay
     1    0.00    0.01    0.00    2.00 v b[1] (in)
                                         b[1] (net)
                  0.01    0.00    2.00 v input6/A (sky130_fd_sc_hd__buf_1)
     3    0.01    0.06    0.09    2.10 v input6/X (sky130_fd_sc_hd__buf_1)
                                         net6 (net)
                  0.06    0.00    2.10 v _149_/B (sky130_fd_sc_hd__nand2_1)
     5    0.02    0.15    0.14    2.24 ^ _149_/Y (sky130_fd_sc_hd__nand2_1)
                                         _065_ (net)
                  0.15    0.00    2.24 ^ _168_/A2 (sky130_fd_sc_hd__a21oi_1)
     1    0.00    0.04    0.09    2.32 v _168_/Y (sky130_fd_sc_hd__a21oi_1)
                                         _084_ (net)
                  0.04    0.00    2.32 v _172_/B (sky130_fd_sc_hd__nand3_1)
     2    0.01    0.08    0.09    2.42 ^ _172_/Y (sky130_fd_sc_hd__nand3_1)
                                         _114_ (net)
                  0.08    0.00    2.42 ^ _236_/D (sky130_fd_sc_hd__dfxtp_1)
                                  2.42   data arrival time

                  0.15    0.00    0.00   clock clk (rise edge)
                          0.00    0.00   clock network delay (ideal)
                          0.25    0.25   clock uncertainty
                          0.00    0.25   clock reconvergence pessimism
                                  0.25 ^ _236_/CLK (sky130_fd_sc_hd__dfxtp_1)
                         -0.02    0.23   library hold time
                                  0.23   data required time
-----------------------------------------------------------------------------
                                  0.23   data required time
                                 -2.42   data arrival time
-----------------------------------------------------------------------------
                                  2.19   slack (MET)


Startpoint: control[2] (input port clocked by clk)
Endpoint: _235_ (rising edge-triggered flip-flop clocked by clk)
Path Group: clk
Path Type: min

Fanout     Cap    Slew   Delay    Time   Description
-----------------------------------------------------------------------------
                  0.15    0.00    0.00   clock clk (rise edge)
                          0.00    0.00   clock network delay (ideal)
                          2.00    2.00 ^ input external delay
     1    0.00    0.02    0.01    2.01 ^ control[2] (in)
                                         control[2] (net)
                  0.02    0.00    2.01 ^ input11/A (sky130_fd_sc_hd__clkbuf_4)
     9    0.04    0.12    0.17    2.18 ^ input11/X (sky130_fd_sc_hd__clkbuf_4)
                                         net11 (net)
                  0.12    0.00    2.18 ^ _125_/B (sky130_fd_sc_hd__nand3_1)
     1    0.00    0.06    0.08    2.27 v _125_/Y (sky130_fd_sc_hd__nand3_1)
                                         _042_ (net)
                  0.06    0.00    2.27 v _126_/B (sky130_fd_sc_hd__nand2_1)
     1    0.00    0.04    0.06    2.33 ^ _126_/Y (sky130_fd_sc_hd__nand2_1)
                                         _043_ (net)
                  0.04    0.00    2.33 ^ _133_/A (sky130_fd_sc_hd__nor2_1)
     1    0.00    0.03    0.04    2.37 v _133_/Y (sky130_fd_sc_hd__nor2_1)
                                         _050_ (net)
                  0.03    0.00    2.37 v _146_/A (sky130_fd_sc_hd__nand3_1)
     2    0.01    0.07    0.07    2.44 ^ _146_/Y (sky130_fd_sc_hd__nand3_1)
                                         _113_ (net)
                  0.07    0.00    2.44 ^ _235_/D (sky130_fd_sc_hd__dfxtp_1)
                                  2.44   data arrival time

                  0.15    0.00    0.00   clock clk (rise edge)
                          0.00    0.00   clock network delay (ideal)
                          0.25    0.25   clock uncertainty
                          0.00    0.25   clock reconvergence pessimism
                                  0.25 ^ _235_/CLK (sky130_fd_sc_hd__dfxtp_1)
                         -0.02    0.23   library hold time
                                  0.23   data required time
-----------------------------------------------------------------------------
                                  0.23   data required time
                                 -2.44   data arrival time
-----------------------------------------------------------------------------
                                  2.22   slack (MET)


Startpoint: _235_ (rising edge-triggered flip-flop clocked by clk)
Endpoint: result[0] (output port clocked by clk)
Path Group: clk
Path Type: min

Fanout     Cap    Slew   Delay    Time   Description
-----------------------------------------------------------------------------
                  0.15    0.00    0.00   clock clk (rise edge)
                          0.00    0.00   clock network delay (ideal)
                  0.15    0.00    0.00 ^ _235_/CLK (sky130_fd_sc_hd__dfxtp_1)
     1    0.00    0.02    0.31    0.31 v _235_/Q (sky130_fd_sc_hd__dfxtp_1)
                                         net13 (net)
                  0.02    0.00    0.31 v output13/A (sky130_fd_sc_hd__buf_2)
     1    0.03    0.09    0.16    0.47 v output13/X (sky130_fd_sc_hd__buf_2)
                                         result[0] (net)
                  0.09    0.00    0.47 v result[0] (out)
                                  0.47   data arrival time

                  0.15    0.00    0.00   clock clk (rise edge)
                          0.00    0.00   clock network delay (ideal)
                          0.25    0.25   clock uncertainty
                          0.00    0.25   clock reconvergence pessimism
                         -2.00   -1.75   output external delay
                                 -1.75   data required time
-----------------------------------------------------------------------------
                                 -1.75   data required time
                                 -0.47   data arrival time
-----------------------------------------------------------------------------
                                  2.22   slack (MET)


Startpoint: _238_ (rising edge-triggered flip-flop clocked by clk)
Endpoint: result[3] (output port clocked by clk)
Path Group: clk
Path Type: min

Fanout     Cap    Slew   Delay    Time   Description
-----------------------------------------------------------------------------
                  0.15    0.00    0.00   clock clk (rise edge)
                          0.00    0.00   clock network delay (ideal)
                  0.15    0.00    0.00 ^ _238_/CLK (sky130_fd_sc_hd__dfxtp_1)
     1    0.00    0.02    0.31    0.31 v _238_/Q (sky130_fd_sc_hd__dfxtp_1)
                                         net16 (net)
                  0.02    0.00    0.31 v output16/A (sky130_fd_sc_hd__buf_2)
     1    0.03    0.09    0.16    0.47 v output16/X (sky130_fd_sc_hd__buf_2)
                                         result[3] (net)
                  0.09    0.00    0.47 v result[3] (out)
                                  0.47   data arrival time

                  0.15    0.00    0.00   clock clk (rise edge)
                          0.00    0.00   clock network delay (ideal)
                          0.25    0.25   clock uncertainty
                          0.00    0.25   clock reconvergence pessimism
                         -2.00   -1.75   output external delay
                                 -1.75   data required time
-----------------------------------------------------------------------------
                                 -1.75   data required time
                                 -0.47   data arrival time
-----------------------------------------------------------------------------
                                  2.22   slack (MET)


Startpoint: _237_ (rising edge-triggered flip-flop clocked by clk)
Endpoint: result[2] (output port clocked by clk)
Path Group: clk
Path Type: min

Fanout     Cap    Slew   Delay    Time   Description
-----------------------------------------------------------------------------
                  0.15    0.00    0.00   clock clk (rise edge)
                          0.00    0.00   clock network delay (ideal)
                  0.15    0.00    0.00 ^ _237_/CLK (sky130_fd_sc_hd__dfxtp_1)
     1    0.00    0.02    0.31    0.31 v _237_/Q (sky130_fd_sc_hd__dfxtp_1)
                                         net15 (net)
                  0.02    0.00    0.31 v output15/A (sky130_fd_sc_hd__buf_2)
     1    0.04    0.09    0.17    0.47 v output15/X (sky130_fd_sc_hd__buf_2)
                                         result[2] (net)
                  0.09    0.00    0.47 v result[2] (out)
                                  0.47   data arrival time

                  0.15    0.00    0.00   clock clk (rise edge)
                          0.00    0.00   clock network delay (ideal)
                          0.25    0.25   clock uncertainty
                          0.00    0.25   clock reconvergence pessimism
                         -2.00   -1.75   output external delay
                                 -1.75   data required time
-----------------------------------------------------------------------------
                                 -1.75   data required time
                                 -0.47   data arrival time
-----------------------------------------------------------------------------
                                  2.22   slack (MET)


Startpoint: _236_ (rising edge-triggered flip-flop clocked by clk)
Endpoint: result[1] (output port clocked by clk)
Path Group: clk
Path Type: min

Fanout     Cap    Slew   Delay    Time   Description
-----------------------------------------------------------------------------
                  0.15    0.00    0.00   clock clk (rise edge)
                          0.00    0.00   clock network delay (ideal)
                  0.15    0.00    0.00 ^ _236_/CLK (sky130_fd_sc_hd__dfxtp_1)
     1    0.00    0.03    0.31    0.31 v _236_/Q (sky130_fd_sc_hd__dfxtp_1)
                                         net14 (net)
                  0.03    0.00    0.31 v output14/A (sky130_fd_sc_hd__buf_2)
     1    0.04    0.09    0.17    0.48 v output14/X (sky130_fd_sc_hd__buf_2)
                                         result[1] (net)
                  0.09    0.00    0.48 v result[1] (out)
                                  0.48   data arrival time

                  0.15    0.00    0.00   clock clk (rise edge)
                          0.00    0.00   clock network delay (ideal)
                          0.25    0.25   clock uncertainty
                          0.00    0.25   clock reconvergence pessimism
                         -2.00   -1.75   output external delay
                                 -1.75   data required time
-----------------------------------------------------------------------------
                                 -1.75   data required time
                                 -0.48   data arrival time
-----------------------------------------------------------------------------
                                  2.23   slack (MET)


Startpoint: _239_ (rising edge-triggered flip-flop clocked by clk)
Endpoint: zero (output port clocked by clk)
Path Group: clk
Path Type: min

Fanout     Cap    Slew   Delay    Time   Description
-----------------------------------------------------------------------------
                  0.15    0.00    0.00   clock clk (rise edge)
                          0.00    0.00   clock network delay (ideal)
                  0.15    0.00    0.00 ^ _239_/CLK (sky130_fd_sc_hd__dfxtp_1)
     1    0.00    0.03    0.32    0.32 v _239_/Q (sky130_fd_sc_hd__dfxtp_1)
                                         net17 (net)
                  0.03    0.00    0.32 v output17/A (sky130_fd_sc_hd__buf_2)
     1    0.04    0.09    0.17    0.48 v output17/X (sky130_fd_sc_hd__buf_2)
                                         zero (net)
                  0.09    0.00    0.49 v zero (out)
                                  0.49   data arrival time

                  0.15    0.00    0.00   clock clk (rise edge)
                          0.00    0.00   clock network delay (ideal)
                          0.25    0.25   clock uncertainty
                          0.00    0.25   clock reconvergence pessimism
                         -2.00   -1.75   output external delay
                                 -1.75   data required time
-----------------------------------------------------------------------------
                                 -1.75   data required time
                                 -0.49   data arrival time
-----------------------------------------------------------------------------
                                  2.24   slack (MET)


Startpoint: _234_ (rising edge-triggered flip-flop clocked by clk)
Endpoint: carry_out (output port clocked by clk)
Path Group: clk
Path Type: min

Fanout     Cap    Slew   Delay    Time   Description
-----------------------------------------------------------------------------
                  0.15    0.00    0.00   clock clk (rise edge)
                          0.00    0.00   clock network delay (ideal)
                  0.15    0.00    0.00 ^ _234_/CLK (sky130_fd_sc_hd__dfxtp_1)
     2    0.01    0.04    0.32    0.32 v _234_/Q (sky130_fd_sc_hd__dfxtp_1)
                                         net12 (net)
                  0.04    0.00    0.32 v output12/A (sky130_fd_sc_hd__buf_2)
     1    0.03    0.09    0.17    0.49 v output12/X (sky130_fd_sc_hd__buf_2)
                                         carry_out (net)
                  0.09    0.00    0.50 v carry_out (out)
                                  0.50   data arrival time

                  0.15    0.00    0.00   clock clk (rise edge)
                          0.00    0.00   clock network delay (ideal)
                          0.25    0.25   clock uncertainty
                          0.00    0.25   clock reconvergence pessimism
                         -2.00   -1.75   output external delay
                                 -1.75   data required time
-----------------------------------------------------------------------------
                                 -1.75   data required time
                                 -0.50   data arrival time
-----------------------------------------------------------------------------
                                  2.25   slack (MET)


Startpoint: control[1] (input port clocked by clk)
Endpoint: _239_ (rising edge-triggered flip-flop clocked by clk)
Path Group: clk
Path Type: min

Fanout     Cap    Slew   Delay    Time   Description
-----------------------------------------------------------------------------
                  0.15    0.00    0.00   clock clk (rise edge)
                          0.00    0.00   clock network delay (ideal)
                          2.00    2.00 v input external delay
     1    0.00    0.01    0.00    2.00 v control[1] (in)
                                         control[1] (net)
                  0.01    0.00    2.00 v input10/A (sky130_fd_sc_hd__buf_1)
     2    0.01    0.06    0.09    2.10 v input10/X (sky130_fd_sc_hd__buf_1)
                                         net10 (net)
                  0.06    0.00    2.10 v _215_/B1 (sky130_fd_sc_hd__o2111a_1)
     1    0.00    0.03    0.13    2.23 v _215_/X (sky130_fd_sc_hd__o2111a_1)
                                         _018_ (net)
                  0.03    0.00    2.23 v _216_/B (sky130_fd_sc_hd__nor2_1)
     1    0.00    0.09    0.09    2.32 ^ _216_/Y (sky130_fd_sc_hd__nor2_1)
                                         _019_ (net)
                  0.09    0.00    2.32 ^ _222_/A2 (sky130_fd_sc_hd__a21oi_1)
     2    0.01    0.03    0.08    2.40 v _222_/Y (sky130_fd_sc_hd__a21oi_1)
                                         _116_ (net)
                  0.03    0.00    2.40 v _225_/B (sky130_fd_sc_hd__nor2_1)
     1    0.00    0.08    0.08    2.48 ^ _225_/Y (sky130_fd_sc_hd__nor2_1)
                                         _000_ (net)
                  0.08    0.00    2.48 ^ _239_/D (sky130_fd_sc_hd__dfxtp_1)
                                  2.48   data arrival time

                  0.15    0.00    0.00   clock clk (rise edge)
                          0.00    0.00   clock network delay (ideal)
                          0.25    0.25   clock uncertainty
                          0.00    0.25   clock reconvergence pessimism
                                  0.25 ^ _239_/CLK (sky130_fd_sc_hd__dfxtp_1)
                         -0.02    0.23   library hold time
                                  0.23   data required time
-----------------------------------------------------------------------------
                                  0.23   data required time
                                 -2.48   data arrival time
-----------------------------------------------------------------------------
                                  2.25   slack (MET)


Startpoint: a[1] (input port clocked by clk)
Endpoint: _237_ (rising edge-triggered flip-flop clocked by clk)
Path Group: clk
Path Type: min

Fanout     Cap    Slew   Delay    Time   Description
-----------------------------------------------------------------------------
                  0.15    0.00    0.00   clock clk (rise edge)
                          0.00    0.00   clock network delay (ideal)
                          2.00    2.00 v input external delay
     1    0.00    0.01    0.00    2.00 v a[1] (in)
                                         a[1] (net)
                  0.01    0.00    2.00 v input2/A (sky130_fd_sc_hd__buf_1)
     4    0.01    0.07    0.10    2.11 v input2/X (sky130_fd_sc_hd__buf_1)
                                         net2 (net)
                  0.07    0.00    2.11 v _191_/B (sky130_fd_sc_hd__nand2_1)
     2    0.01    0.06    0.09    2.20 ^ _191_/Y (sky130_fd_sc_hd__nand2_1)
                                         _106_ (net)
                  0.06    0.00    2.20 ^ _194_/C (sky130_fd_sc_hd__nand3_1)
     1    0.00    0.06    0.08    2.27 v _194_/Y (sky130_fd_sc_hd__nand3_1)
                                         _109_ (net)
                  0.06    0.00    2.27 v _195_/B (sky130_fd_sc_hd__nand3_1)
     1    0.00    0.05    0.08    2.35 ^ _195_/Y (sky130_fd_sc_hd__nand3_1)
                                         _110_ (net)
                  0.05    0.00    2.35 ^ _196_/B (sky130_fd_sc_hd__nand2_1)
     1    0.00    0.04    0.05    2.41 v _196_/Y (sky130_fd_sc_hd__nand2_1)
                                         _111_ (net)
                  0.04    0.00    2.41 v _197_/B (sky130_fd_sc_hd__nand2_1)
     2    0.01    0.09    0.09    2.50 ^ _197_/Y (sky130_fd_sc_hd__nand2_1)
                                         _112_ (net)
                  0.09    0.00    2.50 ^ _198_/A (sky130_fd_sc_hd__inv_2)
     1    0.00    0.02    0.03    2.53 v _198_/Y (sky130_fd_sc_hd__inv_2)
                                         _115_ (net)
                  0.02    0.00    2.53 v _237_/D (sky130_fd_sc_hd__dfxtp_1)
                                  2.53   data arrival time

                  0.15    0.00    0.00   clock clk (rise edge)
                          0.00    0.00   clock network delay (ideal)
                          0.25    0.25   clock uncertainty
                          0.00    0.25   clock reconvergence pessimism
                                  0.25 ^ _237_/CLK (sky130_fd_sc_hd__dfxtp_1)
                         -0.02    0.23   library hold time
                                  0.23   data required time
-----------------------------------------------------------------------------
                                  0.23   data required time
                                 -2.53   data arrival time
-----------------------------------------------------------------------------
                                  2.30   slack (MET)



worst slack corner Typical: 0.7715
