Fri Aug 09 07:00:20 +0000 2024 - Executing "{openroad -exit -no_init -python /openlane/scripts/odbpy/lefutil.py get_metal_layers -o /openlane/designs/alu4bit/runs/Final/tmp/layers.list /home/manan/.volare/sky130A/libs.ref/sky130_fd_sc_hd/techlef/sky130_fd_sc_hd__nom.tlef}"

Fri Aug 09 07:00:21 +0000 2024 - Executing "{/openlane/scripts/mergeLef.py -o /openlane/designs/alu4bit/runs/Final/tmp/merged.nom.lef -i /home/manan/.volare/sky130A/libs.ref/sky130_fd_sc_hd/techlef/sky130_fd_sc_hd__nom.tlef {/home/manan/.volare/sky130A/libs.ref/sky130_fd_sc_hd/lef/sky130_ef_sc_hd.lef /home/manan/.volare/sky130A/libs.ref/sky130_fd_sc_hd/lef/sky130_fd_sc_hd.lef} |& tee /dev/null}"

Fri Aug 09 07:00:21 +0000 2024 - Executing "{/openlane/scripts/mergeLef.py -o /openlane/designs/alu4bit/runs/Final/tmp/merged.min.lef -i /home/manan/.volare/sky130A/libs.ref/sky130_fd_sc_hd/techlef/sky130_fd_sc_hd__min.tlef {/home/manan/.volare/sky130A/libs.ref/sky130_fd_sc_hd/lef/sky130_ef_sc_hd.lef /home/manan/.volare/sky130A/libs.ref/sky130_fd_sc_hd/lef/sky130_fd_sc_hd.lef} |& tee /dev/null}"

Fri Aug 09 07:00:21 +0000 2024 - Executing "{/openlane/scripts/mergeLef.py -o /openlane/designs/alu4bit/runs/Final/tmp/merged.max.lef -i /home/manan/.volare/sky130A/libs.ref/sky130_fd_sc_hd/techlef/sky130_fd_sc_hd__max.tlef {/home/manan/.volare/sky130A/libs.ref/sky130_fd_sc_hd/lef/sky130_ef_sc_hd.lef /home/manan/.volare/sky130A/libs.ref/sky130_fd_sc_hd/lef/sky130_fd_sc_hd.lef} |& tee /dev/null}"

Fri Aug 09 07:00:21 +0000 2024 - Executing "{python3 /openlane/scripts/mergeLib.py --output /openlane/designs/alu4bit/runs/Final/tmp/synthesis/merged.lib --name sky130A_merged /home/manan/.volare/sky130A/libs.ref/sky130_fd_sc_hd/lib/sky130_fd_sc_hd__tt_025C_1v80.lib}"

Fri Aug 09 07:00:21 +0000 2024 - Executing "{python3 /openlane/scripts/libtrim.py --cell-file /openlane/designs/alu4bit/runs/Final/tmp/synthesis/trimmed.lib.exclude.list --output /openlane/designs/alu4bit/runs/Final/tmp/synthesis/trimmed.lib /openlane/designs/alu4bit/runs/Final/tmp/synthesis/merged.lib}"

Fri Aug 09 07:00:21 +0000 2024 - Executing "{python3 /openlane/scripts/libtrim.py --cell-file /openlane/designs/alu4bit/runs/Final/tmp/cts/cts.lib.exclude.list --output /openlane/designs/alu4bit/runs/Final/tmp/cts/cts.lib /home/manan/.volare/sky130A/libs.ref/sky130_fd_sc_hd/lib/sky130_fd_sc_hd__tt_025C_1v80.lib}"

Fri Aug 09 07:00:21 +0000 2024 - Executing "{python3 /openlane/scripts/libtrim.py --cell-file /openlane/designs/alu4bit/runs/Final/tmp/cts/cts-fastest.lib.exclude.list --output /openlane/designs/alu4bit/runs/Final/tmp/cts/cts-fastest.lib /home/manan/.volare/sky130A/libs.ref/sky130_fd_sc_hd/lib/sky130_fd_sc_hd__ff_n40C_1v95.lib}"

Fri Aug 09 07:00:22 +0000 2024 - Executing "{python3 /openlane/scripts/libtrim.py --cell-file /openlane/designs/alu4bit/runs/Final/tmp/cts/cts-slowest.lib.exclude.list --output /openlane/designs/alu4bit/runs/Final/tmp/cts/cts-slowest.lib /home/manan/.volare/sky130A/libs.ref/sky130_fd_sc_hd/lib/sky130_fd_sc_hd__ss_100C_1v60.lib}"

Fri Aug 09 07:00:22 +0000 2024 - Executing "{python3 /openlane/scripts/new_tracks.py -i /home/manan/.volare/sky130A/libs.tech/openlane/sky130_fd_sc_hd/tracks.info -o /openlane/designs/alu4bit/runs/Final/tmp/routing/config.tracks}"

Fri Aug 09 07:00:22 +0000 2024 - Executing "{echo {OpenLane 46d8e5a0420cd377c7fc8d180db283e76ab3dc0e} > /openlane/designs/alu4bit/runs/Final/OPENLANE_VERSION}"

Fri Aug 09 07:00:22 +0000 2024 - Executing "{yosys -c /openlane/scripts/yosys/blackbox.tcl}"

Fri Aug 09 07:00:23 +0000 2024 - Executing "{verilator -Wall --lint-only --Wno-DECLFILENAME --top-module alu4bit /openlane/designs/alu4bit/runs/Final/tmp/synthesis/blackbox/sky130_fd_sc_hd__blackbox.v /openlane/designs/alu4bit/src/alu4bit.v -Wno-fatal --relative-includes |& tee /openlane/designs/alu4bit/runs/Final/logs/synthesis/linter.log /dev/null}"

Fri Aug 09 07:00:23 +0000 2024 - Executing "{sed -E {s/^([[:space:]]+)pg_pin(.*)/\1pin\2\n\1    direction : "inout";/g} /home/manan/.volare/sky130A/libs.ref/sky130_fd_sc_hd/lib/sky130_fd_sc_hd__tt_025C_1v80.lib > /openlane/designs/alu4bit/runs/Final/tmp/synthesis/1-sky130_fd_sc_hd__tt_025C_1v80.no_pg.lib}"

Fri Aug 09 07:00:23 +0000 2024 - Executing "{sed -E {s/^([[:space:]]+)pg_pin(.*)/\1pin\2\n\1    direction : "inout";/g} /openlane/designs/alu4bit/runs/Final/tmp/synthesis/trimmed.lib > /openlane/designs/alu4bit/runs/Final/tmp/synthesis/1-trimmed.no_pg.lib}"

Fri Aug 09 07:00:23 +0000 2024 - Executing "yosys -c /openlane/scripts/yosys/synth.tcl |& tee /dev/null /openlane/designs/alu4bit/runs/Final/logs/synthesis/1-synthesis.log"

Fri Aug 09 07:00:23 +0000 2024 - Executing "{yosys -c /openlane/scripts/yosys/synth.tcl |& tee /dev/null /openlane/designs/alu4bit/runs/Final/logs/synthesis/1-synthesis.log}"

Fri Aug 09 07:00:23 +0000 2024 - Executing "{sed -i.bak -e {s/\(set ::env(CURRENT_NETLIST)\).*/\1 \/openlane\/designs\/alu4bit\/runs\/Final\/results\/synthesis\/alu4bit.v/} /openlane/designs/alu4bit/runs/Final/config.tcl}"

Fri Aug 09 07:00:23 +0000 2024 - Executing "{sed -i.bak /defparam/d /openlane/designs/alu4bit/runs/Final/results/synthesis/alu4bit.v}"

Fri Aug 09 07:00:24 +0000 2024 - Executing "sta -exit -no_init /openlane/scripts/openroad/sta/multi_corner.tcl |& tee /dev/null /openlane/designs/alu4bit/runs/Final/logs/synthesis/2-sta.log"

Fri Aug 09 07:00:24 +0000 2024 - Executing "{sta -exit -no_init /openlane/scripts/openroad/sta/multi_corner.tcl |& tee /dev/null /openlane/designs/alu4bit/runs/Final/logs/synthesis/2-sta.log}"

Fri Aug 09 07:00:24 +0000 2024 - Executing "openroad -exit /openlane/scripts/openroad/floorplan.tcl |& tee /dev/null /openlane/designs/alu4bit/runs/Final/logs/floorplan/3-initial_fp.log"

Fri Aug 09 07:00:24 +0000 2024 - Executing "{openroad -exit /openlane/scripts/openroad/floorplan.tcl |& tee /dev/null /openlane/designs/alu4bit/runs/Final/logs/floorplan/3-initial_fp.log}"

Fri Aug 09 07:00:24 +0000 2024 - Executing "{openroad -exit -no_init -python /openlane/scripts/odbpy/snap_to_grid.py --output /openlane/designs/alu4bit/runs/Final/tmp/floorplan/3-minimized_pdn.txt --input-lef /openlane/designs/alu4bit/runs/Final/tmp/merged.nom.lef 4.83 4.760000000000001 9.66 9.520000000000001}"

Fri Aug 09 07:00:25 +0000 2024 - Executing "{openroad -exit -no_init -python /openlane/scripts/odbpy/defutil.py extract_core_dims --output-data /openlane/designs/alu4bit/runs/Final/tmp/dimensions.txt --input-lef /openlane/designs/alu4bit/runs/Final/tmp/merged.nom.lef /openlane/designs/alu4bit/runs/Final/tmp/floorplan/3-initial_fp.def}"

Fri Aug 09 07:00:25 +0000 2024 - Executing "openroad -exit /openlane/scripts/openroad/ioplacer.tcl |& tee /dev/null /openlane/designs/alu4bit/runs/Final/logs/floorplan/4-io.log"

Fri Aug 09 07:00:25 +0000 2024 - Executing "{openroad -exit /openlane/scripts/openroad/ioplacer.tcl |& tee /dev/null /openlane/designs/alu4bit/runs/Final/logs/floorplan/4-io.log}"

Fri Aug 09 07:00:25 +0000 2024 - Executing "openroad -exit /openlane/scripts/openroad/tapcell.tcl |& tee /dev/null /openlane/designs/alu4bit/runs/Final/logs/floorplan/5-tap.log"

Fri Aug 09 07:00:25 +0000 2024 - Executing "{openroad -exit /openlane/scripts/openroad/tapcell.tcl |& tee /dev/null /openlane/designs/alu4bit/runs/Final/logs/floorplan/5-tap.log}"

Fri Aug 09 07:00:26 +0000 2024 - Executing "openroad -exit /openlane/scripts/openroad/pdn.tcl |& tee /dev/null /openlane/designs/alu4bit/runs/Final/logs/floorplan/6-pdn.log"

Fri Aug 09 07:00:26 +0000 2024 - Executing "{openroad -exit /openlane/scripts/openroad/pdn.tcl |& tee /dev/null /openlane/designs/alu4bit/runs/Final/logs/floorplan/6-pdn.log}"

Fri Aug 09 07:00:26 +0000 2024 - Executing "openroad -exit /openlane/scripts/openroad/gpl.tcl |& tee /dev/null /openlane/designs/alu4bit/runs/Final/logs/placement/6-global_skip_io.log"

Fri Aug 09 07:00:26 +0000 2024 - Executing "{openroad -exit /openlane/scripts/openroad/gpl.tcl |& tee /dev/null /openlane/designs/alu4bit/runs/Final/logs/placement/6-global_skip_io.log}"

Fri Aug 09 07:00:27 +0000 2024 - Executing "{sed -i.bak -e {s/\(set ::env(CURRENT_NETLIST)\).*/\1 \/openlane\/designs\/alu4bit\/runs\/Final\/tmp\/placement\/7-global_skip_io.nl.v/} /openlane/designs/alu4bit/runs/Final/config.tcl}"

Fri Aug 09 07:00:27 +0000 2024 - Executing "openroad -exit /openlane/scripts/openroad/sta/multi_corner.tcl |& tee /dev/null /openlane/designs/alu4bit/runs/Final/logs/placement/8-gpl_sta.log"

Fri Aug 09 07:00:27 +0000 2024 - Executing "{openroad -exit /openlane/scripts/openroad/sta/multi_corner.tcl |& tee /dev/null /openlane/designs/alu4bit/runs/Final/logs/placement/8-gpl_sta.log}"

Fri Aug 09 07:00:27 +0000 2024 - Executing "openroad -exit /openlane/scripts/openroad/ioplacer.tcl |& tee /dev/null /openlane/designs/alu4bit/runs/Final/logs/placement/9-io.log"

Fri Aug 09 07:00:27 +0000 2024 - Executing "{openroad -exit /openlane/scripts/openroad/ioplacer.tcl |& tee /dev/null /openlane/designs/alu4bit/runs/Final/logs/placement/9-io.log}"

Fri Aug 09 07:00:27 +0000 2024 - Executing "openroad -exit /openlane/scripts/openroad/gpl.tcl |& tee /dev/null /openlane/designs/alu4bit/runs/Final/logs/placement/9-global.log"

Fri Aug 09 07:00:27 +0000 2024 - Executing "{openroad -exit /openlane/scripts/openroad/gpl.tcl |& tee /dev/null /openlane/designs/alu4bit/runs/Final/logs/placement/9-global.log}"

Fri Aug 09 07:00:28 +0000 2024 - Executing "{sed -i.bak -e {s/\(set ::env(CURRENT_NETLIST)\).*/\1 \/openlane\/designs\/alu4bit\/runs\/Final\/tmp\/placement\/10-global.nl.v/} /openlane/designs/alu4bit/runs/Final/config.tcl}"

Fri Aug 09 07:00:28 +0000 2024 - Executing "openroad -exit /openlane/scripts/openroad/sta/multi_corner.tcl |& tee /dev/null /openlane/designs/alu4bit/runs/Final/logs/placement/11-gpl_sta.log"

Fri Aug 09 07:00:28 +0000 2024 - Executing "{openroad -exit /openlane/scripts/openroad/sta/multi_corner.tcl |& tee /dev/null /openlane/designs/alu4bit/runs/Final/logs/placement/11-gpl_sta.log}"

Fri Aug 09 07:00:28 +0000 2024 - Executing "openroad -exit /openlane/scripts/openroad/resizer.tcl |& tee /dev/null /openlane/designs/alu4bit/runs/Final/logs/placement/12-resizer.log"

Fri Aug 09 07:00:28 +0000 2024 - Executing "{openroad -exit /openlane/scripts/openroad/resizer.tcl |& tee /dev/null /openlane/designs/alu4bit/runs/Final/logs/placement/12-resizer.log}"

Fri Aug 09 07:00:29 +0000 2024 - Executing "{sed -i.bak -e {s/\(set ::env(CURRENT_NETLIST)\).*/\1 \/openlane\/designs\/alu4bit\/runs\/Final\/tmp\/placement\/12-resizer.nl.v/} /openlane/designs/alu4bit/runs/Final/config.tcl}"

Fri Aug 09 07:00:30 +0000 2024 - Executing "openroad -exit /openlane/scripts/openroad/dpl.tcl |& tee /dev/null /openlane/designs/alu4bit/runs/Final/logs/placement/13-detailed.log"

Fri Aug 09 07:00:30 +0000 2024 - Executing "{openroad -exit /openlane/scripts/openroad/dpl.tcl |& tee /dev/null /openlane/designs/alu4bit/runs/Final/logs/placement/13-detailed.log}"

Fri Aug 09 07:00:30 +0000 2024 - Executing "{sed -i.bak -e {s/\(set ::env(CURRENT_NETLIST)\).*/\1 \/openlane\/designs\/alu4bit\/runs\/Final\/results\/placement\/alu4bit.nl.v/} /openlane/designs/alu4bit/runs/Final/config.tcl}"

Fri Aug 09 07:00:30 +0000 2024 - Executing "openroad -exit /openlane/scripts/openroad/sta/multi_corner.tcl |& tee /dev/null /openlane/designs/alu4bit/runs/Final/logs/placement/14-dpl_sta.log"

Fri Aug 09 07:00:30 +0000 2024 - Executing "{openroad -exit /openlane/scripts/openroad/sta/multi_corner.tcl |& tee /dev/null /openlane/designs/alu4bit/runs/Final/logs/placement/14-dpl_sta.log}"

Fri Aug 09 07:00:30 +0000 2024 - Executing "openroad -exit /openlane/scripts/openroad/cts.tcl |& tee /dev/null /openlane/designs/alu4bit/runs/Final/logs/cts/15-cts.log"

Fri Aug 09 07:00:30 +0000 2024 - Executing "{openroad -exit /openlane/scripts/openroad/cts.tcl |& tee /dev/null /openlane/designs/alu4bit/runs/Final/logs/cts/15-cts.log}"

Fri Aug 09 07:00:34 +0000 2024 - Executing "openroad -exit /openlane/scripts/openroad/sta/multi_corner.tcl |& tee /dev/null /openlane/designs/alu4bit/runs/Final/logs/cts/16-cts_sta.log"

Fri Aug 09 07:00:34 +0000 2024 - Executing "{openroad -exit /openlane/scripts/openroad/sta/multi_corner.tcl |& tee /dev/null /openlane/designs/alu4bit/runs/Final/logs/cts/16-cts_sta.log}"

Fri Aug 09 07:00:34 +0000 2024 - Executing "openroad -exit /openlane/scripts/openroad/resizer_timing.tcl |& tee /dev/null /openlane/designs/alu4bit/runs/Final/logs/cts/17-resizer.log"

Fri Aug 09 07:00:34 +0000 2024 - Executing "{openroad -exit /openlane/scripts/openroad/resizer_timing.tcl |& tee /dev/null /openlane/designs/alu4bit/runs/Final/logs/cts/17-resizer.log}"

Fri Aug 09 07:00:35 +0000 2024 - Executing "{sed -i.bak -e {s/\(set ::env(CURRENT_NETLIST)\).*/\1 \/openlane\/designs\/alu4bit\/runs\/Final\/tmp\/cts\/17-alu4bit.resized.nl.v/} /openlane/designs/alu4bit/runs/Final/config.tcl}"

Fri Aug 09 07:00:35 +0000 2024 - Executing "openroad -exit /openlane/scripts/openroad/resizer_routing_design.tcl |& tee /dev/null /openlane/designs/alu4bit/runs/Final/logs/routing/18-resizer_design.log"

Fri Aug 09 07:00:35 +0000 2024 - Executing "{openroad -exit /openlane/scripts/openroad/resizer_routing_design.tcl |& tee /dev/null /openlane/designs/alu4bit/runs/Final/logs/routing/18-resizer_design.log}"

Fri Aug 09 07:00:37 +0000 2024 - Executing "{sed -i.bak -e {s/\(set ::env(CURRENT_NETLIST)\).*/\1 \/openlane\/designs\/alu4bit\/runs\/Final\/tmp\/18-alu4bit.nl.v/} /openlane/designs/alu4bit/runs/Final/config.tcl}"

Fri Aug 09 07:00:37 +0000 2024 - Executing "openroad -exit /openlane/scripts/openroad/sta/multi_corner.tcl |& tee /dev/null /openlane/designs/alu4bit/runs/Final/logs/routing/19-rsz_design_sta.log"

Fri Aug 09 07:00:37 +0000 2024 - Executing "{openroad -exit /openlane/scripts/openroad/sta/multi_corner.tcl |& tee /dev/null /openlane/designs/alu4bit/runs/Final/logs/routing/19-rsz_design_sta.log}"

Fri Aug 09 07:00:37 +0000 2024 - Executing "openroad -exit /openlane/scripts/openroad/resizer_routing_timing.tcl |& tee /dev/null /openlane/designs/alu4bit/runs/Final/logs/routing/20-resizer_timing.log"

Fri Aug 09 07:00:37 +0000 2024 - Executing "{openroad -exit /openlane/scripts/openroad/resizer_routing_timing.tcl |& tee /dev/null /openlane/designs/alu4bit/runs/Final/logs/routing/20-resizer_timing.log}"

Fri Aug 09 07:00:38 +0000 2024 - Executing "{sed -i.bak -e {s/\(set ::env(CURRENT_NETLIST)\).*/\1 \/openlane\/designs\/alu4bit\/runs\/Final\/tmp\/20-alu4bit.nl.v/} /openlane/designs/alu4bit/runs/Final/config.tcl}"

Fri Aug 09 07:00:38 +0000 2024 - Executing "openroad -exit /openlane/scripts/openroad/sta/multi_corner.tcl |& tee /dev/null /openlane/designs/alu4bit/runs/Final/logs/routing/21-rsz_timing_sta.log"

Fri Aug 09 07:00:38 +0000 2024 - Executing "{openroad -exit /openlane/scripts/openroad/sta/multi_corner.tcl |& tee /dev/null /openlane/designs/alu4bit/runs/Final/logs/routing/21-rsz_timing_sta.log}"

Fri Aug 09 07:00:39 +0000 2024 - Executing "openroad -exit /openlane/scripts/openroad/repair_antennas.tcl |& tee /dev/null /openlane/designs/alu4bit/runs/Final/logs/routing/22-global.log"

Fri Aug 09 07:00:39 +0000 2024 - Executing "{openroad -exit /openlane/scripts/openroad/repair_antennas.tcl |& tee /dev/null /openlane/designs/alu4bit/runs/Final/logs/routing/22-global.log}"

Fri Aug 09 07:00:39 +0000 2024 - Executing "openroad -exit /openlane/scripts/openroad/write_views.tcl |& tee /dev/null /openlane/designs/alu4bit/runs/Final/logs/routing/22-global_write_netlist.log"

Fri Aug 09 07:00:39 +0000 2024 - Executing "{openroad -exit /openlane/scripts/openroad/write_views.tcl |& tee /dev/null /openlane/designs/alu4bit/runs/Final/logs/routing/22-global_write_netlist.log}"

Fri Aug 09 07:00:39 +0000 2024 - Executing "{sed -i.bak -e {s/\(set ::env(CURRENT_NETLIST)\).*/\1 \/openlane\/designs\/alu4bit\/runs\/Final\/tmp\/routing\/global.nl.v/} /openlane/designs/alu4bit/runs/Final/config.tcl}"

Fri Aug 09 07:00:39 +0000 2024 - Executing "openroad -exit /openlane/scripts/openroad/sta/multi_corner.tcl |& tee /dev/null /openlane/designs/alu4bit/runs/Final/logs/routing/24-grt_sta.log"

Fri Aug 09 07:00:39 +0000 2024 - Executing "{openroad -exit /openlane/scripts/openroad/sta/multi_corner.tcl |& tee /dev/null /openlane/designs/alu4bit/runs/Final/logs/routing/24-grt_sta.log}"

Fri Aug 09 07:00:40 +0000 2024 - Executing "openroad -exit /openlane/scripts/openroad/fill.tcl |& tee /dev/null /openlane/designs/alu4bit/runs/Final/logs/routing/25-fill.log"

Fri Aug 09 07:00:40 +0000 2024 - Executing "{openroad -exit /openlane/scripts/openroad/fill.tcl |& tee /dev/null /openlane/designs/alu4bit/runs/Final/logs/routing/25-fill.log}"

Fri Aug 09 07:00:40 +0000 2024 - Executing "{sed -i.bak -e {s/\(set ::env(CURRENT_NETLIST)\).*/\1 \/openlane\/designs\/alu4bit\/runs\/Final\/tmp\/routing\/25-fill.nl.v/} /openlane/designs/alu4bit/runs/Final/config.tcl}"

Fri Aug 09 07:00:40 +0000 2024 - Executing "openroad -exit -metrics /openlane/designs/alu4bit/runs/Final/reports/routing/26-drt_metrics.json /openlane/scripts/openroad/droute.tcl |& tee /dev/null /openlane/designs/alu4bit/runs/Final/logs/routing/26-detailed.log"

Fri Aug 09 07:00:40 +0000 2024 - Executing "{openroad -exit -metrics /openlane/designs/alu4bit/runs/Final/reports/routing/26-drt_metrics.json /openlane/scripts/openroad/droute.tcl |& tee /dev/null /openlane/designs/alu4bit/runs/Final/logs/routing/26-detailed.log}"

Fri Aug 09 07:00:46 +0000 2024 - Executing "{sed -i.bak -e {s/\(set ::env(CURRENT_NETLIST)\).*/\1 \/openlane\/designs\/alu4bit\/runs\/Final\/results\/routing\/alu4bit.nl.v/} /openlane/designs/alu4bit/runs/Final/config.tcl}"

Fri Aug 09 07:00:46 +0000 2024 - Executing "{python3 /openlane/scripts/drc_rosetta.py tr to_klayout -o /openlane/designs/alu4bit/runs/Final/reports/routing/drt.klayout.xml --design-name alu4bit /openlane/designs/alu4bit/runs/Final/reports/routing/drt.drc}"

Fri Aug 09 07:00:46 +0000 2024 - Executing "{openroad -exit -no_init -python /openlane/scripts/odbpy/wire_lengths.py --report-out /openlane/designs/alu4bit/runs/Final/reports/routing/27-wire_lengths.csv --input-lef /openlane/designs/alu4bit/runs/Final/tmp/merged.nom.lef --output-def /openlane/designs/alu4bit/runs/Final/results/routing/alu4bit.def --output /openlane/designs/alu4bit/runs/Final/results/routing/alu4bit.odb /openlane/designs/alu4bit/runs/Final/results/routing/alu4bit.odb |& tee /dev/null /openlane/designs/alu4bit/runs/Final/logs/routing/27-wire_lengths.log}"

Fri Aug 09 07:00:47 +0000 2024 - Executing "openroad -exit /openlane/scripts/openroad/rcx.tcl |& tee /dev/null /openlane/designs/alu4bit/runs/Final/logs/signoff/28-parasitics_extraction.min.log"

Fri Aug 09 07:00:47 +0000 2024 - Executing "{openroad -exit /openlane/scripts/openroad/rcx.tcl |& tee /dev/null /openlane/designs/alu4bit/runs/Final/logs/signoff/28-parasitics_extraction.min.log}"

Fri Aug 09 07:00:47 +0000 2024 - Executing "sta -exit -no_init /openlane/scripts/openroad/sta/multi_corner.tcl |& tee /dev/null /openlane/designs/alu4bit/runs/Final/logs/signoff/29-rcx_mcsta.min.log"

Fri Aug 09 07:00:47 +0000 2024 - Executing "{sta -exit -no_init /openlane/scripts/openroad/sta/multi_corner.tcl |& tee /dev/null /openlane/designs/alu4bit/runs/Final/logs/signoff/29-rcx_mcsta.min.log}"

Fri Aug 09 07:00:48 +0000 2024 - Executing "openroad -exit /openlane/scripts/openroad/rcx.tcl |& tee /dev/null /openlane/designs/alu4bit/runs/Final/logs/signoff/30-parasitics_extraction.max.log"

Fri Aug 09 07:00:48 +0000 2024 - Executing "{openroad -exit /openlane/scripts/openroad/rcx.tcl |& tee /dev/null /openlane/designs/alu4bit/runs/Final/logs/signoff/30-parasitics_extraction.max.log}"

Fri Aug 09 07:00:48 +0000 2024 - Executing "sta -exit -no_init /openlane/scripts/openroad/sta/multi_corner.tcl |& tee /dev/null /openlane/designs/alu4bit/runs/Final/logs/signoff/31-rcx_mcsta.max.log"

Fri Aug 09 07:00:48 +0000 2024 - Executing "{sta -exit -no_init /openlane/scripts/openroad/sta/multi_corner.tcl |& tee /dev/null /openlane/designs/alu4bit/runs/Final/logs/signoff/31-rcx_mcsta.max.log}"

Fri Aug 09 07:00:50 +0000 2024 - Executing "openroad -exit /openlane/scripts/openroad/rcx.tcl |& tee /dev/null /openlane/designs/alu4bit/runs/Final/logs/signoff/32-parasitics_extraction.nom.log"

Fri Aug 09 07:00:50 +0000 2024 - Executing "{openroad -exit /openlane/scripts/openroad/rcx.tcl |& tee /dev/null /openlane/designs/alu4bit/runs/Final/logs/signoff/32-parasitics_extraction.nom.log}"

Fri Aug 09 07:00:50 +0000 2024 - Executing "sta -exit -no_init /openlane/scripts/openroad/sta/multi_corner.tcl |& tee /dev/null /openlane/designs/alu4bit/runs/Final/logs/signoff/33-rcx_mcsta.nom.log"

Fri Aug 09 07:00:50 +0000 2024 - Executing "{sta -exit -no_init /openlane/scripts/openroad/sta/multi_corner.tcl |& tee /dev/null /openlane/designs/alu4bit/runs/Final/logs/signoff/33-rcx_mcsta.nom.log}"

Fri Aug 09 07:00:51 +0000 2024 - Executing "openroad -exit /openlane/scripts/openroad/irdrop.tcl |& tee /dev/null /openlane/designs/alu4bit/runs/Final/logs/signoff/34-irdrop.log"

Fri Aug 09 07:00:51 +0000 2024 - Executing "{openroad -exit /openlane/scripts/openroad/irdrop.tcl |& tee /dev/null /openlane/designs/alu4bit/runs/Final/logs/signoff/34-irdrop.log}"

Fri Aug 09 07:00:52 +0000 2024 - Executing "magic -noconsole -dnull -rcfile /home/manan/.volare/sky130A/libs.tech/magic/sky130A.magicrc < /openlane/scripts/magic/wrapper.tcl |& tee /dev/null /openlane/designs/alu4bit/runs/Final/logs/signoff/35-gdsii.log"

Fri Aug 09 07:00:52 +0000 2024 - Executing "{magic -noconsole -dnull -rcfile /home/manan/.volare/sky130A/libs.tech/magic/sky130A.magicrc < /openlane/scripts/magic/wrapper.tcl |& tee /dev/null /openlane/designs/alu4bit/runs/Final/logs/signoff/35-gdsii.log}"

Fri Aug 09 07:00:52 +0000 2024 - Executing "magic -noconsole -dnull -rcfile /home/manan/.volare/sky130A/libs.tech/magic/sky130A.magicrc < /openlane/scripts/magic/wrapper.tcl |& tee /dev/null /openlane/designs/alu4bit/runs/Final/logs/signoff/35-gds_ptrs.log"

Fri Aug 09 07:00:52 +0000 2024 - Executing "{magic -noconsole -dnull -rcfile /home/manan/.volare/sky130A/libs.tech/magic/sky130A.magicrc < /openlane/scripts/magic/wrapper.tcl |& tee /dev/null /openlane/designs/alu4bit/runs/Final/logs/signoff/35-gds_ptrs.log}"

Fri Aug 09 07:00:52 +0000 2024 - Executing "{sed -i.bak -n {/^<< properties >>/,/^<< end >>/p} /openlane/designs/alu4bit/runs/Final/tmp/signoff/gds_ptrs.mag}"

Fri Aug 09 07:00:52 +0000 2024 - Executing "magic -noconsole -dnull -rcfile /home/manan/.volare/sky130A/libs.tech/magic/sky130A.magicrc < /openlane/scripts/magic/wrapper.tcl |& tee /dev/null /openlane/designs/alu4bit/runs/Final/logs/signoff/35-lef.log"

Fri Aug 09 07:00:52 +0000 2024 - Executing "{magic -noconsole -dnull -rcfile /home/manan/.volare/sky130A/libs.tech/magic/sky130A.magicrc < /openlane/scripts/magic/wrapper.tcl |& tee /dev/null /openlane/designs/alu4bit/runs/Final/logs/signoff/35-lef.log}"

Fri Aug 09 07:00:52 +0000 2024 - Executing "magic -noconsole -dnull -rcfile /home/manan/.volare/sky130A/libs.tech/magic/sky130A.magicrc < /openlane/scripts/magic/wrapper.tcl |& tee /dev/null /openlane/designs/alu4bit/runs/Final/logs/signoff/35-maglef.log"

Fri Aug 09 07:00:52 +0000 2024 - Executing "{magic -noconsole -dnull -rcfile /home/manan/.volare/sky130A/libs.tech/magic/sky130A.magicrc < /openlane/scripts/magic/wrapper.tcl |& tee /dev/null /openlane/designs/alu4bit/runs/Final/logs/signoff/35-maglef.log}"

Fri Aug 09 07:00:53 +0000 2024 - Executing "{python3 /openlane/scripts/klayout/stream_out.py --output /openlane/designs/alu4bit/runs/Final/results/signoff/alu4bit.klayout.gds --lyt /home/manan/.volare/sky130A/libs.tech/klayout/tech/sky130A.lyt --lym /home/manan/.volare/sky130A/libs.tech/klayout/tech/sky130A.map --lyp /home/manan/.volare/sky130A/libs.tech/klayout/tech/sky130A.lyp --top alu4bit --with-gds-file /home/manan/.volare/sky130A/libs.ref/sky130_fd_sc_hd/gds/sky130_fd_sc_hd.gds --input-lef /openlane/designs/alu4bit/runs/Final/tmp/merged.nom.lef /openlane/designs/alu4bit/runs/Final/results/routing/alu4bit.def |& tee /dev/null /openlane/designs/alu4bit/runs/Final/logs/signoff/36-gdsii-klayout.log}"

Fri Aug 09 07:00:53 +0000 2024 - Executing "{klayout -b -r /openlane/scripts/klayout/xor.drc -rd a=/openlane/designs/alu4bit/runs/Final/results/signoff/alu4bit.gds -rd b=/openlane/designs/alu4bit/runs/Final/results/signoff/alu4bit.klayout.gds -rd jobs=1 -rd rdb_out=/openlane/designs/alu4bit/runs/Final/reports/signoff/37-xor.xml -rd ignore=81/14 -rd rpt_out=/openlane/designs/alu4bit/runs/Final/reports/signoff/37-xor.rpt |& tee /dev/null /openlane/designs/alu4bit/runs/Final/logs/signoff/37-xor.log}"

Fri Aug 09 07:00:54 +0000 2024 - Executing "magic -noconsole -dnull -rcfile /home/manan/.volare/sky130A/libs.tech/magic/sky130A.magicrc < /openlane/scripts/magic/wrapper.tcl |& tee /dev/null /openlane/designs/alu4bit/runs/Final/logs/signoff/38-spice.log"

Fri Aug 09 07:00:54 +0000 2024 - Executing "{magic -noconsole -dnull -rcfile /home/manan/.volare/sky130A/libs.tech/magic/sky130A.magicrc < /openlane/scripts/magic/wrapper.tcl |& tee /dev/null /openlane/designs/alu4bit/runs/Final/logs/signoff/38-spice.log}"

Fri Aug 09 07:00:54 +0000 2024 - Executing "{openroad -exit -no_init -python /openlane/scripts/odbpy/power_utils.py write_powered_def --output /openlane/designs/alu4bit/runs/Final/tmp/signoff/38-alu4bit.p.def --input-lef /openlane/designs/alu4bit/runs/Final/tmp/merged.nom.lef --power-port VPWR --ground-port VGND --powered-netlist {} /openlane/designs/alu4bit/runs/Final/results/routing/alu4bit.def |& tee /dev/null /openlane/designs/alu4bit/runs/Final/logs/signoff/39-write_powered_def.log}"

Fri Aug 09 07:00:54 +0000 2024 - Executing "openroad -exit /openlane/scripts/openroad/write_views.tcl |& tee /dev/null /openlane/designs/alu4bit/runs/Final/logs/signoff/39-write_powered_verilog.log"

Fri Aug 09 07:00:54 +0000 2024 - Executing "{openroad -exit /openlane/scripts/openroad/write_views.tcl |& tee /dev/null /openlane/designs/alu4bit/runs/Final/logs/signoff/39-write_powered_verilog.log}"

Fri Aug 09 07:00:55 +0000 2024 - Executing "{sed -i.bak -e {s/\(set ::env(CURRENT_NETLIST)\).*/\1 \/openlane\/designs\/alu4bit\/runs\/Final\/tmp\/signoff\/38-alu4bit.nl.v/} /openlane/designs/alu4bit/runs/Final/config.tcl}"

Fri Aug 09 07:00:55 +0000 2024 - Executing "{netgen -batch source /openlane/designs/alu4bit/runs/Final/tmp/signoff/41-setup_file.lef.lvs |& tee /dev/null /openlane/designs/alu4bit/runs/Final/logs/signoff/41-lvs.lef.log}"

Fri Aug 09 07:00:55 +0000 2024 - Executing "magic -noconsole -dnull -rcfile /home/manan/.volare/sky130A/libs.tech/magic/sky130A.magicrc < /openlane/scripts/magic/wrapper.tcl |& tee /dev/null /openlane/designs/alu4bit/runs/Final/logs/signoff/42-drc.log"

Fri Aug 09 07:00:55 +0000 2024 - Executing "{magic -noconsole -dnull -rcfile /home/manan/.volare/sky130A/libs.tech/magic/sky130A.magicrc < /openlane/scripts/magic/wrapper.tcl |& tee /dev/null /openlane/designs/alu4bit/runs/Final/logs/signoff/42-drc.log}"

Fri Aug 09 07:00:55 +0000 2024 - Executing "{python3 /openlane/scripts/drc_rosetta.py magic to_tcl -o /openlane/designs/alu4bit/runs/Final/reports/signoff/drc.tcl /openlane/designs/alu4bit/runs/Final/reports/signoff/drc.rpt}"

Fri Aug 09 07:00:55 +0000 2024 - Executing "{python3 /openlane/scripts/drc_rosetta.py magic to_tr -o /openlane/designs/alu4bit/runs/Final/reports/signoff/drc.tr /openlane/designs/alu4bit/runs/Final/reports/signoff/drc.rpt}"

Fri Aug 09 07:00:55 +0000 2024 - Executing "{python3 /openlane/scripts/drc_rosetta.py tr to_klayout -o /openlane/designs/alu4bit/runs/Final/reports/signoff/drc.klayout.xml --design-name alu4bit /openlane/designs/alu4bit/runs/Final/reports/signoff/drc.tr}"

Fri Aug 09 07:00:55 +0000 2024 - Executing "{python3 /openlane/scripts/drc_rosetta.py magic to_rdb -o /openlane/designs/alu4bit/runs/Final/reports/signoff/drc.rdb /openlane/designs/alu4bit/runs/Final/reports/signoff/drc.rpt}"

Fri Aug 09 07:00:56 +0000 2024 - Executing "{klayout -b -zz -r /home/manan/.volare/sky130A/libs.tech/klayout/drc/sky130A_mr.drc -rd topcell=alu4bit -rd input=/openlane/designs/alu4bit/runs/Final/results/signoff/alu4bit.gds -rd report=/openlane/designs/alu4bit/runs/Final/reports/signoff/violations.xml -rd feol=true -rd beol=true -rd floating_metal=false -rd seal=true -rd thread=1 |& tee /dev/null /openlane/designs/alu4bit/runs/Final/logs/signoff/43-drc-klayout.log}"

Fri Aug 09 07:00:56 +0000 2024 - Executing "{python3 /openlane/scripts/klayout/xml_drc_report_to_json.py --xml-file /openlane/designs/alu4bit/runs/Final/reports/signoff/violations.xml --json-file /openlane/designs/alu4bit/runs/Final/reports/signoff/violations.json}"

Fri Aug 09 07:00:57 +0000 2024 - Executing "openroad -exit /openlane/scripts/openroad/antenna_check.tcl |& tee /dev/null /openlane/designs/alu4bit/runs/Final/logs/signoff/44-arc.log"

Fri Aug 09 07:00:57 +0000 2024 - Executing "{openroad -exit /openlane/scripts/openroad/antenna_check.tcl |& tee /dev/null /openlane/designs/alu4bit/runs/Final/logs/signoff/44-arc.log}"

Fri Aug 09 07:00:57 +0000 2024 - Executing "{python3 /openlane/scripts/extract_antenna_violators.py --output /openlane/designs/alu4bit/runs/Final/reports/signoff/44-antenna_violators.rpt --plain-out /openlane/designs/alu4bit/runs/Final/reports/signoff/44-antenna_violators_pins.txt /openlane/designs/alu4bit/runs/Final/logs/signoff/44-arc.log}"

Fri Aug 09 07:00:57 +0000 2024 - Executing "{python3 /openlane/scripts/write_runtime.py --conclude --seconds --time-in 1723186857 {flow completed}}"

Fri Aug 09 07:00:57 +0000 2024 - Executing "{python3 /openlane/scripts/generate_reports.py -d /openlane/designs/alu4bit --design_name alu4bit --tag Final --output_file /openlane/designs/alu4bit/runs/Final/reports/metrics.csv --man_report /openlane/designs/alu4bit/runs/Final/reports/manufacturability.rpt --run_path /openlane/designs/alu4bit/runs/Final}"

