#! /c/Source/iverilog-install/bin/vvp
:ivl_version "12.0 (devel)" "(s20150603-1539-g2693dd32b)";
:ivl_delay_selection "TYPICAL";
:vpi_time_precision + 0;
:vpi_module "C:\iverilog\lib\ivl\system.vpi";
:vpi_module "C:\iverilog\lib\ivl\vhdl_sys.vpi";
:vpi_module "C:\iverilog\lib\ivl\vhdl_textio.vpi";
:vpi_module "C:\iverilog\lib\ivl\v2005_math.vpi";
:vpi_module "C:\iverilog\lib\ivl\va_math.vpi";
S_000002b5aa4a2720 .scope module, "alu4bit" "alu4bit" 2 1;
 .timescale 0 0;
    .port_info 0 /INPUT 1 "clk";
    .port_info 1 /INPUT 4 "a";
    .port_info 2 /INPUT 4 "b";
    .port_info 3 /INPUT 3 "control";
    .port_info 4 /OUTPUT 4 "result";
    .port_info 5 /OUTPUT 1 "carry_out";
    .port_info 6 /OUTPUT 1 "zero";
o000002b5aa4d6fd8 .functor BUFZ 4, C4<zzzz>; HiZ drive
v000002b5aa4a2d60_0 .net "a", 3 0, o000002b5aa4d6fd8;  0 drivers
o000002b5aa4d7008 .functor BUFZ 4, C4<zzzz>; HiZ drive
v000002b5aa4a30f0_0 .net "b", 3 0, o000002b5aa4d7008;  0 drivers
v000002b5aa4a28b0_0 .var "carry_out", 0 0;
o000002b5aa4d7068 .functor BUFZ 1, C4<z>; HiZ drive
v000002b5aa4a2950_0 .net "clk", 0 0, o000002b5aa4d7068;  0 drivers
o000002b5aa4d7098 .functor BUFZ 3, C4<zzz>; HiZ drive
v000002b5aa4a29f0_0 .net "control", 2 0, o000002b5aa4d7098;  0 drivers
v000002b5aa4a2a90_0 .var "result", 3 0;
v000002b5aa519840_0 .var "zero", 0 0;
E_000002b5aa48ab00 .event posedge, v000002b5aa4a2950_0;
    .scope S_000002b5aa4a2720;
T_0 ;
    %wait E_000002b5aa48ab00;
    %load/vec4 v000002b5aa4a29f0_0;
    %dup/vec4;
    %pushi/vec4 0, 0, 3;
    %cmp/u;
    %jmp/1 T_0.0, 6;
    %dup/vec4;
    %pushi/vec4 1, 0, 3;
    %cmp/u;
    %jmp/1 T_0.1, 6;
    %dup/vec4;
    %pushi/vec4 2, 0, 3;
    %cmp/u;
    %jmp/1 T_0.2, 6;
    %dup/vec4;
    %pushi/vec4 3, 0, 3;
    %cmp/u;
    %jmp/1 T_0.3, 6;
    %dup/vec4;
    %pushi/vec4 4, 0, 3;
    %cmp/u;
    %jmp/1 T_0.4, 6;
    %dup/vec4;
    %pushi/vec4 5, 0, 3;
    %cmp/u;
    %jmp/1 T_0.5, 6;
    %dup/vec4;
    %pushi/vec4 6, 0, 3;
    %cmp/u;
    %jmp/1 T_0.6, 6;
    %dup/vec4;
    %pushi/vec4 7, 0, 3;
    %cmp/u;
    %jmp/1 T_0.7, 6;
    %pushi/vec4 0, 0, 4;
    %store/vec4 v000002b5aa4a2a90_0, 0, 4;
    %jmp T_0.9;
T_0.0 ;
    %load/vec4 v000002b5aa4a2d60_0;
    %pad/u 5;
    %load/vec4 v000002b5aa4a30f0_0;
    %pad/u 5;
    %add;
    %split/vec4 4;
    %store/vec4 v000002b5aa4a2a90_0, 0, 4;
    %store/vec4 v000002b5aa4a28b0_0, 0, 1;
    %jmp T_0.9;
T_0.1 ;
    %load/vec4 v000002b5aa4a2d60_0;
    %pad/u 5;
    %load/vec4 v000002b5aa4a30f0_0;
    %pad/u 5;
    %sub;
    %split/vec4 4;
    %store/vec4 v000002b5aa4a2a90_0, 0, 4;
    %store/vec4 v000002b5aa4a28b0_0, 0, 1;
    %jmp T_0.9;
T_0.2 ;
    %load/vec4 v000002b5aa4a2d60_0;
    %load/vec4 v000002b5aa4a30f0_0;
    %and;
    %store/vec4 v000002b5aa4a2a90_0, 0, 4;
    %jmp T_0.9;
T_0.3 ;
    %load/vec4 v000002b5aa4a2d60_0;
    %load/vec4 v000002b5aa4a30f0_0;
    %or;
    %store/vec4 v000002b5aa4a2a90_0, 0, 4;
    %jmp T_0.9;
T_0.4 ;
    %load/vec4 v000002b5aa4a2d60_0;
    %load/vec4 v000002b5aa4a30f0_0;
    %xor;
    %store/vec4 v000002b5aa4a2a90_0, 0, 4;
    %jmp T_0.9;
T_0.5 ;
    %load/vec4 v000002b5aa4a2d60_0;
    %load/vec4 v000002b5aa4a30f0_0;
    %and;
    %inv;
    %store/vec4 v000002b5aa4a2a90_0, 0, 4;
    %jmp T_0.9;
T_0.6 ;
    %load/vec4 v000002b5aa4a2d60_0;
    %load/vec4 v000002b5aa4a30f0_0;
    %or;
    %inv;
    %store/vec4 v000002b5aa4a2a90_0, 0, 4;
    %jmp T_0.9;
T_0.7 ;
    %load/vec4 v000002b5aa4a2d60_0;
    %load/vec4 v000002b5aa4a30f0_0;
    %xor;
    %inv;
    %store/vec4 v000002b5aa4a2a90_0, 0, 4;
    %jmp T_0.9;
T_0.9 ;
    %pop/vec4 1;
    %load/vec4 v000002b5aa4a2a90_0;
    %cmpi/e 0, 0, 4;
    %flag_mov 8, 4;
    %jmp/0 T_0.10, 8;
    %pushi/vec4 1, 0, 1;
    %jmp/1 T_0.11, 8;
T_0.10 ; End of true expr.
    %pushi/vec4 0, 0, 1;
    %jmp/0 T_0.11, 8;
 ; End of false expr.
    %blend;
T_0.11;
    %store/vec4 v000002b5aa519840_0, 0, 1;
    %jmp T_0;
    .thread T_0;
# The file index is used to find the file name in the following table.
:file_names 3;
    "N/A";
    "<interactive>";
    "alu4bit.v";
