
63. Printing statistics.

=== alu4bit ===

   Number of wires:                124
   Number of wire bits:            135
   Number of public wires:           7
   Number of public wire bits:      18
   Number of memories:               0
   Number of memory bits:            0
   Number of processes:              0
   Number of cells:                123
     sky130_fd_sc_hd__a21o_2         1
     sky130_fd_sc_hd__a21oi_2        2
     sky130_fd_sc_hd__a21oi_4        1
     sky130_fd_sc_hd__a31oi_2        1
     sky130_fd_sc_hd__a31oi_4        1
     sky130_fd_sc_hd__dfxtp_2        6
     sky130_fd_sc_hd__inv_2         15
     sky130_fd_sc_hd__inv_4          2
     sky130_fd_sc_hd__nand2_2       38
     sky130_fd_sc_hd__nand2_4        6
     sky130_fd_sc_hd__nand2b_2       1
     sky130_fd_sc_hd__nand3_2       14
     sky130_fd_sc_hd__nand3_4        2
     sky130_fd_sc_hd__nand3b_2       2
     sky130_fd_sc_hd__nor2_2        14
     sky130_fd_sc_hd__nor2_4         3
     sky130_fd_sc_hd__nor2_8         1
     sky130_fd_sc_hd__nor2b_4        1
     sky130_fd_sc_hd__nor3_2         1
     sky130_fd_sc_hd__o2111a_2       1
     sky130_fd_sc_hd__o21ai_2        6
     sky130_fd_sc_hd__or2_4          3
     sky130_fd_sc_hd__or2b_2         1

   Chip area for module '\alu4bit': 1049.756800

