
===========================================================================
report_checks -path_delay max (Setup)
============================================================================
======================= Typical Corner ===================================

Startpoint: a[2] (input port clocked by clk)
Endpoint: _239_ (rising edge-triggered flip-flop clocked by clk)
Path Group: clk
Path Type: max

Fanout     Cap    Slew   Delay    Time   Description
-----------------------------------------------------------------------------
                  0.15    0.00    0.00   clock clk (rise edge)
                          0.00    0.00   clock network delay (ideal)
                          2.00    2.00 v input external delay
     3    0.01    0.02    0.02    2.02 v a[2] (in)
                                         a[2] (net)
                  0.02    0.00    2.02 v _173_/A (sky130_fd_sc_hd__nor2_2)
     2    0.01    0.13    0.14    2.16 ^ _173_/Y (sky130_fd_sc_hd__nor2_2)
                                         _088_ (net)
                  0.13    0.00    2.16 ^ _174_/A (sky130_fd_sc_hd__inv_2)
     2    0.01    0.05    0.07    2.23 v _174_/Y (sky130_fd_sc_hd__inv_2)
                                         _089_ (net)
                  0.05    0.00    2.23 v _176_/A (sky130_fd_sc_hd__nand2_4)
     4    0.02    0.08    0.08    2.31 ^ _176_/Y (sky130_fd_sc_hd__nand2_4)
                                         _091_ (net)
                  0.08    0.00    2.31 ^ _177_/A (sky130_fd_sc_hd__inv_2)
     3    0.01    0.04    0.05    2.37 v _177_/Y (sky130_fd_sc_hd__inv_2)
                                         _092_ (net)
                  0.04    0.00    2.37 v _179_/A (sky130_fd_sc_hd__or2_4)
     1    0.00    0.04    0.24    2.61 v _179_/X (sky130_fd_sc_hd__or2_4)
                                         _094_ (net)
                  0.04    0.00    2.61 v _181_/A1 (sky130_fd_sc_hd__a21o_2)
     1    0.00    0.04    0.20    2.80 v _181_/X (sky130_fd_sc_hd__a21o_2)
                                         _096_ (net)
                  0.04    0.00    2.80 v _197_/A (sky130_fd_sc_hd__nand2_2)
     2    0.01    0.09    0.09    2.89 ^ _197_/Y (sky130_fd_sc_hd__nand2_2)
                                         _112_ (net)
                  0.09    0.00    2.89 ^ _224_/B (sky130_fd_sc_hd__nand2_4)
     1    0.02    0.05    0.07    2.97 v _224_/Y (sky130_fd_sc_hd__nand2_4)
                                         _026_ (net)
                  0.05    0.00    2.97 v _225_/A (sky130_fd_sc_hd__nor2_8)
     1    0.00    0.05    0.09    3.06 ^ _225_/Y (sky130_fd_sc_hd__nor2_8)
                                         _000_ (net)
                  0.05    0.00    3.06 ^ _239_/D (sky130_fd_sc_hd__dfxtp_2)
                                  3.06   data arrival time

                  0.15   10.00   10.00   clock clk (rise edge)
                          0.00   10.00   clock network delay (ideal)
                         -0.25    9.75   clock uncertainty
                          0.00    9.75   clock reconvergence pessimism
                                  9.75 ^ _239_/CLK (sky130_fd_sc_hd__dfxtp_2)
                         -0.04    9.71   library setup time
                                  9.71   data required time
-----------------------------------------------------------------------------
                                  9.71   data required time
                                 -3.06   data arrival time
-----------------------------------------------------------------------------
                                  6.65   slack (MET)


Startpoint: a[2] (input port clocked by clk)
Endpoint: _237_ (rising edge-triggered flip-flop clocked by clk)
Path Group: clk
Path Type: max

Fanout     Cap    Slew   Delay    Time   Description
-----------------------------------------------------------------------------
                  0.15    0.00    0.00   clock clk (rise edge)
                          0.00    0.00   clock network delay (ideal)
                          2.00    2.00 v input external delay
     3    0.01    0.02    0.02    2.02 v a[2] (in)
                                         a[2] (net)
                  0.02    0.00    2.02 v _173_/A (sky130_fd_sc_hd__nor2_2)
     2    0.01    0.13    0.14    2.16 ^ _173_/Y (sky130_fd_sc_hd__nor2_2)
                                         _088_ (net)
                  0.13    0.00    2.16 ^ _174_/A (sky130_fd_sc_hd__inv_2)
     2    0.01    0.05    0.07    2.23 v _174_/Y (sky130_fd_sc_hd__inv_2)
                                         _089_ (net)
                  0.05    0.00    2.23 v _176_/A (sky130_fd_sc_hd__nand2_4)
     4    0.02    0.08    0.08    2.31 ^ _176_/Y (sky130_fd_sc_hd__nand2_4)
                                         _091_ (net)
                  0.08    0.00    2.31 ^ _177_/A (sky130_fd_sc_hd__inv_2)
     3    0.01    0.04    0.05    2.37 v _177_/Y (sky130_fd_sc_hd__inv_2)
                                         _092_ (net)
                  0.04    0.00    2.37 v _179_/A (sky130_fd_sc_hd__or2_4)
     1    0.00    0.04    0.24    2.61 v _179_/X (sky130_fd_sc_hd__or2_4)
                                         _094_ (net)
                  0.04    0.00    2.61 v _181_/A1 (sky130_fd_sc_hd__a21o_2)
     1    0.00    0.04    0.20    2.80 v _181_/X (sky130_fd_sc_hd__a21o_2)
                                         _096_ (net)
                  0.04    0.00    2.80 v _197_/A (sky130_fd_sc_hd__nand2_2)
     2    0.01    0.09    0.09    2.89 ^ _197_/Y (sky130_fd_sc_hd__nand2_2)
                                         _112_ (net)
                  0.09    0.00    2.89 ^ _198_/A (sky130_fd_sc_hd__inv_2)
     1    0.00    0.02    0.03    2.92 v _198_/Y (sky130_fd_sc_hd__inv_2)
                                         _115_ (net)
                  0.02    0.00    2.92 v _237_/D (sky130_fd_sc_hd__dfxtp_2)
                                  2.92   data arrival time

                  0.15   10.00   10.00   clock clk (rise edge)
                          0.00   10.00   clock network delay (ideal)
                         -0.25    9.75   clock uncertainty
                          0.00    9.75   clock reconvergence pessimism
                                  9.75 ^ _237_/CLK (sky130_fd_sc_hd__dfxtp_2)
                         -0.08    9.67   library setup time
                                  9.67   data required time
-----------------------------------------------------------------------------
                                  9.67   data required time
                                 -2.92   data arrival time
-----------------------------------------------------------------------------
                                  6.75   slack (MET)


Startpoint: b[1] (input port clocked by clk)
Endpoint: _238_ (rising edge-triggered flip-flop clocked by clk)
Path Group: clk
Path Type: max

Fanout     Cap    Slew   Delay    Time   Description
-----------------------------------------------------------------------------
                  0.15    0.00    0.00   clock clk (rise edge)
                          0.00    0.00   clock network delay (ideal)
                          2.00    2.00 ^ input external delay
     3    0.01    0.07    0.05    2.05 ^ b[1] (in)
                                         b[1] (net)
                  0.07    0.00    2.05 ^ _151_/A (sky130_fd_sc_hd__inv_2)
     2    0.01    0.04    0.06    2.11 v _151_/Y (sky130_fd_sc_hd__inv_2)
                                         _067_ (net)
                  0.04    0.00    2.11 v _152_/B (sky130_fd_sc_hd__nand2_4)
     3    0.02    0.08    0.09    2.19 ^ _152_/Y (sky130_fd_sc_hd__nand2_4)
                                         _068_ (net)
                  0.08    0.00    2.19 ^ _154_/A (sky130_fd_sc_hd__nand2_4)
     4    0.02    0.06    0.07    2.26 v _154_/Y (sky130_fd_sc_hd__nand2_4)
                                         _070_ (net)
                  0.06    0.00    2.26 v _155_/A (sky130_fd_sc_hd__nand2_4)
     3    0.01    0.06    0.08    2.34 ^ _155_/Y (sky130_fd_sc_hd__nand2_4)
                                         _071_ (net)
                  0.06    0.00    2.34 ^ _192_/A (sky130_fd_sc_hd__nand2_2)
     1    0.00    0.03    0.05    2.39 v _192_/Y (sky130_fd_sc_hd__nand2_2)
                                         _107_ (net)
                  0.03    0.00    2.39 v _193_/A (sky130_fd_sc_hd__nand2_2)
     3    0.01    0.09    0.08    2.48 ^ _193_/Y (sky130_fd_sc_hd__nand2_2)
                                         _108_ (net)
                  0.09    0.00    2.48 ^ _200_/A (sky130_fd_sc_hd__nand2_2)
     1    0.00    0.04    0.05    2.53 v _200_/Y (sky130_fd_sc_hd__nand2_2)
                                         _003_ (net)
                  0.04    0.00    2.53 v _206_/A (sky130_fd_sc_hd__nand2_2)
     2    0.01    0.07    0.07    2.60 ^ _206_/Y (sky130_fd_sc_hd__nand2_2)
                                         _009_ (net)
                  0.07    0.00    2.60 ^ _209_/A (sky130_fd_sc_hd__nand3_2)
     1    0.01    0.09    0.08    2.68 v _209_/Y (sky130_fd_sc_hd__nand3_2)
                                         _012_ (net)
                  0.09    0.00    2.68 v _222_/A1 (sky130_fd_sc_hd__a21oi_4)
     2    0.02    0.19    0.21    2.89 ^ _222_/Y (sky130_fd_sc_hd__a21oi_4)
                                         _116_ (net)
                  0.19    0.00    2.89 ^ _238_/D (sky130_fd_sc_hd__dfxtp_2)
                                  2.89   data arrival time

                  0.15   10.00   10.00   clock clk (rise edge)
                          0.00   10.00   clock network delay (ideal)
                         -0.25    9.75   clock uncertainty
                          0.00    9.75   clock reconvergence pessimism
                                  9.75 ^ _238_/CLK (sky130_fd_sc_hd__dfxtp_2)
                         -0.08    9.67   library setup time
                                  9.67   data required time
-----------------------------------------------------------------------------
                                  9.67   data required time
                                 -2.89   data arrival time
-----------------------------------------------------------------------------
                                  6.78   slack (MET)


Startpoint: control[1] (input port clocked by clk)
Endpoint: _235_ (rising edge-triggered flip-flop clocked by clk)
Path Group: clk
Path Type: max

Fanout     Cap    Slew   Delay    Time   Description
-----------------------------------------------------------------------------
                  0.15    0.00    0.00   clock clk (rise edge)
                          0.00    0.00   clock network delay (ideal)
                          2.00    2.00 v input external delay
     2    0.01    0.02    0.01    2.01 v control[1] (in)
                                         control[1] (net)
                  0.02    0.00    2.01 v _120_/A (sky130_fd_sc_hd__inv_2)
     6    0.03    0.15    0.13    2.14 ^ _120_/Y (sky130_fd_sc_hd__inv_2)
                                         _037_ (net)
                  0.15    0.00    2.14 ^ _139_/A (sky130_fd_sc_hd__nand2_4)
     3    0.01    0.06    0.08    2.21 v _139_/Y (sky130_fd_sc_hd__nand2_4)
                                         _056_ (net)
                  0.06    0.00    2.21 v _143_/B (sky130_fd_sc_hd__nor2_2)
     4    0.02    0.22    0.20    2.42 ^ _143_/Y (sky130_fd_sc_hd__nor2_2)
                                         _060_ (net)
                  0.22    0.00    2.42 ^ _144_/A (sky130_fd_sc_hd__inv_2)
     3    0.01    0.06    0.07    2.49 v _144_/Y (sky130_fd_sc_hd__inv_2)
                                         _061_ (net)
                  0.06    0.00    2.49 v _145_/B (sky130_fd_sc_hd__or2_4)
     1    0.01    0.05    0.25    2.74 v _145_/X (sky130_fd_sc_hd__or2_4)
                                         _062_ (net)
                  0.05    0.00    2.74 v _146_/C (sky130_fd_sc_hd__nand3_4)
     2    0.01    0.07    0.09    2.83 ^ _146_/Y (sky130_fd_sc_hd__nand3_4)
                                         _113_ (net)
                  0.07    0.00    2.83 ^ _235_/D (sky130_fd_sc_hd__dfxtp_2)
                                  2.83   data arrival time

                  0.15   10.00   10.00   clock clk (rise edge)
                          0.00   10.00   clock network delay (ideal)
                         -0.25    9.75   clock uncertainty
                          0.00    9.75   clock reconvergence pessimism
                                  9.75 ^ _235_/CLK (sky130_fd_sc_hd__dfxtp_2)
                         -0.05    9.70   library setup time
                                  9.70   data required time
-----------------------------------------------------------------------------
                                  9.70   data required time
                                 -2.83   data arrival time
-----------------------------------------------------------------------------
                                  6.87   slack (MET)


Startpoint: b[1] (input port clocked by clk)
Endpoint: _234_ (rising edge-triggered flip-flop clocked by clk)
Path Group: clk
Path Type: max

Fanout     Cap    Slew   Delay    Time   Description
-----------------------------------------------------------------------------
                  0.15    0.00    0.00   clock clk (rise edge)
                          0.00    0.00   clock network delay (ideal)
                          2.00    2.00 ^ input external delay
     3    0.01    0.07    0.05    2.05 ^ b[1] (in)
                                         b[1] (net)
                  0.07    0.00    2.05 ^ _151_/A (sky130_fd_sc_hd__inv_2)
     2    0.01    0.04    0.06    2.11 v _151_/Y (sky130_fd_sc_hd__inv_2)
                                         _067_ (net)
                  0.04    0.00    2.11 v _152_/B (sky130_fd_sc_hd__nand2_4)
     3    0.02    0.08    0.09    2.19 ^ _152_/Y (sky130_fd_sc_hd__nand2_4)
                                         _068_ (net)
                  0.08    0.00    2.19 ^ _154_/A (sky130_fd_sc_hd__nand2_4)
     4    0.02    0.06    0.07    2.26 v _154_/Y (sky130_fd_sc_hd__nand2_4)
                                         _070_ (net)
                  0.06    0.00    2.26 v _155_/A (sky130_fd_sc_hd__nand2_4)
     3    0.01    0.06    0.08    2.34 ^ _155_/Y (sky130_fd_sc_hd__nand2_4)
                                         _071_ (net)
                  0.06    0.00    2.34 ^ _192_/A (sky130_fd_sc_hd__nand2_2)
     1    0.00    0.03    0.05    2.39 v _192_/Y (sky130_fd_sc_hd__nand2_2)
                                         _107_ (net)
                  0.03    0.00    2.39 v _193_/A (sky130_fd_sc_hd__nand2_2)
     3    0.01    0.09    0.08    2.48 ^ _193_/Y (sky130_fd_sc_hd__nand2_2)
                                         _108_ (net)
                  0.09    0.00    2.48 ^ _200_/A (sky130_fd_sc_hd__nand2_2)
     1    0.00    0.04    0.05    2.53 v _200_/Y (sky130_fd_sc_hd__nand2_2)
                                         _003_ (net)
                  0.04    0.00    2.53 v _206_/A (sky130_fd_sc_hd__nand2_2)
     2    0.01    0.07    0.07    2.60 ^ _206_/Y (sky130_fd_sc_hd__nand2_2)
                                         _009_ (net)
                  0.07    0.00    2.60 ^ _227_/A (sky130_fd_sc_hd__nand3_2)
     1    0.01    0.09    0.08    2.68 v _227_/Y (sky130_fd_sc_hd__nand3_2)
                                         _028_ (net)
                  0.09    0.00    2.68 v _233_/A1 (sky130_fd_sc_hd__a31oi_4)
     1    0.00    0.10    0.13    2.81 ^ _233_/Y (sky130_fd_sc_hd__a31oi_4)
                                         _001_ (net)
                  0.10    0.00    2.81 ^ _234_/D (sky130_fd_sc_hd__dfxtp_2)
                                  2.81   data arrival time

                  0.15   10.00   10.00   clock clk (rise edge)
                          0.00   10.00   clock network delay (ideal)
                         -0.25    9.75   clock uncertainty
                          0.00    9.75   clock reconvergence pessimism
                                  9.75 ^ _234_/CLK (sky130_fd_sc_hd__dfxtp_2)
                         -0.06    9.69   library setup time
                                  9.69   data required time
-----------------------------------------------------------------------------
                                  9.69   data required time
                                 -2.81   data arrival time
-----------------------------------------------------------------------------
                                  6.88   slack (MET)


Startpoint: control[2] (input port clocked by clk)
Endpoint: _236_ (rising edge-triggered flip-flop clocked by clk)
Path Group: clk
Path Type: max

Fanout     Cap    Slew   Delay    Time   Description
-----------------------------------------------------------------------------
                  0.15    0.00    0.00   clock clk (rise edge)
                          0.00    0.00   clock network delay (ideal)
                          2.00    2.00 ^ input external delay
     9    0.04    0.21    0.15    2.15 ^ control[2] (in)
                                         control[2] (net)
                  0.21    0.00    2.15 ^ _134_/A (sky130_fd_sc_hd__nor2_2)
     4    0.02    0.08    0.11    2.26 v _134_/Y (sky130_fd_sc_hd__nor2_2)
                                         _051_ (net)
                  0.08    0.00    2.26 v _135_/A (sky130_fd_sc_hd__nand2_2)
     2    0.01    0.07    0.09    2.35 ^ _135_/Y (sky130_fd_sc_hd__nand2_2)
                                         _052_ (net)
                  0.07    0.00    2.35 ^ _158_/B (sky130_fd_sc_hd__nor2_2)
     1    0.00    0.05    0.04    2.39 v _158_/Y (sky130_fd_sc_hd__nor2_2)
                                         _074_ (net)
                  0.05    0.00    2.39 v _161_/A (sky130_fd_sc_hd__nor2_2)
     1    0.00    0.08    0.11    2.50 ^ _161_/Y (sky130_fd_sc_hd__nor2_2)
                                         _077_ (net)
                  0.08    0.00    2.50 ^ _162_/B (sky130_fd_sc_hd__nand2_2)
     1    0.00    0.03    0.06    2.56 v _162_/Y (sky130_fd_sc_hd__nand2_2)
                                         _078_ (net)
                  0.03    0.00    2.56 v _163_/A (sky130_fd_sc_hd__inv_2)
     1    0.01    0.05    0.06    2.61 ^ _163_/Y (sky130_fd_sc_hd__inv_2)
                                         _079_ (net)
                  0.05    0.00    2.61 ^ _172_/A (sky130_fd_sc_hd__nand3_4)
     2    0.01    0.07    0.07    2.68 v _172_/Y (sky130_fd_sc_hd__nand3_4)
                                         _114_ (net)
                  0.07    0.00    2.68 v _236_/D (sky130_fd_sc_hd__dfxtp_2)
                                  2.68   data arrival time

                  0.15   10.00   10.00   clock clk (rise edge)
                          0.00   10.00   clock network delay (ideal)
                         -0.25    9.75   clock uncertainty
                          0.00    9.75   clock reconvergence pessimism
                                  9.75 ^ _236_/CLK (sky130_fd_sc_hd__dfxtp_2)
                         -0.10    9.65   library setup time
                                  9.65   data required time
-----------------------------------------------------------------------------
                                  9.65   data required time
                                 -2.68   data arrival time
-----------------------------------------------------------------------------
                                  6.97   slack (MET)


Startpoint: _234_ (rising edge-triggered flip-flop clocked by clk)
Endpoint: carry_out (output port clocked by clk)
Path Group: clk
Path Type: max

Fanout     Cap    Slew   Delay    Time   Description
-----------------------------------------------------------------------------
                  0.15    0.00    0.00   clock clk (rise edge)
                          0.00    0.00   clock network delay (ideal)
                  0.15    0.00    0.00 ^ _234_/CLK (sky130_fd_sc_hd__dfxtp_2)
     2    0.04    0.20    0.49    0.49 ^ _234_/Q (sky130_fd_sc_hd__dfxtp_2)
                                         carry_out (net)
                  0.20    0.00    0.49 ^ carry_out (out)
                                  0.49   data arrival time

                  0.15   10.00   10.00   clock clk (rise edge)
                          0.00   10.00   clock network delay (ideal)
                         -0.25    9.75   clock uncertainty
                          0.00    9.75   clock reconvergence pessimism
                         -2.00    7.75   output external delay
                                  7.75   data required time
-----------------------------------------------------------------------------
                                  7.75   data required time
                                 -0.49   data arrival time
-----------------------------------------------------------------------------
                                  7.26   slack (MET)


Startpoint: _235_ (rising edge-triggered flip-flop clocked by clk)
Endpoint: result[0] (output port clocked by clk)
Path Group: clk
Path Type: max

Fanout     Cap    Slew   Delay    Time   Description
-----------------------------------------------------------------------------
                  0.15    0.00    0.00   clock clk (rise edge)
                          0.00    0.00   clock network delay (ideal)
                  0.15    0.00    0.00 ^ _235_/CLK (sky130_fd_sc_hd__dfxtp_2)
     1    0.03    0.18    0.47    0.47 ^ _235_/Q (sky130_fd_sc_hd__dfxtp_2)
                                         result[0] (net)
                  0.18    0.00    0.47 ^ result[0] (out)
                                  0.47   data arrival time

                  0.15   10.00   10.00   clock clk (rise edge)
                          0.00   10.00   clock network delay (ideal)
                         -0.25    9.75   clock uncertainty
                          0.00    9.75   clock reconvergence pessimism
                         -2.00    7.75   output external delay
                                  7.75   data required time
-----------------------------------------------------------------------------
                                  7.75   data required time
                                 -0.47   data arrival time
-----------------------------------------------------------------------------
                                  7.28   slack (MET)


Startpoint: _236_ (rising edge-triggered flip-flop clocked by clk)
Endpoint: result[1] (output port clocked by clk)
Path Group: clk
Path Type: max

Fanout     Cap    Slew   Delay    Time   Description
-----------------------------------------------------------------------------
                  0.15    0.00    0.00   clock clk (rise edge)
                          0.00    0.00   clock network delay (ideal)
                  0.15    0.00    0.00 ^ _236_/CLK (sky130_fd_sc_hd__dfxtp_2)
     1    0.03    0.18    0.47    0.47 ^ _236_/Q (sky130_fd_sc_hd__dfxtp_2)
                                         result[1] (net)
                  0.18    0.00    0.47 ^ result[1] (out)
                                  0.47   data arrival time

                  0.15   10.00   10.00   clock clk (rise edge)
                          0.00   10.00   clock network delay (ideal)
                         -0.25    9.75   clock uncertainty
                          0.00    9.75   clock reconvergence pessimism
                         -2.00    7.75   output external delay
                                  7.75   data required time
-----------------------------------------------------------------------------
                                  7.75   data required time
                                 -0.47   data arrival time
-----------------------------------------------------------------------------
                                  7.28   slack (MET)


Startpoint: _237_ (rising edge-triggered flip-flop clocked by clk)
Endpoint: result[2] (output port clocked by clk)
Path Group: clk
Path Type: max

Fanout     Cap    Slew   Delay    Time   Description
-----------------------------------------------------------------------------
                  0.15    0.00    0.00   clock clk (rise edge)
                          0.00    0.00   clock network delay (ideal)
                  0.15    0.00    0.00 ^ _237_/CLK (sky130_fd_sc_hd__dfxtp_2)
     1    0.03    0.18    0.47    0.47 ^ _237_/Q (sky130_fd_sc_hd__dfxtp_2)
                                         result[2] (net)
                  0.18    0.00    0.47 ^ result[2] (out)
                                  0.47   data arrival time

                  0.15   10.00   10.00   clock clk (rise edge)
                          0.00   10.00   clock network delay (ideal)
                         -0.25    9.75   clock uncertainty
                          0.00    9.75   clock reconvergence pessimism
                         -2.00    7.75   output external delay
                                  7.75   data required time
-----------------------------------------------------------------------------
                                  7.75   data required time
                                 -0.47   data arrival time
-----------------------------------------------------------------------------
                                  7.28   slack (MET)


Startpoint: _238_ (rising edge-triggered flip-flop clocked by clk)
Endpoint: result[3] (output port clocked by clk)
Path Group: clk
Path Type: max

Fanout     Cap    Slew   Delay    Time   Description
-----------------------------------------------------------------------------
                  0.15    0.00    0.00   clock clk (rise edge)
                          0.00    0.00   clock network delay (ideal)
                  0.15    0.00    0.00 ^ _238_/CLK (sky130_fd_sc_hd__dfxtp_2)
     1    0.03    0.18    0.47    0.47 ^ _238_/Q (sky130_fd_sc_hd__dfxtp_2)
                                         result[3] (net)
                  0.18    0.00    0.47 ^ result[3] (out)
                                  0.47   data arrival time

                  0.15   10.00   10.00   clock clk (rise edge)
                          0.00   10.00   clock network delay (ideal)
                         -0.25    9.75   clock uncertainty
                          0.00    9.75   clock reconvergence pessimism
                         -2.00    7.75   output external delay
                                  7.75   data required time
-----------------------------------------------------------------------------
                                  7.75   data required time
                                 -0.47   data arrival time
-----------------------------------------------------------------------------
                                  7.28   slack (MET)


Startpoint: _239_ (rising edge-triggered flip-flop clocked by clk)
Endpoint: zero (output port clocked by clk)
Path Group: clk
Path Type: max

Fanout     Cap    Slew   Delay    Time   Description
-----------------------------------------------------------------------------
                  0.15    0.00    0.00   clock clk (rise edge)
                          0.00    0.00   clock network delay (ideal)
                  0.15    0.00    0.00 ^ _239_/CLK (sky130_fd_sc_hd__dfxtp_2)
     1    0.03    0.18    0.47    0.47 ^ _239_/Q (sky130_fd_sc_hd__dfxtp_2)
                                         zero (net)
                  0.18    0.00    0.47 ^ zero (out)
                                  0.47   data arrival time

                  0.15   10.00   10.00   clock clk (rise edge)
                          0.00   10.00   clock network delay (ideal)
                         -0.25    9.75   clock uncertainty
                          0.00    9.75   clock reconvergence pessimism
                         -2.00    7.75   output external delay
                                  7.75   data required time
-----------------------------------------------------------------------------
                                  7.75   data required time
                                 -0.47   data arrival time
-----------------------------------------------------------------------------
                                  7.28   slack (MET)



worst slack corner Typical: 6.6466
