Instance,Terminal,Layer,X location,Y location,Voltage
FILLER_0_13_69,VPWR,li1,39.1000,40.8000,1.799981
FILLER_0_13_57,VPWR,li1,34.5000,40.8000,1.799986
FILLER_0_13_48,VPWR,li1,29.4400,40.8000,1.799991
FILLER_0_13_43,VPWR,li1,25.7600,40.8000,1.799993
FILLER_0_13_29,VPWR,li1,20.7000,40.8000,1.799996
FILLER_0_13_20,VPWR,li1,16.5600,40.8000,1.799996
FILLER_0_13_13,VPWR,li1,11.7300,40.8000,1.799997
FILLER_0_13_9,VPWR,li1,9.8900,40.8000,1.799997
FILLER_0_13_3,VPWR,li1,8.2800,40.8000,1.799997
FILLER_0_12_58,VPWR,li1,32.8900,40.8000,1.799989
FILLER_0_12_54,VPWR,li1,30.5900,40.8000,1.799991
FILLER_0_12_45,VPWR,li1,26.4500,40.8000,1.799993
FILLER_0_12_33,VPWR,li1,20.9300,40.8000,1.799996
FILLER_0_12_20,VPWR,li1,14.9500,40.8000,1.799996
FILLER_0_12_3,VPWR,li1,8.7400,40.8000,1.799997
FILLER_0_11_57,VPWR,li1,33.5800,35.3600,1.799997
FILLER_0_11_55,VPWR,li1,31.0500,35.3600,1.799998
FILLER_0_11_51,VPWR,li1,29.9000,35.3600,1.799998
FILLER_0_11_46,VPWR,li1,27.1400,35.3600,1.799998
FILLER_0_11_38,VPWR,li1,23.9200,35.3600,1.799998
FILLER_0_11_34,VPWR,li1,21.3900,35.3600,1.799998
FILLER_0_11_28,VPWR,li1,19.7800,35.3600,1.799998
FILLER_0_11_24,VPWR,li1,16.7900,35.3600,1.799998
FILLER_0_11_18,VPWR,li1,15.1800,35.3600,1.799998
FILLER_0_11_9,VPWR,li1,10.5800,35.3600,1.799998
FILLER_0_10_56,VPWR,li1,32.6600,35.3600,1.799997
FILLER_0_10_50,VPWR,li1,28.7500,35.3600,1.799998
FILLER_0_10_38,VPWR,li1,25.7600,35.3600,1.799998
FILLER_0_10_29,VPWR,li1,20.2400,35.3600,1.799998
FILLER_0_10_20,VPWR,li1,16.5600,35.3600,1.799998
FILLER_0_10_3,VPWR,li1,7.8200,35.3600,1.799998
FILLER_0_9_73,VPWR,li1,40.0200,29.9200,1.799993
FILLER_0_9_61,VPWR,li1,36.3400,29.9200,1.799994
FILLER_0_9_54,VPWR,li1,30.8200,29.9200,1.799997
FILLER_0_9_11,VPWR,li1,11.2700,29.9200,1.799998
FILLER_0_9_3,VPWR,li1,8.7400,29.9200,1.799998
FILLER_0_8_64,VPWR,li1,35.1900,29.9200,1.799995
FILLER_0_8_58,VPWR,li1,33.5800,29.9200,1.799995
FILLER_0_8_46,VPWR,li1,29.4400,29.9200,1.799997
FILLER_0_8_39,VPWR,li1,24.3800,29.9200,1.799997
FILLER_0_8_27,VPWR,li1,18.1700,29.9200,1.799998
FILLER_0_8_20,VPWR,li1,15.4100,29.9200,1.799998
FILLER_0_8_3,VPWR,li1,8.2800,29.9200,1.799998
FILLER_0_7_57,VPWR,li1,31.9700,24.4800,1.799985
FILLER_0_7_54,VPWR,li1,30.8200,24.4800,1.799985
FILLER_0_7_46,VPWR,li1,28.5200,24.4800,1.799989
FILLER_0_7_41,VPWR,li1,24.8400,24.4800,1.799991
FILLER_0_7_29,VPWR,li1,21.6200,24.4800,1.799993
FILLER_0_7_22,VPWR,li1,16.5600,24.4800,1.799995
FILLER_0_7_17,VPWR,li1,13.5700,24.4800,1.799996
FILLER_0_7_11,VPWR,li1,11.9600,24.4800,1.799996
FILLER_0_7_7,VPWR,li1,8.9700,24.4800,1.799996
FILLER_0_6_61,VPWR,li1,33.8100,24.4800,1.799982
FILLER_0_6_33,VPWR,li1,21.3900,24.4800,1.799993
FILLER_0_6_27,VPWR,li1,18.1700,24.4800,1.799995
FILLER_0_6_22,VPWR,li1,16.1000,24.4800,1.799995
FILLER_0_6_9,VPWR,li1,9.8900,24.4800,1.799996
FILLER_0_6_3,VPWR,li1,8.2800,24.4800,1.799996
FILLER_0_5_67,VPWR,li1,37.7200,19.0400,1.799992
FILLER_0_5_60,VPWR,li1,33.3500,19.0400,1.799994
FILLER_0_5_54,VPWR,li1,30.8200,19.0400,1.799996
FILLER_0_5_50,VPWR,li1,28.7500,19.0400,1.799996
FILLER_0_5_46,VPWR,li1,27.6000,19.0400,1.799996
FILLER_0_5_39,VPWR,li1,24.3800,19.0400,1.799997
FILLER_0_5_21,VPWR,li1,15.6400,19.0400,1.799998
FILLER_0_5_13,VPWR,li1,13.3400,19.0400,1.799998
FILLER_0_5_9,VPWR,li1,9.8900,19.0400,1.799998
FILLER_0_5_3,VPWR,li1,7.3600,19.0400,1.799998
FILLER_0_4_62,VPWR,li1,34.7300,19.0400,1.799994
FILLER_0_4_53,VPWR,li1,31.2800,19.0400,1.799996
FILLER_0_4_41,VPWR,li1,27.1400,19.0400,1.799996
FILLER_0_4_29,VPWR,li1,21.6200,19.0400,1.799997
FILLER_0_4_24,VPWR,li1,17.4800,19.0400,1.799998
FILLER_0_4_14,VPWR,li1,12.6500,19.0400,1.799998
FILLER_0_4_10,VPWR,li1,10.3500,19.0400,1.799998
FILLER_0_4_3,VPWR,li1,7.8200,19.0400,1.799998
FILLER_0_3_61,VPWR,li1,36.3400,13.6000,1.799980
FILLER_0_3_34,VPWR,li1,23.0000,13.6000,1.799993
FILLER_0_3_30,VPWR,li1,19.5500,13.6000,1.799995
FILLER_0_3_26,VPWR,li1,17.7100,13.6000,1.799995
FILLER_0_3_22,VPWR,li1,16.5600,13.6000,1.799995
FILLER_0_3_10,VPWR,li1,11.5000,13.6000,1.799996
FILLER_0_3_6,VPWR,li1,8.5100,13.6000,1.799996
FILLER_0_2_41,VPWR,li1,25.0700,13.6000,1.799992
FILLER_0_1_54,VPWR,li1,30.8200,8.1600,1.799996
FILLER_0_1_39,VPWR,li1,23.9200,8.1600,1.799997
FILLER_0_1_18,VPWR,li1,14.0300,8.1600,1.799998
FILLER_0_1_14,VPWR,li1,12.8800,8.1600,1.799998
FILLER_0_1_6,VPWR,li1,8.7400,8.1600,1.799998
FILLER_0_0_69,VPWR,li1,37.4900,8.1600,1.799993
FILLER_0_0_57,VPWR,li1,34.5000,8.1600,1.799994
FILLER_0_0_55,VPWR,li1,31.0500,8.1600,1.799996
FILLER_0_0_47,VPWR,li1,28.9800,8.1600,1.799996
FILLER_0_0_35,VPWR,li1,24.3800,8.1600,1.799997
FILLER_0_0_27,VPWR,li1,18.1700,8.1600,1.799997
FILLER_0_0_20,VPWR,li1,15.6400,8.1600,1.799997
FILLER_0_0_15,VPWR,li1,12.8800,8.1600,1.799998
FILLER_0_0_3,VPWR,li1,9.6600,8.1600,1.799998
hold1,VPWR,li1,40.9400,8.1600,1.799994
clkbuf_1_1__f_clk,VPWR,li1,38.1800,40.8000,1.799981
clkbuf_1_0__f_clk,VPWR,li1,38.1800,13.6000,1.799978
clkbuf_0_clk,VPWR,li1,38.1800,24.4800,1.799974
output17,VPWR,li1,40.0200,19.0400,1.799991
output16,VPWR,li1,41.8600,13.6000,1.799976
output15,VPWR,li1,41.8600,19.0400,1.799990
output14,VPWR,li1,41.8600,40.8000,1.799980
output13,VPWR,li1,41.8600,29.9200,1.799993
output12,VPWR,li1,40.0200,13.6000,1.799977
input11,VPWR,li1,8.2800,35.3600,1.799998
input10,VPWR,li1,14.0300,8.1600,1.799998
input9,VPWR,li1,7.8200,24.4800,1.799996
input8,VPWR,li1,17.2500,8.1600,1.799997
input7,VPWR,li1,7.5900,13.6000,1.799996
input6,VPWR,li1,23.2300,40.8000,1.799994
input5,VPWR,li1,14.0300,40.8000,1.799996
input4,VPWR,li1,20.9300,8.1600,1.799997
input3,VPWR,li1,7.5900,8.1600,1.799998
input2,VPWR,li1,26.9100,40.8000,1.799993
input1,VPWR,li1,10.8100,40.8000,1.799997
TAP_TAPCELL_ROW_13_43,VPWR,li1,31.5100,41.1060,1.799989
TAP_TAPCELL_ROW_13_42,VPWR,li1,18.6300,41.1060,1.799996
TAP_TAPCELL_ROW_12_41,VPWR,li1,18.6300,40.4930,1.799996
TAP_TAPCELL_ROW_11_40,VPWR,li1,31.5100,35.6660,1.799997
TAP_TAPCELL_ROW_10_39,VPWR,li1,18.6300,35.0530,1.799998
TAP_TAPCELL_ROW_9_38,VPWR,li1,31.5100,30.2260,1.799996
TAP_TAPCELL_ROW_8_37,VPWR,li1,18.6300,29.6130,1.799998
TAP_TAPCELL_ROW_7_36,VPWR,li1,31.5100,24.7860,1.799985
TAP_TAPCELL_ROW_6_35,VPWR,li1,18.6300,24.1730,1.799995
TAP_TAPCELL_ROW_5_34,VPWR,li1,31.5100,19.3460,1.799995
TAP_TAPCELL_ROW_4_33,VPWR,li1,18.6300,18.7330,1.799998
TAP_TAPCELL_ROW_3_32,VPWR,li1,31.5100,13.9060,1.799986
TAP_TAPCELL_ROW_2_31,VPWR,li1,18.6300,13.2930,1.799995
TAP_TAPCELL_ROW_1_30,VPWR,li1,31.5100,8.4660,1.799996
TAP_TAPCELL_ROW_0_29,VPWR,li1,31.5100,7.8530,1.799996
TAP_TAPCELL_ROW_0_28,VPWR,li1,18.6300,7.8530,1.799997
PHY_EDGE_ROW_13_Left_27,VPWR,li1,6.2100,40.8000,1.799997
PHY_EDGE_ROW_12_Left_26,VPWR,li1,6.2100,40.8000,1.799997
PHY_EDGE_ROW_11_Left_25,VPWR,li1,6.2100,35.3600,1.799998
PHY_EDGE_ROW_10_Left_24,VPWR,li1,6.2100,35.3600,1.799998
PHY_EDGE_ROW_9_Left_23,VPWR,li1,6.2100,29.9200,1.799998
PHY_EDGE_ROW_8_Left_22,VPWR,li1,6.2100,29.9200,1.799998
PHY_EDGE_ROW_7_Left_21,VPWR,li1,6.2100,24.4800,1.799996
PHY_EDGE_ROW_6_Left_20,VPWR,li1,6.2100,24.4800,1.799996
PHY_EDGE_ROW_5_Left_19,VPWR,li1,6.2100,19.0400,1.799998
PHY_EDGE_ROW_4_Left_18,VPWR,li1,6.2100,19.0400,1.799998
PHY_EDGE_ROW_3_Left_17,VPWR,li1,6.2100,13.6000,1.799996
PHY_EDGE_ROW_2_Left_16,VPWR,li1,6.2100,13.6000,1.799996
PHY_EDGE_ROW_1_Left_15,VPWR,li1,6.2100,8.1600,1.799998
PHY_EDGE_ROW_0_Left_14,VPWR,li1,6.2100,8.1600,1.799998
PHY_EDGE_ROW_13_Right_13,VPWR,li1,43.4700,40.8000,1.799980
PHY_EDGE_ROW_12_Right_12,VPWR,li1,43.4700,40.8000,1.799980
PHY_EDGE_ROW_11_Right_11,VPWR,li1,43.4700,35.3600,1.799995
PHY_EDGE_ROW_10_Right_10,VPWR,li1,43.4700,35.3600,1.799995
PHY_EDGE_ROW_9_Right_9,VPWR,li1,43.4700,29.9200,1.799993
PHY_EDGE_ROW_8_Right_8,VPWR,li1,43.4700,29.9200,1.799993
PHY_EDGE_ROW_7_Right_7,VPWR,li1,43.4700,24.4800,1.799974
PHY_EDGE_ROW_6_Right_6,VPWR,li1,43.4700,24.4800,1.799974
PHY_EDGE_ROW_5_Right_5,VPWR,li1,43.4700,19.0400,1.799990
PHY_EDGE_ROW_4_Right_4,VPWR,li1,43.4700,19.0400,1.799990
PHY_EDGE_ROW_3_Right_3,VPWR,li1,43.4700,13.6000,1.799976
PHY_EDGE_ROW_2_Right_2,VPWR,li1,43.4700,13.6000,1.799976
PHY_EDGE_ROW_1_Right_1,VPWR,li1,43.4700,8.1600,1.799994
PHY_EDGE_ROW_0_Right_0,VPWR,li1,43.4700,8.1600,1.799994
_239_,VPWR,li1,39.1000,24.4800,1.799974
_238_,VPWR,li1,39.1000,19.0400,1.799992
_237_,VPWR,li1,39.1000,29.9200,1.799993
_236_,VPWR,li1,39.1000,35.3600,1.799995
_235_,VPWR,li1,39.1000,35.3600,1.799995
_234_,VPWR,li1,39.1000,8.1600,1.799993
_233_,VPWR,li1,32.4300,13.6000,1.799986
_232_,VPWR,li1,38.4100,8.1600,1.799993
_231_,VPWR,li1,33.3500,19.0400,1.799994
_230_,VPWR,li1,29.2100,13.6000,1.799990
_229_,VPWR,li1,30.5900,13.6000,1.799990
_228_,VPWR,li1,26.4500,13.6000,1.799992
_227_,VPWR,li1,34.5000,8.1600,1.799994
_226_,VPWR,li1,22.7700,8.1600,1.799997
_225_,VPWR,li1,35.6500,19.0400,1.799993
_224_,VPWR,li1,32.8900,24.4800,1.799982
_223_,VPWR,li1,34.7300,35.3600,1.799997
_222_,VPWR,li1,32.6600,13.6000,1.799986
_221_,VPWR,li1,30.5900,13.6000,1.799990
_220_,VPWR,li1,27.1400,13.6000,1.799991
_219_,VPWR,li1,28.9800,13.6000,1.799990
_218_,VPWR,li1,27.8300,13.6000,1.799991
_217_,VPWR,li1,25.5300,13.6000,1.799992
_216_,VPWR,li1,23.6900,13.6000,1.799993
_215_,VPWR,li1,16.3300,13.6000,1.799995
_214_,VPWR,li1,20.4700,13.6000,1.799995
_213_,VPWR,li1,22.0800,13.6000,1.799993
_212_,VPWR,li1,18.6300,13.6000,1.799995
_211_,VPWR,li1,20.0100,13.6000,1.799995
_210_,VPWR,li1,21.3900,8.1600,1.799997
_209_,VPWR,li1,32.6600,8.1600,1.799995
_208_,VPWR,li1,28.0600,8.1600,1.799996
_207_,VPWR,li1,29.6700,8.1600,1.799996
_206_,VPWR,li1,26.4500,8.1600,1.799996
_205_,VPWR,li1,19.5500,8.1600,1.799997
_204_,VPWR,li1,14.9500,8.1600,1.799997
_203_,VPWR,li1,16.3300,8.1600,1.799997
_202_,VPWR,li1,19.5500,8.1600,1.799997
_201_,VPWR,li1,17.7100,8.1600,1.799997
_200_,VPWR,li1,25.0700,8.1600,1.799997
_199_,VPWR,li1,10.5800,8.1600,1.799998
_198_,VPWR,li1,34.7300,24.4800,1.799979
_197_,VPWR,li1,34.2700,19.0400,1.799994
_196_,VPWR,li1,29.6700,19.0400,1.799996
_195_,VPWR,li1,32.6600,24.4800,1.799982
_194_,VPWR,li1,25.7600,24.4800,1.799991
_193_,VPWR,li1,25.9900,24.4800,1.799990
_192_,VPWR,li1,24.1500,24.4800,1.799991
_191_,VPWR,li1,23.2300,29.9200,1.799997
_190_,VPWR,li1,19.7800,24.4800,1.799995
_189_,VPWR,li1,17.0200,19.0400,1.799998
_188_,VPWR,li1,14.2600,19.0400,1.799998
_187_,VPWR,li1,15.8700,19.0400,1.799998
_186_,VPWR,li1,10.8100,19.0400,1.799998
_185_,VPWR,li1,8.7400,19.0400,1.799998
_184_,VPWR,li1,13.5700,24.4800,1.799996
_183_,VPWR,li1,20.0100,19.0400,1.799997
_182_,VPWR,li1,18.6300,19.0400,1.799998
_181_,VPWR,li1,28.0600,24.4800,1.799989
_180_,VPWR,li1,25.9900,19.0400,1.799996
_179_,VPWR,li1,30.5900,24.4800,1.799985
_178_,VPWR,li1,22.5400,29.9200,1.799997
_177_,VPWR,li1,22.7700,24.4800,1.799993
_176_,VPWR,li1,9.4300,19.0400,1.799998
_175_,VPWR,li1,9.4300,13.6000,1.799996
_174_,VPWR,li1,11.2700,19.0400,1.799998
_173_,VPWR,li1,7.5900,13.6000,1.799996
_172_,VPWR,li1,29.4400,40.8000,1.799991
_171_,VPWR,li1,25.7600,35.3600,1.799998
_170_,VPWR,li1,24.6100,40.8000,1.799993
_169_,VPWR,li1,25.0700,40.8000,1.799993
_168_,VPWR,li1,19.7800,40.8000,1.799996
_167_,VPWR,li1,17.4800,40.8000,1.799996
_166_,VPWR,li1,17.7100,35.3600,1.799998
_165_,VPWR,li1,12.6500,35.3600,1.799998
_164_,VPWR,li1,17.0200,29.9200,1.799998
_163_,VPWR,li1,31.5100,40.8000,1.799989
_162_,VPWR,li1,28.2900,35.3600,1.799998
_161_,VPWR,li1,19.0900,29.9200,1.799998
_160_,VPWR,li1,20.9300,29.9200,1.799998
_159_,VPWR,li1,22.7700,19.0400,1.799997
_158_,VPWR,li1,17.7100,29.9200,1.799998
_157_,VPWR,li1,20.4700,29.9200,1.799998
_156_,VPWR,li1,27.6000,40.8000,1.799993
_155_,VPWR,li1,22.3100,35.3600,1.799998
_154_,VPWR,li1,15.8700,40.8000,1.799996
_153_,VPWR,li1,22.5400,40.8000,1.799994
_152_,VPWR,li1,22.3100,35.3600,1.799998
_151_,VPWR,li1,25.9900,29.9200,1.799997
_150_,VPWR,li1,24.6100,29.9200,1.799997
_149_,VPWR,li1,21.8500,29.9200,1.799997
_148_,VPWR,li1,14.0300,40.8000,1.799996
_147_,VPWR,li1,12.6500,40.8000,1.799996
_146_,VPWR,li1,32.6600,29.9200,1.799996
_145_,VPWR,li1,29.2100,29.9200,1.799997
_144_,VPWR,li1,25.9900,29.9200,1.799997
_143_,VPWR,li1,21.3900,19.0400,1.799997
_142_,VPWR,li1,27.3700,29.9200,1.799997
_141_,VPWR,li1,30.1300,35.3600,1.799998
_140_,VPWR,li1,32.4300,19.0400,1.799995
_139_,VPWR,li1,9.8900,24.4800,1.799996
_138_,VPWR,li1,16.1000,29.9200,1.799998
_137_,VPWR,li1,11.0400,29.9200,1.799998
_136_,VPWR,li1,13.5700,29.9200,1.799998
_135_,VPWR,li1,17.2500,24.4800,1.799995
_134_,VPWR,li1,13.5700,13.6000,1.799996
_133_,VPWR,li1,12.6500,29.9200,1.799998
_132_,VPWR,li1,14.2600,29.9200,1.799998
_131_,VPWR,li1,19.5500,29.9200,1.799998
_130_,VPWR,li1,18.1700,24.4800,1.799995
_129_,VPWR,li1,14.7200,24.4800,1.799995
_128_,VPWR,li1,12.4200,13.6000,1.799996
_127_,VPWR,li1,9.4300,13.6000,1.799996
_126_,VPWR,li1,11.2700,35.3600,1.799998
_125_,VPWR,li1,9.6600,35.3600,1.799998
_124_,VPWR,li1,14.9500,24.4800,1.799995
_123_,VPWR,li1,14.0300,35.3600,1.799998
_122_,VPWR,li1,10.8100,24.4800,1.799996
_121_,VPWR,li1,12.1900,24.4800,1.799996
_120_,VPWR,li1,14.9500,13.6000,1.799995
_119_,VPWR,li1,12.6500,35.3600,1.799998
_118_,VPWR,li1,12.6500,40.8000,1.799996
_117_,VPWR,li1,11.2700,40.8000,1.799997
