Instance,Terminal,Layer,X location,Y location,Voltage
FILLER_0_13_69,VGND,li1,39.1000,43.5200,0.000002
FILLER_0_13_57,VGND,li1,34.5000,43.5200,0.000001
FILLER_0_13_48,VGND,li1,29.4400,43.5200,0.000001
FILLER_0_13_43,VGND,li1,25.7600,43.5200,0.000001
FILLER_0_13_29,VGND,li1,20.7000,43.5200,0.000001
FILLER_0_13_20,VGND,li1,16.5600,43.5200,0.000001
FILLER_0_13_13,VGND,li1,11.7300,43.5200,0.000001
FILLER_0_13_9,VGND,li1,9.8900,43.5200,0.000001
FILLER_0_13_3,VGND,li1,8.2800,43.5200,0.000001
FILLER_0_12_58,VGND,li1,32.8900,38.0800,0.000012
FILLER_0_12_54,VGND,li1,30.5900,38.0800,0.000011
FILLER_0_12_45,VGND,li1,26.4500,38.0800,0.000008
FILLER_0_12_33,VGND,li1,20.9300,38.0800,0.000006
FILLER_0_12_20,VGND,li1,14.9500,38.0800,0.000005
FILLER_0_12_3,VGND,li1,8.7400,38.0800,0.000005
FILLER_0_11_57,VGND,li1,33.5800,38.0800,0.000016
FILLER_0_11_55,VGND,li1,31.0500,38.0800,0.000011
FILLER_0_11_51,VGND,li1,29.9000,38.0800,0.000011
FILLER_0_11_46,VGND,li1,27.1400,38.0800,0.000009
FILLER_0_11_38,VGND,li1,23.9200,38.0800,0.000006
FILLER_0_11_34,VGND,li1,21.3900,38.0800,0.000006
FILLER_0_11_28,VGND,li1,19.7800,38.0800,0.000006
FILLER_0_11_24,VGND,li1,16.7900,38.0800,0.000006
FILLER_0_11_18,VGND,li1,15.1800,38.0800,0.000005
FILLER_0_11_9,VGND,li1,10.5800,38.0800,0.000005
FILLER_0_10_56,VGND,li1,32.6600,32.6400,0.000004
FILLER_0_10_50,VGND,li1,28.7500,32.6400,0.000003
FILLER_0_10_38,VGND,li1,25.7600,32.6400,0.000003
FILLER_0_10_29,VGND,li1,20.2400,32.6400,0.000002
FILLER_0_10_20,VGND,li1,16.5600,32.6400,0.000002
FILLER_0_10_3,VGND,li1,7.8200,32.6400,0.000002
FILLER_0_9_73,VGND,li1,40.0200,32.6400,0.000007
FILLER_0_9_61,VGND,li1,36.3400,32.6400,0.000005
FILLER_0_9_54,VGND,li1,30.8200,32.6400,0.000003
FILLER_0_9_11,VGND,li1,11.2700,32.6400,0.000002
FILLER_0_9_3,VGND,li1,8.7400,32.6400,0.000002
FILLER_0_8_64,VGND,li1,35.1900,27.2000,0.000020
FILLER_0_8_58,VGND,li1,33.5800,27.2000,0.000015
FILLER_0_8_46,VGND,li1,29.4400,27.2000,0.000011
FILLER_0_8_39,VGND,li1,24.3800,27.2000,0.000007
FILLER_0_8_27,VGND,li1,18.1700,27.2000,0.000006
FILLER_0_8_20,VGND,li1,15.4100,27.2000,0.000005
FILLER_0_8_3,VGND,li1,8.2800,27.2000,0.000005
FILLER_0_7_57,VGND,li1,31.9700,27.2000,0.000013
FILLER_0_7_54,VGND,li1,30.8200,27.2000,0.000013
FILLER_0_7_46,VGND,li1,28.5200,27.2000,0.000011
FILLER_0_7_41,VGND,li1,24.8400,27.2000,0.000007
FILLER_0_7_29,VGND,li1,21.6200,27.2000,0.000006
FILLER_0_7_22,VGND,li1,16.5600,27.2000,0.000005
FILLER_0_7_17,VGND,li1,13.5700,27.2000,0.000004
FILLER_0_7_11,VGND,li1,11.9600,27.2000,0.000005
FILLER_0_7_7,VGND,li1,8.9700,27.2000,0.000005
FILLER_0_6_61,VGND,li1,33.8100,21.7600,0.000006
FILLER_0_6_33,VGND,li1,21.3900,21.7600,0.000003
FILLER_0_6_27,VGND,li1,18.1700,21.7600,0.000003
FILLER_0_6_22,VGND,li1,16.1000,21.7600,0.000003
FILLER_0_6_9,VGND,li1,9.8900,21.7600,0.000003
FILLER_0_6_3,VGND,li1,8.2800,21.7600,0.000003
FILLER_0_5_67,VGND,li1,37.7200,21.7600,0.000008
FILLER_0_5_60,VGND,li1,33.3500,21.7600,0.000006
FILLER_0_5_54,VGND,li1,30.8200,21.7600,0.000005
FILLER_0_5_50,VGND,li1,28.7500,21.7600,0.000004
FILLER_0_5_46,VGND,li1,27.6000,21.7600,0.000004
FILLER_0_5_39,VGND,li1,24.3800,21.7600,0.000003
FILLER_0_5_21,VGND,li1,15.6400,21.7600,0.000003
FILLER_0_5_13,VGND,li1,13.3400,21.7600,0.000002
FILLER_0_5_9,VGND,li1,9.8900,21.7600,0.000003
FILLER_0_5_3,VGND,li1,7.3600,21.7600,0.000003
FILLER_0_4_62,VGND,li1,34.7300,16.3200,0.000006
FILLER_0_4_53,VGND,li1,31.2800,16.3200,0.000005
FILLER_0_4_41,VGND,li1,27.1400,16.3200,0.000004
FILLER_0_4_29,VGND,li1,21.6200,16.3200,0.000003
FILLER_0_4_24,VGND,li1,17.4800,16.3200,0.000003
FILLER_0_4_14,VGND,li1,12.6500,16.3200,0.000003
FILLER_0_4_10,VGND,li1,10.3500,16.3200,0.000003
FILLER_0_4_3,VGND,li1,7.8200,16.3200,0.000003
FILLER_0_3_61,VGND,li1,36.3400,16.3200,0.000008
FILLER_0_3_34,VGND,li1,23.0000,16.3200,0.000003
FILLER_0_3_30,VGND,li1,19.5500,16.3200,0.000003
FILLER_0_3_26,VGND,li1,17.7100,16.3200,0.000003
FILLER_0_3_22,VGND,li1,16.5600,16.3200,0.000003
FILLER_0_3_10,VGND,li1,11.5000,16.3200,0.000003
FILLER_0_3_6,VGND,li1,8.5100,16.3200,0.000003
FILLER_0_2_41,VGND,li1,25.0700,10.8800,0.000009
FILLER_0_1_54,VGND,li1,30.8200,10.8800,0.000012
FILLER_0_1_39,VGND,li1,23.9200,10.8800,0.000007
FILLER_0_1_18,VGND,li1,14.0300,10.8800,0.000005
FILLER_0_1_14,VGND,li1,12.8800,10.8800,0.000005
FILLER_0_1_6,VGND,li1,8.7400,10.8800,0.000005
FILLER_0_0_69,VGND,li1,37.4900,5.4400,0.000001
FILLER_0_0_57,VGND,li1,34.5000,5.4400,0.000001
FILLER_0_0_55,VGND,li1,31.0500,5.4400,0.000001
FILLER_0_0_47,VGND,li1,28.9800,5.4400,0.000001
FILLER_0_0_35,VGND,li1,24.3800,5.4400,0.000001
FILLER_0_0_27,VGND,li1,18.1700,5.4400,0.000001
FILLER_0_0_20,VGND,li1,15.6400,5.4400,0.000001
FILLER_0_0_15,VGND,li1,12.8800,5.4400,0.000001
FILLER_0_0_3,VGND,li1,9.6600,5.4400,0.000001
hold1,VGND,li1,40.9400,5.4400,0.000001
clkbuf_1_1__f_clk,VGND,li1,38.1800,38.0800,0.000024
clkbuf_1_0__f_clk,VGND,li1,38.1800,10.8800,0.000025
clkbuf_0_clk,VGND,li1,38.1800,27.2000,0.000026
output17,VGND,li1,40.0200,21.7600,0.000008
output16,VGND,li1,41.8600,16.3200,0.000008
output15,VGND,li1,41.8600,21.7600,0.000007
output14,VGND,li1,41.8600,43.5200,0.000002
output13,VGND,li1,41.8600,32.6400,0.000006
output12,VGND,li1,40.0200,16.3200,0.000009
input11,VGND,li1,8.2800,38.0800,0.000005
input10,VGND,li1,14.0300,5.4400,0.000001
input9,VGND,li1,7.8200,27.2000,0.000005
input8,VGND,li1,17.2500,5.4400,0.000001
input7,VGND,li1,7.5900,16.3200,0.000003
input6,VGND,li1,23.2300,43.5200,0.000001
input5,VGND,li1,14.0300,43.5200,0.000001
input4,VGND,li1,20.9300,5.4400,0.000001
input3,VGND,li1,7.5900,10.8800,0.000006
input2,VGND,li1,26.9100,43.5200,0.000001
input1,VGND,li1,10.8100,43.5200,0.000001
TAP_TAPCELL_ROW_13_43,VGND,li1,31.5100,43.2280,0.000001
TAP_TAPCELL_ROW_13_42,VGND,li1,18.6300,43.2280,0.000001
TAP_TAPCELL_ROW_12_41,VGND,li1,18.6300,38.3710,0.000006
TAP_TAPCELL_ROW_11_40,VGND,li1,31.5100,37.7880,0.000012
TAP_TAPCELL_ROW_10_39,VGND,li1,18.6300,32.9310,0.000002
TAP_TAPCELL_ROW_9_38,VGND,li1,31.5100,32.3480,0.000004
TAP_TAPCELL_ROW_8_37,VGND,li1,18.6300,27.4910,0.000006
TAP_TAPCELL_ROW_7_36,VGND,li1,31.5100,26.9080,0.000013
TAP_TAPCELL_ROW_6_35,VGND,li1,18.6300,22.0510,0.000003
TAP_TAPCELL_ROW_5_34,VGND,li1,31.5100,21.4680,0.000005
TAP_TAPCELL_ROW_4_33,VGND,li1,18.6300,16.6110,0.000003
TAP_TAPCELL_ROW_3_32,VGND,li1,31.5100,16.0280,0.000005
TAP_TAPCELL_ROW_2_31,VGND,li1,18.6300,11.1710,0.000006
TAP_TAPCELL_ROW_1_30,VGND,li1,31.5100,10.5880,0.000013
TAP_TAPCELL_ROW_0_29,VGND,li1,31.5100,5.7310,0.000001
TAP_TAPCELL_ROW_0_28,VGND,li1,18.6300,5.7310,0.000001
PHY_EDGE_ROW_13_Left_27,VGND,li1,6.2100,43.5200,0.000001
PHY_EDGE_ROW_12_Left_26,VGND,li1,6.2100,38.0800,0.000005
PHY_EDGE_ROW_11_Left_25,VGND,li1,6.2100,38.0800,0.000005
PHY_EDGE_ROW_10_Left_24,VGND,li1,6.2100,32.6400,0.000002
PHY_EDGE_ROW_9_Left_23,VGND,li1,6.2100,32.6400,0.000002
PHY_EDGE_ROW_8_Left_22,VGND,li1,6.2100,27.2000,0.000005
PHY_EDGE_ROW_7_Left_21,VGND,li1,6.2100,27.2000,0.000005
PHY_EDGE_ROW_6_Left_20,VGND,li1,6.2100,21.7600,0.000003
PHY_EDGE_ROW_5_Left_19,VGND,li1,6.2100,21.7600,0.000003
PHY_EDGE_ROW_4_Left_18,VGND,li1,6.2100,16.3200,0.000003
PHY_EDGE_ROW_3_Left_17,VGND,li1,6.2100,16.3200,0.000003
PHY_EDGE_ROW_2_Left_16,VGND,li1,6.2100,10.8800,0.000006
PHY_EDGE_ROW_1_Left_15,VGND,li1,6.2100,10.8800,0.000006
PHY_EDGE_ROW_0_Left_14,VGND,li1,6.2100,5.4400,0.000001
PHY_EDGE_ROW_13_Right_13,VGND,li1,43.4700,43.5200,0.000002
PHY_EDGE_ROW_12_Right_12,VGND,li1,43.4700,38.0800,0.000017
PHY_EDGE_ROW_11_Right_11,VGND,li1,43.4700,38.0800,0.000017
PHY_EDGE_ROW_10_Right_10,VGND,li1,43.4700,32.6400,0.000006
PHY_EDGE_ROW_9_Right_9,VGND,li1,43.4700,32.6400,0.000006
PHY_EDGE_ROW_8_Right_8,VGND,li1,43.4700,27.2000,0.000018
PHY_EDGE_ROW_7_Right_7,VGND,li1,43.4700,27.2000,0.000018
PHY_EDGE_ROW_6_Right_6,VGND,li1,43.4700,21.7600,0.000007
PHY_EDGE_ROW_5_Right_5,VGND,li1,43.4700,21.7600,0.000007
PHY_EDGE_ROW_4_Right_4,VGND,li1,43.4700,16.3200,0.000008
PHY_EDGE_ROW_3_Right_3,VGND,li1,43.4700,16.3200,0.000008
PHY_EDGE_ROW_2_Right_2,VGND,li1,43.4700,10.8800,0.000017
PHY_EDGE_ROW_1_Right_1,VGND,li1,43.4700,10.8800,0.000017
PHY_EDGE_ROW_0_Right_0,VGND,li1,43.4700,5.4400,0.000001
_239_,VGND,li1,39.1000,21.7600,0.000008
_238_,VGND,li1,39.1000,16.3200,0.000009
_237_,VGND,li1,39.1000,27.2000,0.000026
_236_,VGND,li1,39.1000,38.0800,0.000024
_235_,VGND,li1,39.1000,32.6400,0.000007
_234_,VGND,li1,39.1000,10.8800,0.000025
_233_,VGND,li1,32.4300,10.8800,0.000013
_232_,VGND,li1,38.4100,5.4400,0.000001
_231_,VGND,li1,33.3500,16.3200,0.000006
_230_,VGND,li1,29.2100,10.8800,0.000011
_229_,VGND,li1,30.5900,10.8800,0.000012
_228_,VGND,li1,26.4500,10.8800,0.000009
_227_,VGND,li1,34.5000,10.8800,0.000018
_226_,VGND,li1,22.7700,10.8800,0.000007
_225_,VGND,li1,35.6500,21.7600,0.000007
_224_,VGND,li1,32.8900,27.2000,0.000015
_223_,VGND,li1,34.7300,32.6400,0.000005
_222_,VGND,li1,32.6600,16.3200,0.000005
_221_,VGND,li1,30.5900,16.3200,0.000004
_220_,VGND,li1,27.1400,16.3200,0.000004
_219_,VGND,li1,28.9800,16.3200,0.000004
_218_,VGND,li1,27.8300,10.8800,0.000011
_217_,VGND,li1,25.5300,16.3200,0.000003
_216_,VGND,li1,23.6900,10.8800,0.000007
_215_,VGND,li1,16.3300,10.8800,0.000006
_214_,VGND,li1,20.4700,16.3200,0.000003
_213_,VGND,li1,22.0800,10.8800,0.000007
_212_,VGND,li1,18.6300,16.3200,0.000003
_211_,VGND,li1,20.0100,10.8800,0.000007
_210_,VGND,li1,21.3900,10.8800,0.000007
_209_,VGND,li1,32.6600,10.8800,0.000013
_208_,VGND,li1,28.0600,10.8800,0.000011
_207_,VGND,li1,29.6700,10.8800,0.000012
_206_,VGND,li1,26.4500,10.8800,0.000009
_205_,VGND,li1,19.5500,10.8800,0.000007
_204_,VGND,li1,14.9500,10.8800,0.000006
_203_,VGND,li1,16.3300,10.8800,0.000006
_202_,VGND,li1,19.5500,5.4400,0.000001
_201_,VGND,li1,17.7100,10.8800,0.000006
_200_,VGND,li1,25.0700,10.8800,0.000009
_199_,VGND,li1,10.5800,10.8800,0.000005
_198_,VGND,li1,34.7300,21.7600,0.000006
_197_,VGND,li1,34.2700,21.7600,0.000006
_196_,VGND,li1,29.6700,21.7600,0.000005
_195_,VGND,li1,32.6600,21.7600,0.000005
_194_,VGND,li1,25.7600,21.7600,0.000004
_193_,VGND,li1,25.9900,27.2000,0.000009
_192_,VGND,li1,24.1500,21.7600,0.000003
_191_,VGND,li1,23.2300,32.6400,0.000002
_190_,VGND,li1,19.7800,21.7600,0.000003
_189_,VGND,li1,17.0200,21.7600,0.000003
_188_,VGND,li1,14.2600,16.3200,0.000003
_187_,VGND,li1,15.8700,16.3200,0.000003
_186_,VGND,li1,10.8100,21.7600,0.000003
_185_,VGND,li1,8.7400,21.7600,0.000003
_184_,VGND,li1,13.5700,21.7600,0.000002
_183_,VGND,li1,20.0100,21.7600,0.000003
_182_,VGND,li1,18.6300,21.7600,0.000003
_181_,VGND,li1,28.0600,21.7600,0.000004
_180_,VGND,li1,25.9900,21.7600,0.000004
_179_,VGND,li1,30.5900,21.7600,0.000005
_178_,VGND,li1,22.5400,27.2000,0.000006
_177_,VGND,li1,22.7700,21.7600,0.000003
_176_,VGND,li1,9.4300,16.3200,0.000003
_175_,VGND,li1,9.4300,16.3200,0.000003
_174_,VGND,li1,11.2700,16.3200,0.000003
_173_,VGND,li1,7.5900,10.8800,0.000006
_172_,VGND,li1,29.4400,38.0800,0.000011
_171_,VGND,li1,25.7600,38.0800,0.000008
_170_,VGND,li1,24.6100,43.5200,0.000001
_169_,VGND,li1,25.0700,38.0800,0.000008
_168_,VGND,li1,19.7800,38.0800,0.000006
_167_,VGND,li1,17.4800,38.0800,0.000006
_166_,VGND,li1,17.7100,38.0800,0.000006
_165_,VGND,li1,12.6500,32.6400,0.000002
_164_,VGND,li1,17.0200,27.2000,0.000005
_163_,VGND,li1,31.5100,38.0800,0.000012
_162_,VGND,li1,28.2900,38.0800,0.000009
_161_,VGND,li1,19.0900,32.6400,0.000002
_160_,VGND,li1,20.9300,27.2000,0.000006
_159_,VGND,li1,22.7700,21.7600,0.000003
_158_,VGND,li1,17.7100,32.6400,0.000002
_157_,VGND,li1,20.4700,32.6400,0.000002
_156_,VGND,li1,27.6000,38.0800,0.000009
_155_,VGND,li1,22.3100,38.0800,0.000006
_154_,VGND,li1,15.8700,38.0800,0.000005
_153_,VGND,li1,22.5400,38.0800,0.000006
_152_,VGND,li1,22.3100,32.6400,0.000002
_151_,VGND,li1,25.9900,32.6400,0.000003
_150_,VGND,li1,24.6100,32.6400,0.000003
_149_,VGND,li1,21.8500,32.6400,0.000002
_148_,VGND,li1,14.0300,38.0800,0.000005
_147_,VGND,li1,12.6500,38.0800,0.000005
_146_,VGND,li1,32.6600,32.6400,0.000004
_145_,VGND,li1,29.2100,32.6400,0.000003
_144_,VGND,li1,25.9900,27.2000,0.000009
_143_,VGND,li1,21.3900,21.7600,0.000003
_142_,VGND,li1,27.3700,32.6400,0.000003
_141_,VGND,li1,30.1300,32.6400,0.000003
_140_,VGND,li1,32.4300,21.7600,0.000005
_139_,VGND,li1,9.8900,27.2000,0.000005
_138_,VGND,li1,16.1000,32.6400,0.000002
_137_,VGND,li1,11.0400,27.2000,0.000005
_136_,VGND,li1,13.5700,27.2000,0.000004
_135_,VGND,li1,17.2500,21.7600,0.000003
_134_,VGND,li1,13.5700,16.3200,0.000003
_133_,VGND,li1,12.6500,32.6400,0.000002
_132_,VGND,li1,14.2600,32.6400,0.000002
_131_,VGND,li1,19.5500,27.2000,0.000006
_130_,VGND,li1,18.1700,27.2000,0.000006
_129_,VGND,li1,14.7200,27.2000,0.000004
_128_,VGND,li1,12.4200,10.8800,0.000005
_127_,VGND,li1,9.4300,10.8800,0.000005
_126_,VGND,li1,11.2700,32.6400,0.000002
_125_,VGND,li1,9.6600,32.6400,0.000002
_124_,VGND,li1,14.9500,21.7600,0.000002
_123_,VGND,li1,14.0300,32.6400,0.000002
_122_,VGND,li1,10.8100,21.7600,0.000003
_121_,VGND,li1,12.1900,21.7600,0.000003
_120_,VGND,li1,14.9500,16.3200,0.000003
_119_,VGND,li1,12.6500,38.0800,0.000005
_118_,VGND,li1,12.6500,43.5200,0.000001
_117_,VGND,li1,11.2700,38.0800,0.000005
