
===========================================================================
report_checks -unconstrained
===========================================================================
======================= Fastest Corner ===================================

Startpoint: control[2] (input port clocked by clk)
Endpoint: _239_ (rising edge-triggered flip-flop clocked by clk)
Path Group: clk
Path Type: max
Corner: Fastest

Fanout     Cap    Slew   Delay    Time   Description
-----------------------------------------------------------------------------
                  0.15    0.00    0.00   clock clk (rise edge)
                          0.00    0.00   clock network delay (ideal)
                          2.00    2.00 v input external delay
     1    0.00    0.00    0.00    2.00 v control[2] (in)
                                         control[2] (net)
                  0.00    0.00    2.00 v input11/A (sky130_fd_sc_hd__clkbuf_4)
     9    0.04    0.06    0.12    2.12 v input11/X (sky130_fd_sc_hd__clkbuf_4)
                                         net11 (net)
                  0.06    0.00    2.13 v _136_/A (sky130_fd_sc_hd__inv_4)
     2    0.01    0.03    0.04    2.17 ^ _136_/Y (sky130_fd_sc_hd__inv_4)
                                         _053_ (net)
                  0.03    0.00    2.17 ^ _139_/B (sky130_fd_sc_hd__nand2_1)
     3    0.01    0.07    0.07    2.24 v _139_/Y (sky130_fd_sc_hd__nand2_1)
                                         _056_ (net)
                  0.07    0.00    2.24 v _143_/B (sky130_fd_sc_hd__nor2_1)
     4    0.02    0.24    0.22    2.45 ^ _143_/Y (sky130_fd_sc_hd__nor2_1)
                                         _060_ (net)
                  0.24    0.00    2.45 ^ _144_/A (sky130_fd_sc_hd__inv_2)
     3    0.01    0.06    0.03    2.49 v _144_/Y (sky130_fd_sc_hd__inv_2)
                                         _061_ (net)
                  0.06    0.00    2.49 v _145_/B (sky130_fd_sc_hd__or2_1)
     1    0.00    0.03    0.13    2.62 v _145_/X (sky130_fd_sc_hd__or2_1)
                                         _062_ (net)
                  0.03    0.00    2.62 v _146_/C (sky130_fd_sc_hd__nand3_1)
     2    0.01    0.06    0.07    2.69 ^ _146_/Y (sky130_fd_sc_hd__nand3_1)
                                         _113_ (net)
                  0.06    0.00    2.69 ^ _223_/A (sky130_fd_sc_hd__nor2_1)
     1    0.00    0.03    0.03    2.72 v _223_/Y (sky130_fd_sc_hd__nor2_1)
                                         _025_ (net)
                  0.03    0.00    2.72 v _224_/A (sky130_fd_sc_hd__nand2_1)
     1    0.00    0.04    0.04    2.76 ^ _224_/Y (sky130_fd_sc_hd__nand2_1)
                                         _026_ (net)
                  0.04    0.00    2.76 ^ _225_/A (sky130_fd_sc_hd__nor2_1)
     1    0.00    0.03    0.03    2.79 v _225_/Y (sky130_fd_sc_hd__nor2_1)
                                         _000_ (net)
                  0.03    0.00    2.79 v _239_/D (sky130_fd_sc_hd__dfxtp_1)
                                  2.79   data arrival time

                  0.15   10.00   10.00   clock clk (rise edge)
                          0.00   10.00   clock network delay (ideal)
                         -0.25    9.75   clock uncertainty
                          0.00    9.75   clock reconvergence pessimism
                                  9.75 ^ _239_/CLK (sky130_fd_sc_hd__dfxtp_1)
                         -0.06    9.69   library setup time
                                  9.69   data required time
-----------------------------------------------------------------------------
                                  9.69   data required time
                                 -2.79   data arrival time
-----------------------------------------------------------------------------
                                  6.91   slack (MET)



======================= Slowest Corner ===================================

Startpoint: control[2] (input port clocked by clk)
Endpoint: _239_ (rising edge-triggered flip-flop clocked by clk)
Path Group: clk
Path Type: max
Corner: Slowest

Fanout     Cap    Slew   Delay    Time   Description
-----------------------------------------------------------------------------
                  0.15    0.00    0.00   clock clk (rise edge)
                          0.00    0.00   clock network delay (ideal)
                          2.00    2.00 v input external delay
     1    0.00    0.02    0.01    2.01 v control[2] (in)
                                         control[2] (net)
                  0.02    0.00    2.01 v input11/A (sky130_fd_sc_hd__clkbuf_4)
     9    0.04    0.15    0.32    2.33 v input11/X (sky130_fd_sc_hd__clkbuf_4)
                                         net11 (net)
                  0.15    0.00    2.33 v _136_/A (sky130_fd_sc_hd__inv_4)
     2    0.01    0.05    0.11    2.44 ^ _136_/Y (sky130_fd_sc_hd__inv_4)
                                         _053_ (net)
                  0.05    0.00    2.44 ^ _139_/B (sky130_fd_sc_hd__nand2_1)
     3    0.01    0.25    0.25    2.69 v _139_/Y (sky130_fd_sc_hd__nand2_1)
                                         _056_ (net)
                  0.25    0.00    2.69 v _143_/B (sky130_fd_sc_hd__nor2_1)
     4    0.02    0.57    0.57    3.26 ^ _143_/Y (sky130_fd_sc_hd__nor2_1)
                                         _060_ (net)
                  0.57    0.00    3.26 ^ _144_/A (sky130_fd_sc_hd__inv_2)
     3    0.01    0.13    0.24    3.50 v _144_/Y (sky130_fd_sc_hd__inv_2)
                                         _061_ (net)
                  0.13    0.00    3.50 v _145_/B (sky130_fd_sc_hd__or2_1)
     1    0.00    0.10    0.50    4.00 v _145_/X (sky130_fd_sc_hd__or2_1)
                                         _062_ (net)
                  0.10    0.00    4.00 v _146_/C (sky130_fd_sc_hd__nand3_1)
     2    0.00    0.12    0.16    4.17 ^ _146_/Y (sky130_fd_sc_hd__nand3_1)
                                         _113_ (net)
                  0.12    0.00    4.17 ^ _223_/A (sky130_fd_sc_hd__nor2_1)
     1    0.00    0.06    0.11    4.28 v _223_/Y (sky130_fd_sc_hd__nor2_1)
                                         _025_ (net)
                  0.06    0.00    4.28 v _224_/A (sky130_fd_sc_hd__nand2_1)
     1    0.00    0.09    0.10    4.38 ^ _224_/Y (sky130_fd_sc_hd__nand2_1)
                                         _026_ (net)
                  0.09    0.00    4.38 ^ _225_/A (sky130_fd_sc_hd__nor2_1)
     1    0.00    0.06    0.08    4.46 v _225_/Y (sky130_fd_sc_hd__nor2_1)
                                         _000_ (net)
                  0.06    0.00    4.46 v _239_/D (sky130_fd_sc_hd__dfxtp_1)
                                  4.46   data arrival time

                  0.15   10.00   10.00   clock clk (rise edge)
                          0.00   10.00   clock network delay (ideal)
                         -0.25    9.75   clock uncertainty
                          0.00    9.75   clock reconvergence pessimism
                                  9.75 ^ _239_/CLK (sky130_fd_sc_hd__dfxtp_1)
                         -0.24    9.51   library setup time
                                  9.51   data required time
-----------------------------------------------------------------------------
                                  9.51   data required time
                                 -4.46   data arrival time
-----------------------------------------------------------------------------
                                  5.04   slack (MET)



======================= Typical Corner ===================================

Startpoint: control[2] (input port clocked by clk)
Endpoint: _239_ (rising edge-triggered flip-flop clocked by clk)
Path Group: clk
Path Type: max
Corner: Typical

Fanout     Cap    Slew   Delay    Time   Description
-----------------------------------------------------------------------------
                  0.15    0.00    0.00   clock clk (rise edge)
                          0.00    0.00   clock network delay (ideal)
                          2.00    2.00 v input external delay
     1    0.00    0.01    0.00    2.00 v control[2] (in)
                                         control[2] (net)
                  0.01    0.00    2.00 v input11/A (sky130_fd_sc_hd__clkbuf_4)
     9    0.04    0.08    0.18    2.18 v input11/X (sky130_fd_sc_hd__clkbuf_4)
                                         net11 (net)
                  0.08    0.00    2.19 v _136_/A (sky130_fd_sc_hd__inv_4)
     2    0.01    0.03    0.06    2.25 ^ _136_/Y (sky130_fd_sc_hd__inv_4)
                                         _053_ (net)
                  0.03    0.00    2.25 ^ _139_/B (sky130_fd_sc_hd__nand2_1)
     3    0.01    0.11    0.11    2.36 v _139_/Y (sky130_fd_sc_hd__nand2_1)
                                         _056_ (net)
                  0.11    0.00    2.36 v _143_/B (sky130_fd_sc_hd__nor2_1)
     4    0.02    0.34    0.32    2.67 ^ _143_/Y (sky130_fd_sc_hd__nor2_1)
                                         _060_ (net)
                  0.34    0.00    2.67 ^ _144_/A (sky130_fd_sc_hd__inv_2)
     3    0.01    0.08    0.09    2.76 v _144_/Y (sky130_fd_sc_hd__inv_2)
                                         _061_ (net)
                  0.08    0.00    2.76 v _145_/B (sky130_fd_sc_hd__or2_1)
     1    0.00    0.05    0.22    2.99 v _145_/X (sky130_fd_sc_hd__or2_1)
                                         _062_ (net)
                  0.05    0.00    2.99 v _146_/C (sky130_fd_sc_hd__nand3_1)
     2    0.01    0.08    0.10    3.08 ^ _146_/Y (sky130_fd_sc_hd__nand3_1)
                                         _113_ (net)
                  0.08    0.00    3.08 ^ _223_/A (sky130_fd_sc_hd__nor2_1)
     1    0.00    0.03    0.06    3.14 v _223_/Y (sky130_fd_sc_hd__nor2_1)
                                         _025_ (net)
                  0.03    0.00    3.14 v _224_/A (sky130_fd_sc_hd__nand2_1)
     1    0.00    0.05    0.06    3.20 ^ _224_/Y (sky130_fd_sc_hd__nand2_1)
                                         _026_ (net)
                  0.05    0.00    3.20 ^ _225_/A (sky130_fd_sc_hd__nor2_1)
     1    0.00    0.04    0.04    3.24 v _225_/Y (sky130_fd_sc_hd__nor2_1)
                                         _000_ (net)
                  0.04    0.00    3.24 v _239_/D (sky130_fd_sc_hd__dfxtp_1)
                                  3.24   data arrival time

                  0.15   10.00   10.00   clock clk (rise edge)
                          0.00   10.00   clock network delay (ideal)
                         -0.25    9.75   clock uncertainty
                          0.00    9.75   clock reconvergence pessimism
                                  9.75 ^ _239_/CLK (sky130_fd_sc_hd__dfxtp_1)
                         -0.08    9.67   library setup time
                                  9.67   data required time
-----------------------------------------------------------------------------
                                  9.67   data required time
                                 -3.24   data arrival time
-----------------------------------------------------------------------------
                                  6.43   slack (MET)




===========================================================================
report_checks --slack_max -0.01
============================================================================
======================= Fastest Corner ===================================

No paths found.

======================= Slowest Corner ===================================

No paths found.

======================= Typical Corner ===================================

No paths found.


===========================================================================
 report_check_types -max_slew -max_cap -max_fanout -violators
============================================================================
======================= Fastest Corner ===================================


max slew violations count Fastest: 0
max fanout violations count Fastest: 0
max cap violations count Fastest: 0
======================= Slowest Corner ===================================


max slew violations count Slowest: 0
max fanout violations count Slowest: 0
max cap violations count Slowest: 0
======================= Typical Corner ===================================


max slew violations count Typical: 0
max fanout violations count Typical: 0
max cap violations count Typical: 0

===========================================================================
report_parasitic_annotation -report_unannotated
============================================================================
Found 0 unannotated drivers.
Found 0 partially unannotated drivers.

===========================================================================
max slew violation count 0
max fanout violation count 0
max cap violation count 0
============================================================================

===========================================================================
check_setup -verbose -unconstrained_endpoints -multiple_clock -no_clock -no_input_delay -loops -generated_clocks
===========================================================================
