
===========================================================================
 report_power
============================================================================
======================= Fastest Corner ===================================

Group                  Internal  Switching    Leakage      Total
                          Power      Power      Power      Power (Watts)
----------------------------------------------------------------
Sequential             3.22e-05   1.00e-06   8.70e-11   3.32e-05  22.0%
Combinational          1.37e-05   3.20e-05   6.13e-10   4.57e-05  30.3%
Clock                  5.83e-05   1.37e-05   4.22e-10   7.20e-05  47.7%
Macro                  0.00e+00   0.00e+00   0.00e+00   0.00e+00   0.0%
Pad                    0.00e+00   0.00e+00   0.00e+00   0.00e+00   0.0%
----------------------------------------------------------------
Total                  1.04e-04   4.67e-05   1.12e-09   1.51e-04 100.0%
                          69.1%      30.9%       0.0%

======================= Slowest Corner ===================================

Group                  Internal  Switching    Leakage      Total
                          Power      Power      Power      Power (Watts)
----------------------------------------------------------------
Sequential             2.14e-05   6.39e-07   8.71e-08   2.21e-05  21.3%
Combinational          1.01e-05   2.14e-05   4.46e-07   3.19e-05  30.7%
Clock                  4.10e-05   8.83e-06   5.73e-08   4.99e-05  48.0%
Macro                  0.00e+00   0.00e+00   0.00e+00   0.00e+00   0.0%
Pad                    0.00e+00   0.00e+00   0.00e+00   0.00e+00   0.0%
----------------------------------------------------------------
Total                  7.25e-05   3.09e-05   5.90e-07   1.04e-04 100.0%
                          69.7%      29.7%       0.6%

======================= Typical Corner ===================================

Group                  Internal  Switching    Leakage      Total
                          Power      Power      Power      Power (Watts)
----------------------------------------------------------------
Sequential             2.75e-05   8.28e-07   5.03e-11   2.84e-05  21.9%
Combinational          1.23e-05   2.72e-05   3.48e-10   3.95e-05  30.5%
Clock                  5.02e-05   1.15e-05   2.67e-10   6.17e-05  47.6%
Macro                  0.00e+00   0.00e+00   0.00e+00   0.00e+00   0.0%
Pad                    0.00e+00   0.00e+00   0.00e+00   0.00e+00   0.0%
----------------------------------------------------------------
Total                  9.00e-05   3.95e-05   6.65e-10   1.30e-04 100.0%
                          69.5%      30.5%       0.0%

