
===========================================================================
report_checks -path_delay min (Hold)
============================================================================
======================= Fastest Corner ===================================

Startpoint: _234_ (rising edge-triggered flip-flop clocked by clk)
Endpoint: _234_ (rising edge-triggered flip-flop clocked by clk)
Path Group: clk
Path Type: min
Corner: Fastest

Fanout     Cap    Slew   Delay    Time   Description
-----------------------------------------------------------------------------
                  0.15    0.00    0.00   clock clk (rise edge)
                          0.00    0.00   clock network delay (ideal)
                  0.15    0.00    0.00 ^ _234_/CLK (sky130_fd_sc_hd__dfxtp_1)
     2    0.00    0.04    0.21    0.21 ^ _234_/Q (sky130_fd_sc_hd__dfxtp_1)
                                         net12 (net)
                  0.04    0.00    0.21 ^ hold1/A (sky130_fd_sc_hd__dlygate4sd3_1)
     1    0.00    0.04    0.35    0.57 ^ hold1/X (sky130_fd_sc_hd__dlygate4sd3_1)
                                         net18 (net)
                  0.04    0.00    0.57 ^ _232_/A (sky130_fd_sc_hd__nor2_1)
     1    0.00    0.02    0.03    0.59 v _232_/Y (sky130_fd_sc_hd__nor2_1)
                                         _033_ (net)
                  0.02    0.00    0.59 v _233_/B1 (sky130_fd_sc_hd__a31oi_1)
     1    0.00    0.04    0.04    0.63 ^ _233_/Y (sky130_fd_sc_hd__a31oi_1)
                                         _001_ (net)
                  0.04    0.00    0.63 ^ _234_/D (sky130_fd_sc_hd__dfxtp_1)
                                  0.63   data arrival time

                  0.15    0.00    0.00   clock clk (rise edge)
                          0.00    0.00   clock network delay (ideal)
                          0.25    0.25   clock uncertainty
                          0.00    0.25   clock reconvergence pessimism
                                  0.25 ^ _234_/CLK (sky130_fd_sc_hd__dfxtp_1)
                         -0.02    0.23   library hold time
                                  0.23   data required time
-----------------------------------------------------------------------------
                                  0.23   data required time
                                 -0.63   data arrival time
-----------------------------------------------------------------------------
                                  0.40   slack (MET)


Startpoint: control[1] (input port clocked by clk)
Endpoint: _238_ (rising edge-triggered flip-flop clocked by clk)
Path Group: clk
Path Type: min
Corner: Fastest

Fanout     Cap    Slew   Delay    Time   Description
-----------------------------------------------------------------------------
                  0.15    0.00    0.00   clock clk (rise edge)
                          0.00    0.00   clock network delay (ideal)
                          2.00    2.00 v input external delay
     1    0.00    0.00    0.00    2.00 v control[1] (in)
                                         control[1] (net)
                  0.00    0.00    2.00 v input10/A (sky130_fd_sc_hd__buf_1)
     2    0.01    0.04    0.06    2.06 v input10/X (sky130_fd_sc_hd__buf_1)
                                         net10 (net)
                  0.04    0.00    2.06 v _215_/B1 (sky130_fd_sc_hd__o2111a_1)
     1    0.00    0.02    0.09    2.15 v _215_/X (sky130_fd_sc_hd__o2111a_1)
                                         _018_ (net)
                  0.02    0.00    2.15 v _216_/B (sky130_fd_sc_hd__nor2_1)
     1    0.00    0.07    0.06    2.21 ^ _216_/Y (sky130_fd_sc_hd__nor2_1)
                                         _019_ (net)
                  0.07    0.00    2.21 ^ _222_/A2 (sky130_fd_sc_hd__a21oi_1)
     2    0.01    0.02    0.05    2.26 v _222_/Y (sky130_fd_sc_hd__a21oi_1)
                                         _116_ (net)
                  0.02    0.00    2.26 v _238_/D (sky130_fd_sc_hd__dfxtp_1)
                                  2.26   data arrival time

                  0.15    0.00    0.00   clock clk (rise edge)
                          0.00    0.00   clock network delay (ideal)
                          0.25    0.25   clock uncertainty
                          0.00    0.25   clock reconvergence pessimism
                                  0.25 ^ _238_/CLK (sky130_fd_sc_hd__dfxtp_1)
                         -0.02    0.23   library hold time
                                  0.23   data required time
-----------------------------------------------------------------------------
                                  0.23   data required time
                                 -2.26   data arrival time
-----------------------------------------------------------------------------
                                  2.03   slack (MET)


Startpoint: _239_ (rising edge-triggered flip-flop clocked by clk)
Endpoint: zero (output port clocked by clk)
Path Group: clk
Path Type: min
Corner: Fastest

Fanout     Cap    Slew   Delay    Time   Description
-----------------------------------------------------------------------------
                  0.15    0.00    0.00   clock clk (rise edge)
                          0.00    0.00   clock network delay (ideal)
                  0.15    0.00    0.00 ^ _239_/CLK (sky130_fd_sc_hd__dfxtp_1)
     1    0.00    0.02    0.20    0.20 v _239_/Q (sky130_fd_sc_hd__dfxtp_1)
                                         net17 (net)
                  0.02    0.00    0.20 v output17/A (sky130_fd_sc_hd__buf_2)
     1    0.03    0.06    0.11    0.31 v output17/X (sky130_fd_sc_hd__buf_2)
                                         zero (net)
                  0.06    0.00    0.31 v zero (out)
                                  0.31   data arrival time

                  0.15    0.00    0.00   clock clk (rise edge)
                          0.00    0.00   clock network delay (ideal)
                          0.25    0.25   clock uncertainty
                          0.00    0.25   clock reconvergence pessimism
                         -2.00   -1.75   output external delay
                                 -1.75   data required time
-----------------------------------------------------------------------------
                                 -1.75   data required time
                                 -0.31   data arrival time
-----------------------------------------------------------------------------
                                  2.06   slack (MET)


Startpoint: _238_ (rising edge-triggered flip-flop clocked by clk)
Endpoint: result[3] (output port clocked by clk)
Path Group: clk
Path Type: min
Corner: Fastest

Fanout     Cap    Slew   Delay    Time   Description
-----------------------------------------------------------------------------
                  0.15    0.00    0.00   clock clk (rise edge)
                          0.00    0.00   clock network delay (ideal)
                  0.15    0.00    0.00 ^ _238_/CLK (sky130_fd_sc_hd__dfxtp_1)
     1    0.00    0.02    0.20    0.20 v _238_/Q (sky130_fd_sc_hd__dfxtp_1)
                                         net16 (net)
                  0.02    0.00    0.20 v output16/A (sky130_fd_sc_hd__buf_2)
     1    0.03    0.06    0.11    0.31 v output16/X (sky130_fd_sc_hd__buf_2)
                                         result[3] (net)
                  0.06    0.00    0.31 v result[3] (out)
                                  0.31   data arrival time

                  0.15    0.00    0.00   clock clk (rise edge)
                          0.00    0.00   clock network delay (ideal)
                          0.25    0.25   clock uncertainty
                          0.00    0.25   clock reconvergence pessimism
                         -2.00   -1.75   output external delay
                                 -1.75   data required time
-----------------------------------------------------------------------------
                                 -1.75   data required time
                                 -0.31   data arrival time
-----------------------------------------------------------------------------
                                  2.06   slack (MET)


Startpoint: _235_ (rising edge-triggered flip-flop clocked by clk)
Endpoint: result[0] (output port clocked by clk)
Path Group: clk
Path Type: min
Corner: Fastest

Fanout     Cap    Slew   Delay    Time   Description
-----------------------------------------------------------------------------
                  0.15    0.00    0.00   clock clk (rise edge)
                          0.00    0.00   clock network delay (ideal)
                  0.15    0.00    0.00 ^ _235_/CLK (sky130_fd_sc_hd__dfxtp_1)
     1    0.00    0.02    0.20    0.20 v _235_/Q (sky130_fd_sc_hd__dfxtp_1)
                                         net13 (net)
                  0.02    0.00    0.20 v output13/A (sky130_fd_sc_hd__buf_2)
     1    0.03    0.06    0.11    0.31 v output13/X (sky130_fd_sc_hd__buf_2)
                                         result[0] (net)
                  0.06    0.00    0.31 v result[0] (out)
                                  0.31   data arrival time

                  0.15    0.00    0.00   clock clk (rise edge)
                          0.00    0.00   clock network delay (ideal)
                          0.25    0.25   clock uncertainty
                          0.00    0.25   clock reconvergence pessimism
                         -2.00   -1.75   output external delay
                                 -1.75   data required time
-----------------------------------------------------------------------------
                                 -1.75   data required time
                                 -0.31   data arrival time
-----------------------------------------------------------------------------
                                  2.06   slack (MET)


Startpoint: _236_ (rising edge-triggered flip-flop clocked by clk)
Endpoint: result[1] (output port clocked by clk)
Path Group: clk
Path Type: min
Corner: Fastest

Fanout     Cap    Slew   Delay    Time   Description
-----------------------------------------------------------------------------
                  0.15    0.00    0.00   clock clk (rise edge)
                          0.00    0.00   clock network delay (ideal)
                  0.15    0.00    0.00 ^ _236_/CLK (sky130_fd_sc_hd__dfxtp_1)
     1    0.00    0.02    0.20    0.20 v _236_/Q (sky130_fd_sc_hd__dfxtp_1)
                                         net14 (net)
                  0.02    0.00    0.20 v output14/A (sky130_fd_sc_hd__buf_2)
     1    0.03    0.06    0.11    0.31 v output14/X (sky130_fd_sc_hd__buf_2)
                                         result[1] (net)
                  0.06    0.00    0.31 v result[1] (out)
                                  0.31   data arrival time

                  0.15    0.00    0.00   clock clk (rise edge)
                          0.00    0.00   clock network delay (ideal)
                          0.25    0.25   clock uncertainty
                          0.00    0.25   clock reconvergence pessimism
                         -2.00   -1.75   output external delay
                                 -1.75   data required time
-----------------------------------------------------------------------------
                                 -1.75   data required time
                                 -0.31   data arrival time
-----------------------------------------------------------------------------
                                  2.06   slack (MET)


Startpoint: _237_ (rising edge-triggered flip-flop clocked by clk)
Endpoint: result[2] (output port clocked by clk)
Path Group: clk
Path Type: min
Corner: Fastest

Fanout     Cap    Slew   Delay    Time   Description
-----------------------------------------------------------------------------
                  0.15    0.00    0.00   clock clk (rise edge)
                          0.00    0.00   clock network delay (ideal)
                  0.15    0.00    0.00 ^ _237_/CLK (sky130_fd_sc_hd__dfxtp_1)
     1    0.00    0.02    0.20    0.20 v _237_/Q (sky130_fd_sc_hd__dfxtp_1)
                                         net15 (net)
                  0.02    0.00    0.20 v output15/A (sky130_fd_sc_hd__buf_2)
     1    0.03    0.06    0.11    0.31 v output15/X (sky130_fd_sc_hd__buf_2)
                                         result[2] (net)
                  0.06    0.00    0.31 v result[2] (out)
                                  0.31   data arrival time

                  0.15    0.00    0.00   clock clk (rise edge)
                          0.00    0.00   clock network delay (ideal)
                          0.25    0.25   clock uncertainty
                          0.00    0.25   clock reconvergence pessimism
                         -2.00   -1.75   output external delay
                                 -1.75   data required time
-----------------------------------------------------------------------------
                                 -1.75   data required time
                                 -0.31   data arrival time
-----------------------------------------------------------------------------
                                  2.06   slack (MET)


Startpoint: b[1] (input port clocked by clk)
Endpoint: _236_ (rising edge-triggered flip-flop clocked by clk)
Path Group: clk
Path Type: min
Corner: Fastest

Fanout     Cap    Slew   Delay    Time   Description
-----------------------------------------------------------------------------
                  0.15    0.00    0.00   clock clk (rise edge)
                          0.00    0.00   clock network delay (ideal)
                          2.00    2.00 v input external delay
     1    0.00    0.00    0.00    2.00 v b[1] (in)
                                         b[1] (net)
                  0.00    0.00    2.00 v input6/A (sky130_fd_sc_hd__buf_1)
     3    0.01    0.05    0.07    2.07 v input6/X (sky130_fd_sc_hd__buf_1)
                                         net6 (net)
                  0.05    0.00    2.07 v _149_/B (sky130_fd_sc_hd__nand2_1)
     5    0.02    0.12    0.11    2.18 ^ _149_/Y (sky130_fd_sc_hd__nand2_1)
                                         _065_ (net)
                  0.12    0.00    2.18 ^ _168_/A2 (sky130_fd_sc_hd__a21oi_1)
     1    0.00    0.02    0.05    2.23 v _168_/Y (sky130_fd_sc_hd__a21oi_1)
                                         _084_ (net)
                  0.02    0.00    2.23 v _172_/B (sky130_fd_sc_hd__nand3_1)
     2    0.01    0.06    0.06    2.29 ^ _172_/Y (sky130_fd_sc_hd__nand3_1)
                                         _114_ (net)
                  0.06    0.00    2.30 ^ _236_/D (sky130_fd_sc_hd__dfxtp_1)
                                  2.30   data arrival time

                  0.15    0.00    0.00   clock clk (rise edge)
                          0.00    0.00   clock network delay (ideal)
                          0.25    0.25   clock uncertainty
                          0.00    0.25   clock reconvergence pessimism
                                  0.25 ^ _236_/CLK (sky130_fd_sc_hd__dfxtp_1)
                         -0.02    0.23   library hold time
                                  0.23   data required time
-----------------------------------------------------------------------------
                                  0.23   data required time
                                 -2.30   data arrival time
-----------------------------------------------------------------------------
                                  2.06   slack (MET)


Startpoint: control[2] (input port clocked by clk)
Endpoint: _235_ (rising edge-triggered flip-flop clocked by clk)
Path Group: clk
Path Type: min
Corner: Fastest

Fanout     Cap    Slew   Delay    Time   Description
-----------------------------------------------------------------------------
                  0.15    0.00    0.00   clock clk (rise edge)
                          0.00    0.00   clock network delay (ideal)
                          2.00    2.00 ^ input external delay
     1    0.00    0.02    0.01    2.01 ^ control[2] (in)
                                         control[2] (net)
                  0.02    0.00    2.01 ^ input11/A (sky130_fd_sc_hd__clkbuf_4)
     9    0.04    0.10    0.12    2.13 ^ input11/X (sky130_fd_sc_hd__clkbuf_4)
                                         net11 (net)
                  0.10    0.00    2.13 ^ _125_/B (sky130_fd_sc_hd__nand3_1)
     1    0.00    0.04    0.04    2.17 v _125_/Y (sky130_fd_sc_hd__nand3_1)
                                         _042_ (net)
                  0.04    0.00    2.17 v _126_/B (sky130_fd_sc_hd__nand2_1)
     1    0.00    0.03    0.04    2.22 ^ _126_/Y (sky130_fd_sc_hd__nand2_1)
                                         _043_ (net)
                  0.03    0.00    2.22 ^ _133_/A (sky130_fd_sc_hd__nor2_1)
     1    0.01    0.03    0.03    2.25 v _133_/Y (sky130_fd_sc_hd__nor2_1)
                                         _050_ (net)
                  0.03    0.00    2.25 v _146_/A (sky130_fd_sc_hd__nand3_1)
     2    0.01    0.05    0.05    2.30 ^ _146_/Y (sky130_fd_sc_hd__nand3_1)
                                         _113_ (net)
                  0.05    0.00    2.30 ^ _235_/D (sky130_fd_sc_hd__dfxtp_1)
                                  2.30   data arrival time

                  0.15    0.00    0.00   clock clk (rise edge)
                          0.00    0.00   clock network delay (ideal)
                          0.25    0.25   clock uncertainty
                          0.00    0.25   clock reconvergence pessimism
                                  0.25 ^ _235_/CLK (sky130_fd_sc_hd__dfxtp_1)
                         -0.02    0.23   library hold time
                                  0.23   data required time
-----------------------------------------------------------------------------
                                  0.23   data required time
                                 -2.30   data arrival time
-----------------------------------------------------------------------------
                                  2.07   slack (MET)


Startpoint: _234_ (rising edge-triggered flip-flop clocked by clk)
Endpoint: carry_out (output port clocked by clk)
Path Group: clk
Path Type: min
Corner: Fastest

Fanout     Cap    Slew   Delay    Time   Description
-----------------------------------------------------------------------------
                  0.15    0.00    0.00   clock clk (rise edge)
                          0.00    0.00   clock network delay (ideal)
                  0.15    0.00    0.00 ^ _234_/CLK (sky130_fd_sc_hd__dfxtp_1)
     2    0.00    0.02    0.21    0.21 v _234_/Q (sky130_fd_sc_hd__dfxtp_1)
                                         net12 (net)
                  0.02    0.00    0.21 v output12/A (sky130_fd_sc_hd__buf_2)
     1    0.03    0.06    0.11    0.32 v output12/X (sky130_fd_sc_hd__buf_2)
                                         carry_out (net)
                  0.06    0.00    0.32 v carry_out (out)
                                  0.32   data arrival time

                  0.15    0.00    0.00   clock clk (rise edge)
                          0.00    0.00   clock network delay (ideal)
                          0.25    0.25   clock uncertainty
                          0.00    0.25   clock reconvergence pessimism
                         -2.00   -1.75   output external delay
                                 -1.75   data required time
-----------------------------------------------------------------------------
                                 -1.75   data required time
                                 -0.32   data arrival time
-----------------------------------------------------------------------------
                                  2.07   slack (MET)


Startpoint: control[1] (input port clocked by clk)
Endpoint: _239_ (rising edge-triggered flip-flop clocked by clk)
Path Group: clk
Path Type: min
Corner: Fastest

Fanout     Cap    Slew   Delay    Time   Description
-----------------------------------------------------------------------------
                  0.15    0.00    0.00   clock clk (rise edge)
                          0.00    0.00   clock network delay (ideal)
                          2.00    2.00 v input external delay
     1    0.00    0.00    0.00    2.00 v control[1] (in)
                                         control[1] (net)
                  0.00    0.00    2.00 v input10/A (sky130_fd_sc_hd__buf_1)
     2    0.01    0.04    0.06    2.06 v input10/X (sky130_fd_sc_hd__buf_1)
                                         net10 (net)
                  0.04    0.00    2.06 v _215_/B1 (sky130_fd_sc_hd__o2111a_1)
     1    0.00    0.02    0.09    2.15 v _215_/X (sky130_fd_sc_hd__o2111a_1)
                                         _018_ (net)
                  0.02    0.00    2.15 v _216_/B (sky130_fd_sc_hd__nor2_1)
     1    0.00    0.07    0.06    2.21 ^ _216_/Y (sky130_fd_sc_hd__nor2_1)
                                         _019_ (net)
                  0.07    0.00    2.21 ^ _222_/A2 (sky130_fd_sc_hd__a21oi_1)
     2    0.01    0.02    0.05    2.26 v _222_/Y (sky130_fd_sc_hd__a21oi_1)
                                         _116_ (net)
                  0.02    0.00    2.26 v _225_/B (sky130_fd_sc_hd__nor2_1)
     1    0.00    0.05    0.04    2.30 ^ _225_/Y (sky130_fd_sc_hd__nor2_1)
                                         _000_ (net)
                  0.05    0.00    2.30 ^ _239_/D (sky130_fd_sc_hd__dfxtp_1)
                                  2.30   data arrival time

                  0.15    0.00    0.00   clock clk (rise edge)
                          0.00    0.00   clock network delay (ideal)
                          0.25    0.25   clock uncertainty
                          0.00    0.25   clock reconvergence pessimism
                                  0.25 ^ _239_/CLK (sky130_fd_sc_hd__dfxtp_1)
                         -0.02    0.23   library hold time
                                  0.23   data required time
-----------------------------------------------------------------------------
                                  0.23   data required time
                                 -2.30   data arrival time
-----------------------------------------------------------------------------
                                  2.07   slack (MET)


Startpoint: b[1] (input port clocked by clk)
Endpoint: _237_ (rising edge-triggered flip-flop clocked by clk)
Path Group: clk
Path Type: min
Corner: Fastest

Fanout     Cap    Slew   Delay    Time   Description
-----------------------------------------------------------------------------
                  0.15    0.00    0.00   clock clk (rise edge)
                          0.00    0.00   clock network delay (ideal)
                          2.00    2.00 v input external delay
     1    0.00    0.00    0.00    2.00 v b[1] (in)
                                         b[1] (net)
                  0.00    0.00    2.00 v input6/A (sky130_fd_sc_hd__buf_1)
     3    0.01    0.05    0.07    2.07 v input6/X (sky130_fd_sc_hd__buf_1)
                                         net6 (net)
                  0.05    0.00    2.07 v _151_/A (sky130_fd_sc_hd__inv_2)
     2    0.01    0.03    0.04    2.11 ^ _151_/Y (sky130_fd_sc_hd__inv_2)
                                         _067_ (net)
                  0.03    0.00    2.11 ^ _191_/A (sky130_fd_sc_hd__nand2_1)
     2    0.01    0.03    0.03    2.15 v _191_/Y (sky130_fd_sc_hd__nand2_1)
                                         _106_ (net)
                  0.03    0.00    2.15 v _194_/C (sky130_fd_sc_hd__nand3_1)
     1    0.00    0.04    0.06    2.21 ^ _194_/Y (sky130_fd_sc_hd__nand3_1)
                                         _109_ (net)
                  0.04    0.00    2.21 ^ _195_/B (sky130_fd_sc_hd__nand3_1)
     1    0.00    0.03    0.04    2.25 v _195_/Y (sky130_fd_sc_hd__nand3_1)
                                         _110_ (net)
                  0.03    0.00    2.25 v _196_/B (sky130_fd_sc_hd__nand2_1)
     1    0.00    0.03    0.04    2.29 ^ _196_/Y (sky130_fd_sc_hd__nand2_1)
                                         _111_ (net)
                  0.03    0.00    2.29 ^ _197_/B (sky130_fd_sc_hd__nand2_1)
     2    0.01    0.04    0.04    2.33 v _197_/Y (sky130_fd_sc_hd__nand2_1)
                                         _112_ (net)
                  0.04    0.00    2.33 v _198_/A (sky130_fd_sc_hd__inv_2)
     1    0.00    0.02    0.03    2.36 ^ _198_/Y (sky130_fd_sc_hd__inv_2)
                                         _115_ (net)
                  0.02    0.00    2.36 ^ _237_/D (sky130_fd_sc_hd__dfxtp_1)
                                  2.36   data arrival time

                  0.15    0.00    0.00   clock clk (rise edge)
                          0.00    0.00   clock network delay (ideal)
                          0.25    0.25   clock uncertainty
                          0.00    0.25   clock reconvergence pessimism
                                  0.25 ^ _237_/CLK (sky130_fd_sc_hd__dfxtp_1)
                         -0.01    0.24   library hold time
                                  0.24   data required time
-----------------------------------------------------------------------------
                                  0.24   data required time
                                 -2.36   data arrival time
-----------------------------------------------------------------------------
                                  2.12   slack (MET)



worst slack corner Fastest: 0.3980
======================= Slowest Corner ===================================

Startpoint: _234_ (rising edge-triggered flip-flop clocked by clk)
Endpoint: _234_ (rising edge-triggered flip-flop clocked by clk)
Path Group: clk
Path Type: min
Corner: Slowest

Fanout     Cap    Slew   Delay    Time   Description
-----------------------------------------------------------------------------
                  0.15    0.00    0.00   clock clk (rise edge)
                          0.00    0.00   clock network delay (ideal)
                  0.15    0.00    0.00 ^ _234_/CLK (sky130_fd_sc_hd__dfxtp_1)
     2    0.00    0.09    0.65    0.65 ^ _234_/Q (sky130_fd_sc_hd__dfxtp_1)
                                         net12 (net)
                  0.09    0.00    0.65 ^ hold1/A (sky130_fd_sc_hd__dlygate4sd3_1)
     1    0.00    0.09    0.99    1.64 ^ hold1/X (sky130_fd_sc_hd__dlygate4sd3_1)
                                         net18 (net)
                  0.09    0.00    1.64 ^ _232_/A (sky130_fd_sc_hd__nor2_1)
     1    0.00    0.04    0.09    1.73 v _232_/Y (sky130_fd_sc_hd__nor2_1)
                                         _033_ (net)
                  0.04    0.00    1.73 v _233_/B1 (sky130_fd_sc_hd__a31oi_1)
     1    0.00    0.14    0.19    1.92 ^ _233_/Y (sky130_fd_sc_hd__a31oi_1)
                                         _001_ (net)
                  0.14    0.00    1.92 ^ _234_/D (sky130_fd_sc_hd__dfxtp_1)
                                  1.92   data arrival time

                  0.15    0.00    0.00   clock clk (rise edge)
                          0.00    0.00   clock network delay (ideal)
                          0.25    0.25   clock uncertainty
                          0.00    0.25   clock reconvergence pessimism
                                  0.25 ^ _234_/CLK (sky130_fd_sc_hd__dfxtp_1)
                         -0.08    0.17   library hold time
                                  0.17   data required time
-----------------------------------------------------------------------------
                                  0.17   data required time
                                 -1.92   data arrival time
-----------------------------------------------------------------------------
                                  1.75   slack (MET)


Startpoint: control[1] (input port clocked by clk)
Endpoint: _238_ (rising edge-triggered flip-flop clocked by clk)
Path Group: clk
Path Type: min
Corner: Slowest

Fanout     Cap    Slew   Delay    Time   Description
-----------------------------------------------------------------------------
                  0.15    0.00    0.00   clock clk (rise edge)
                          0.00    0.00   clock network delay (ideal)
                          2.00    2.00 v input external delay
     1    0.00    0.02    0.01    2.01 v control[1] (in)
                                         control[1] (net)
                  0.02    0.00    2.01 v input10/A (sky130_fd_sc_hd__buf_1)
     2    0.01    0.11    0.17    2.18 v input10/X (sky130_fd_sc_hd__buf_1)
                                         net10 (net)
                  0.11    0.00    2.18 v _215_/B1 (sky130_fd_sc_hd__o2111a_1)
     1    0.00    0.07    0.25    2.43 v _215_/X (sky130_fd_sc_hd__o2111a_1)
                                         _018_ (net)
                  0.07    0.00    2.43 v _216_/B (sky130_fd_sc_hd__nor2_1)
     1    0.00    0.17    0.16    2.60 ^ _216_/Y (sky130_fd_sc_hd__nor2_1)
                                         _019_ (net)
                  0.17    0.00    2.60 ^ _222_/A2 (sky130_fd_sc_hd__a21oi_1)
     2    0.01    0.06    0.18    2.78 v _222_/Y (sky130_fd_sc_hd__a21oi_1)
                                         _116_ (net)
                  0.06    0.00    2.78 v _238_/D (sky130_fd_sc_hd__dfxtp_1)
                                  2.78   data arrival time

                  0.15    0.00    0.00   clock clk (rise edge)
                          0.00    0.00   clock network delay (ideal)
                          0.25    0.25   clock uncertainty
                          0.00    0.25   clock reconvergence pessimism
                                  0.25 ^ _238_/CLK (sky130_fd_sc_hd__dfxtp_1)
                         -0.08    0.17   library hold time
                                  0.17   data required time
-----------------------------------------------------------------------------
                                  0.17   data required time
                                 -2.78   data arrival time
-----------------------------------------------------------------------------
                                  2.61   slack (MET)


Startpoint: b[1] (input port clocked by clk)
Endpoint: _236_ (rising edge-triggered flip-flop clocked by clk)
Path Group: clk
Path Type: min
Corner: Slowest

Fanout     Cap    Slew   Delay    Time   Description
-----------------------------------------------------------------------------
                  0.15    0.00    0.00   clock clk (rise edge)
                          0.00    0.00   clock network delay (ideal)
                          2.00    2.00 v input external delay
     1    0.00    0.02    0.01    2.01 v b[1] (in)
                                         b[1] (net)
                  0.02    0.00    2.01 v input6/A (sky130_fd_sc_hd__buf_1)
     3    0.01    0.14    0.20    2.21 v input6/X (sky130_fd_sc_hd__buf_1)
                                         net6 (net)
                  0.14    0.00    2.21 v _149_/B (sky130_fd_sc_hd__nand2_1)
     5    0.02    0.25    0.26    2.47 ^ _149_/Y (sky130_fd_sc_hd__nand2_1)
                                         _065_ (net)
                  0.25    0.00    2.47 ^ _168_/A2 (sky130_fd_sc_hd__a21oi_1)
     1    0.00    0.06    0.20    2.67 v _168_/Y (sky130_fd_sc_hd__a21oi_1)
                                         _084_ (net)
                  0.06    0.00    2.67 v _172_/B (sky130_fd_sc_hd__nand3_1)
     2    0.01    0.12    0.15    2.82 ^ _172_/Y (sky130_fd_sc_hd__nand3_1)
                                         _114_ (net)
                  0.12    0.00    2.82 ^ _236_/D (sky130_fd_sc_hd__dfxtp_1)
                                  2.82   data arrival time

                  0.15    0.00    0.00   clock clk (rise edge)
                          0.00    0.00   clock network delay (ideal)
                          0.25    0.25   clock uncertainty
                          0.00    0.25   clock reconvergence pessimism
                                  0.25 ^ _236_/CLK (sky130_fd_sc_hd__dfxtp_1)
                         -0.07    0.18   library hold time
                                  0.18   data required time
-----------------------------------------------------------------------------
                                  0.18   data required time
                                 -2.82   data arrival time
-----------------------------------------------------------------------------
                                  2.64   slack (MET)


Startpoint: _239_ (rising edge-triggered flip-flop clocked by clk)
Endpoint: zero (output port clocked by clk)
Path Group: clk
Path Type: min
Corner: Slowest

Fanout     Cap    Slew   Delay    Time   Description
-----------------------------------------------------------------------------
                  0.15    0.00    0.00   clock clk (rise edge)
                          0.00    0.00   clock network delay (ideal)
                  0.15    0.00    0.00 ^ _239_/CLK (sky130_fd_sc_hd__dfxtp_1)
     1    0.00    0.04    0.57    0.57 v _239_/Q (sky130_fd_sc_hd__dfxtp_1)
                                         net17 (net)
                  0.04    0.00    0.57 v output17/A (sky130_fd_sc_hd__buf_2)
     1    0.03    0.17    0.32    0.89 v output17/X (sky130_fd_sc_hd__buf_2)
                                         zero (net)
                  0.17    0.00    0.89 v zero (out)
                                  0.89   data arrival time

                  0.15    0.00    0.00   clock clk (rise edge)
                          0.00    0.00   clock network delay (ideal)
                          0.25    0.25   clock uncertainty
                          0.00    0.25   clock reconvergence pessimism
                         -2.00   -1.75   output external delay
                                 -1.75   data required time
-----------------------------------------------------------------------------
                                 -1.75   data required time
                                 -0.89   data arrival time
-----------------------------------------------------------------------------
                                  2.64   slack (MET)


Startpoint: _238_ (rising edge-triggered flip-flop clocked by clk)
Endpoint: result[3] (output port clocked by clk)
Path Group: clk
Path Type: min
Corner: Slowest

Fanout     Cap    Slew   Delay    Time   Description
-----------------------------------------------------------------------------
                  0.15    0.00    0.00   clock clk (rise edge)
                          0.00    0.00   clock network delay (ideal)
                  0.15    0.00    0.00 ^ _238_/CLK (sky130_fd_sc_hd__dfxtp_1)
     1    0.00    0.04    0.58    0.58 v _238_/Q (sky130_fd_sc_hd__dfxtp_1)
                                         net16 (net)
                  0.04    0.00    0.58 v output16/A (sky130_fd_sc_hd__buf_2)
     1    0.03    0.17    0.32    0.89 v output16/X (sky130_fd_sc_hd__buf_2)
                                         result[3] (net)
                  0.17    0.00    0.89 v result[3] (out)
                                  0.89   data arrival time

                  0.15    0.00    0.00   clock clk (rise edge)
                          0.00    0.00   clock network delay (ideal)
                          0.25    0.25   clock uncertainty
                          0.00    0.25   clock reconvergence pessimism
                         -2.00   -1.75   output external delay
                                 -1.75   data required time
-----------------------------------------------------------------------------
                                 -1.75   data required time
                                 -0.89   data arrival time
-----------------------------------------------------------------------------
                                  2.64   slack (MET)


Startpoint: _235_ (rising edge-triggered flip-flop clocked by clk)
Endpoint: result[0] (output port clocked by clk)
Path Group: clk
Path Type: min
Corner: Slowest

Fanout     Cap    Slew   Delay    Time   Description
-----------------------------------------------------------------------------
                  0.15    0.00    0.00   clock clk (rise edge)
                          0.00    0.00   clock network delay (ideal)
                  0.15    0.00    0.00 ^ _235_/CLK (sky130_fd_sc_hd__dfxtp_1)
     1    0.00    0.04    0.58    0.58 v _235_/Q (sky130_fd_sc_hd__dfxtp_1)
                                         net13 (net)
                  0.04    0.00    0.58 v output13/A (sky130_fd_sc_hd__buf_2)
     1    0.03    0.17    0.32    0.89 v output13/X (sky130_fd_sc_hd__buf_2)
                                         result[0] (net)
                  0.17    0.00    0.89 v result[0] (out)
                                  0.89   data arrival time

                  0.15    0.00    0.00   clock clk (rise edge)
                          0.00    0.00   clock network delay (ideal)
                          0.25    0.25   clock uncertainty
                          0.00    0.25   clock reconvergence pessimism
                         -2.00   -1.75   output external delay
                                 -1.75   data required time
-----------------------------------------------------------------------------
                                 -1.75   data required time
                                 -0.89   data arrival time
-----------------------------------------------------------------------------
                                  2.64   slack (MET)


Startpoint: _236_ (rising edge-triggered flip-flop clocked by clk)
Endpoint: result[1] (output port clocked by clk)
Path Group: clk
Path Type: min
Corner: Slowest

Fanout     Cap    Slew   Delay    Time   Description
-----------------------------------------------------------------------------
                  0.15    0.00    0.00   clock clk (rise edge)
                          0.00    0.00   clock network delay (ideal)
                  0.15    0.00    0.00 ^ _236_/CLK (sky130_fd_sc_hd__dfxtp_1)
     1    0.00    0.05    0.58    0.58 v _236_/Q (sky130_fd_sc_hd__dfxtp_1)
                                         net14 (net)
                  0.05    0.00    0.58 v output14/A (sky130_fd_sc_hd__buf_2)
     1    0.03    0.17    0.32    0.89 v output14/X (sky130_fd_sc_hd__buf_2)
                                         result[1] (net)
                  0.17    0.00    0.90 v result[1] (out)
                                  0.90   data arrival time

                  0.15    0.00    0.00   clock clk (rise edge)
                          0.00    0.00   clock network delay (ideal)
                          0.25    0.25   clock uncertainty
                          0.00    0.25   clock reconvergence pessimism
                         -2.00   -1.75   output external delay
                                 -1.75   data required time
-----------------------------------------------------------------------------
                                 -1.75   data required time
                                 -0.90   data arrival time
-----------------------------------------------------------------------------
                                  2.65   slack (MET)


Startpoint: _237_ (rising edge-triggered flip-flop clocked by clk)
Endpoint: result[2] (output port clocked by clk)
Path Group: clk
Path Type: min
Corner: Slowest

Fanout     Cap    Slew   Delay    Time   Description
-----------------------------------------------------------------------------
                  0.15    0.00    0.00   clock clk (rise edge)
                          0.00    0.00   clock network delay (ideal)
                  0.15    0.00    0.00 ^ _237_/CLK (sky130_fd_sc_hd__dfxtp_1)
     1    0.00    0.05    0.58    0.58 v _237_/Q (sky130_fd_sc_hd__dfxtp_1)
                                         net15 (net)
                  0.05    0.00    0.58 v output15/A (sky130_fd_sc_hd__buf_2)
     1    0.03    0.17    0.32    0.90 v output15/X (sky130_fd_sc_hd__buf_2)
                                         result[2] (net)
                  0.17    0.00    0.90 v result[2] (out)
                                  0.90   data arrival time

                  0.15    0.00    0.00   clock clk (rise edge)
                          0.00    0.00   clock network delay (ideal)
                          0.25    0.25   clock uncertainty
                          0.00    0.25   clock reconvergence pessimism
                         -2.00   -1.75   output external delay
                                 -1.75   data required time
-----------------------------------------------------------------------------
                                 -1.75   data required time
                                 -0.90   data arrival time
-----------------------------------------------------------------------------
                                  2.65   slack (MET)


Startpoint: _234_ (rising edge-triggered flip-flop clocked by clk)
Endpoint: carry_out (output port clocked by clk)
Path Group: clk
Path Type: min
Corner: Slowest

Fanout     Cap    Slew   Delay    Time   Description
-----------------------------------------------------------------------------
                  0.15    0.00    0.00   clock clk (rise edge)
                          0.00    0.00   clock network delay (ideal)
                  0.15    0.00    0.00 ^ _234_/CLK (sky130_fd_sc_hd__dfxtp_1)
     2    0.00    0.06    0.59    0.59 v _234_/Q (sky130_fd_sc_hd__dfxtp_1)
                                         net12 (net)
                  0.06    0.00    0.59 v output12/A (sky130_fd_sc_hd__buf_2)
     1    0.03    0.17    0.32    0.92 v output12/X (sky130_fd_sc_hd__buf_2)
                                         carry_out (net)
                  0.17    0.00    0.92 v carry_out (out)
                                  0.92   data arrival time

                  0.15    0.00    0.00   clock clk (rise edge)
                          0.00    0.00   clock network delay (ideal)
                          0.25    0.25   clock uncertainty
                          0.00    0.25   clock reconvergence pessimism
                         -2.00   -1.75   output external delay
                                 -1.75   data required time
-----------------------------------------------------------------------------
                                 -1.75   data required time
                                 -0.92   data arrival time
-----------------------------------------------------------------------------
                                  2.67   slack (MET)


Startpoint: control[2] (input port clocked by clk)
Endpoint: _235_ (rising edge-triggered flip-flop clocked by clk)
Path Group: clk
Path Type: min
Corner: Slowest

Fanout     Cap    Slew   Delay    Time   Description
-----------------------------------------------------------------------------
                  0.15    0.00    0.00   clock clk (rise edge)
                          0.00    0.00   clock network delay (ideal)
                          2.00    2.00 ^ input external delay
     1    0.00    0.03    0.02    2.02 ^ control[2] (in)
                                         control[2] (net)
                  0.03    0.00    2.02 ^ input11/A (sky130_fd_sc_hd__clkbuf_4)
     9    0.04    0.20    0.31    2.33 ^ input11/X (sky130_fd_sc_hd__clkbuf_4)
                                         net11 (net)
                  0.20    0.00    2.33 ^ _125_/B (sky130_fd_sc_hd__nand3_1)
     1    0.00    0.12    0.19    2.52 v _125_/Y (sky130_fd_sc_hd__nand3_1)
                                         _042_ (net)
                  0.12    0.00    2.52 v _126_/B (sky130_fd_sc_hd__nand2_1)
     1    0.00    0.06    0.12    2.64 ^ _126_/Y (sky130_fd_sc_hd__nand2_1)
                                         _043_ (net)
                  0.06    0.00    2.64 ^ _133_/A (sky130_fd_sc_hd__nor2_1)
     1    0.01    0.07    0.09    2.73 v _133_/Y (sky130_fd_sc_hd__nor2_1)
                                         _050_ (net)
                  0.07    0.00    2.73 v _146_/A (sky130_fd_sc_hd__nand3_1)
     2    0.00    0.11    0.12    2.85 ^ _146_/Y (sky130_fd_sc_hd__nand3_1)
                                         _113_ (net)
                  0.11    0.00    2.85 ^ _235_/D (sky130_fd_sc_hd__dfxtp_1)
                                  2.85   data arrival time

                  0.15    0.00    0.00   clock clk (rise edge)
                          0.00    0.00   clock network delay (ideal)
                          0.25    0.25   clock uncertainty
                          0.00    0.25   clock reconvergence pessimism
                                  0.25 ^ _235_/CLK (sky130_fd_sc_hd__dfxtp_1)
                         -0.07    0.18   library hold time
                                  0.18   data required time
-----------------------------------------------------------------------------
                                  0.18   data required time
                                 -2.85   data arrival time
-----------------------------------------------------------------------------
                                  2.67   slack (MET)


Startpoint: control[1] (input port clocked by clk)
Endpoint: _239_ (rising edge-triggered flip-flop clocked by clk)
Path Group: clk
Path Type: min
Corner: Slowest

Fanout     Cap    Slew   Delay    Time   Description
-----------------------------------------------------------------------------
                  0.15    0.00    0.00   clock clk (rise edge)
                          0.00    0.00   clock network delay (ideal)
                          2.00    2.00 v input external delay
     1    0.00    0.02    0.01    2.01 v control[1] (in)
                                         control[1] (net)
                  0.02    0.00    2.01 v input10/A (sky130_fd_sc_hd__buf_1)
     2    0.01    0.11    0.17    2.18 v input10/X (sky130_fd_sc_hd__buf_1)
                                         net10 (net)
                  0.11    0.00    2.18 v _215_/B1 (sky130_fd_sc_hd__o2111a_1)
     1    0.00    0.07    0.25    2.43 v _215_/X (sky130_fd_sc_hd__o2111a_1)
                                         _018_ (net)
                  0.07    0.00    2.43 v _216_/B (sky130_fd_sc_hd__nor2_1)
     1    0.00    0.17    0.16    2.60 ^ _216_/Y (sky130_fd_sc_hd__nor2_1)
                                         _019_ (net)
                  0.17    0.00    2.60 ^ _222_/A2 (sky130_fd_sc_hd__a21oi_1)
     2    0.01    0.06    0.18    2.78 v _222_/Y (sky130_fd_sc_hd__a21oi_1)
                                         _116_ (net)
                  0.06    0.00    2.78 v _225_/B (sky130_fd_sc_hd__nor2_1)
     1    0.00    0.11    0.11    2.90 ^ _225_/Y (sky130_fd_sc_hd__nor2_1)
                                         _000_ (net)
                  0.11    0.00    2.90 ^ _239_/D (sky130_fd_sc_hd__dfxtp_1)
                                  2.90   data arrival time

                  0.15    0.00    0.00   clock clk (rise edge)
                          0.00    0.00   clock network delay (ideal)
                          0.25    0.25   clock uncertainty
                          0.00    0.25   clock reconvergence pessimism
                                  0.25 ^ _239_/CLK (sky130_fd_sc_hd__dfxtp_1)
                         -0.07    0.18   library hold time
                                  0.18   data required time
-----------------------------------------------------------------------------
                                  0.18   data required time
                                 -2.90   data arrival time
-----------------------------------------------------------------------------
                                  2.71   slack (MET)


Startpoint: control[0] (input port clocked by clk)
Endpoint: _237_ (rising edge-triggered flip-flop clocked by clk)
Path Group: clk
Path Type: min
Corner: Slowest

Fanout     Cap    Slew   Delay    Time   Description
-----------------------------------------------------------------------------
                  0.15    0.00    0.00   clock clk (rise edge)
                          0.00    0.00   clock network delay (ideal)
                          2.00    2.00 ^ input external delay
     1    0.00    0.03    0.01    2.01 ^ control[0] (in)
                                         control[0] (net)
                  0.03    0.00    2.01 ^ input9/A (sky130_fd_sc_hd__buf_2)
     7    0.03    0.25    0.30    2.31 ^ input9/X (sky130_fd_sc_hd__buf_2)
                                         net9 (net)
                  0.25    0.00    2.31 ^ _143_/A (sky130_fd_sc_hd__nor2_1)
     4    0.02    0.16    0.24    2.55 v _143_/Y (sky130_fd_sc_hd__nor2_1)
                                         _060_ (net)
                  0.16    0.00    2.55 v _144_/A (sky130_fd_sc_hd__inv_2)
     3    0.01    0.10    0.14    2.69 ^ _144_/Y (sky130_fd_sc_hd__inv_2)
                                         _061_ (net)
                  0.10    0.00    2.69 ^ _181_/B1 (sky130_fd_sc_hd__a21o_1)
     1    0.00    0.06    0.15    2.84 ^ _181_/X (sky130_fd_sc_hd__a21o_1)
                                         _096_ (net)
                  0.06    0.00    2.84 ^ _197_/A (sky130_fd_sc_hd__nand2_1)
     2    0.01    0.14    0.14    2.98 v _197_/Y (sky130_fd_sc_hd__nand2_1)
                                         _112_ (net)
                  0.14    0.00    2.98 v _198_/A (sky130_fd_sc_hd__inv_2)
     1    0.00    0.05    0.08    3.07 ^ _198_/Y (sky130_fd_sc_hd__inv_2)
                                         _115_ (net)
                  0.05    0.00    3.07 ^ _237_/D (sky130_fd_sc_hd__dfxtp_1)
                                  3.07   data arrival time

                  0.15    0.00    0.00   clock clk (rise edge)
                          0.00    0.00   clock network delay (ideal)
                          0.25    0.25   clock uncertainty
                          0.00    0.25   clock reconvergence pessimism
                                  0.25 ^ _237_/CLK (sky130_fd_sc_hd__dfxtp_1)
                         -0.05    0.20   library hold time
                                  0.20   data required time
-----------------------------------------------------------------------------
                                  0.20   data required time
                                 -3.07   data arrival time
-----------------------------------------------------------------------------
                                  2.87   slack (MET)



worst slack corner Slowest: 1.7477
======================= Typical Corner ===================================

Startpoint: _234_ (rising edge-triggered flip-flop clocked by clk)
Endpoint: _234_ (rising edge-triggered flip-flop clocked by clk)
Path Group: clk
Path Type: min
Corner: Typical

Fanout     Cap    Slew   Delay    Time   Description
-----------------------------------------------------------------------------
                  0.15    0.00    0.00   clock clk (rise edge)
                          0.00    0.00   clock network delay (ideal)
                  0.15    0.00    0.00 ^ _234_/CLK (sky130_fd_sc_hd__dfxtp_1)
     2    0.00    0.03    0.32    0.32 v _234_/Q (sky130_fd_sc_hd__dfxtp_1)
                                         net12 (net)
                  0.03    0.00    0.32 v hold1/A (sky130_fd_sc_hd__dlygate4sd3_1)
     1    0.00    0.05    0.51    0.83 v hold1/X (sky130_fd_sc_hd__dlygate4sd3_1)
                                         net18 (net)
                  0.05    0.00    0.83 v _232_/A (sky130_fd_sc_hd__nor2_1)
     1    0.00    0.09    0.10    0.94 ^ _232_/Y (sky130_fd_sc_hd__nor2_1)
                                         _033_ (net)
                  0.09    0.00    0.94 ^ _233_/B1 (sky130_fd_sc_hd__a31oi_1)
     1    0.00    0.04    0.04    0.98 v _233_/Y (sky130_fd_sc_hd__a31oi_1)
                                         _001_ (net)
                  0.04    0.00    0.98 v _234_/D (sky130_fd_sc_hd__dfxtp_1)
                                  0.98   data arrival time

                  0.15    0.00    0.00   clock clk (rise edge)
                          0.00    0.00   clock network delay (ideal)
                          0.25    0.25   clock uncertainty
                          0.00    0.25   clock reconvergence pessimism
                                  0.25 ^ _234_/CLK (sky130_fd_sc_hd__dfxtp_1)
                         -0.03    0.22   library hold time
                                  0.22   data required time
-----------------------------------------------------------------------------
                                  0.22   data required time
                                 -0.98   data arrival time
-----------------------------------------------------------------------------
                                  0.76   slack (MET)


Startpoint: control[1] (input port clocked by clk)
Endpoint: _238_ (rising edge-triggered flip-flop clocked by clk)
Path Group: clk
Path Type: min
Corner: Typical

Fanout     Cap    Slew   Delay    Time   Description
-----------------------------------------------------------------------------
                  0.15    0.00    0.00   clock clk (rise edge)
                          0.00    0.00   clock network delay (ideal)
                          2.00    2.00 v input external delay
     1    0.00    0.01    0.00    2.00 v control[1] (in)
                                         control[1] (net)
                  0.01    0.00    2.00 v input10/A (sky130_fd_sc_hd__buf_1)
     2    0.01    0.05    0.09    2.10 v input10/X (sky130_fd_sc_hd__buf_1)
                                         net10 (net)
                  0.05    0.00    2.10 v _215_/B1 (sky130_fd_sc_hd__o2111a_1)
     1    0.00    0.04    0.14    2.23 v _215_/X (sky130_fd_sc_hd__o2111a_1)
                                         _018_ (net)
                  0.04    0.00    2.23 v _216_/B (sky130_fd_sc_hd__nor2_1)
     1    0.00    0.10    0.09    2.32 ^ _216_/Y (sky130_fd_sc_hd__nor2_1)
                                         _019_ (net)
                  0.10    0.00    2.32 ^ _222_/A2 (sky130_fd_sc_hd__a21oi_1)
     2    0.01    0.03    0.08    2.41 v _222_/Y (sky130_fd_sc_hd__a21oi_1)
                                         _116_ (net)
                  0.03    0.00    2.41 v _238_/D (sky130_fd_sc_hd__dfxtp_1)
                                  2.41   data arrival time

                  0.15    0.00    0.00   clock clk (rise edge)
                          0.00    0.00   clock network delay (ideal)
                          0.25    0.25   clock uncertainty
                          0.00    0.25   clock reconvergence pessimism
                                  0.25 ^ _238_/CLK (sky130_fd_sc_hd__dfxtp_1)
                         -0.02    0.23   library hold time
                                  0.23   data required time
-----------------------------------------------------------------------------
                                  0.23   data required time
                                 -2.41   data arrival time
-----------------------------------------------------------------------------
                                  2.18   slack (MET)


Startpoint: b[1] (input port clocked by clk)
Endpoint: _236_ (rising edge-triggered flip-flop clocked by clk)
Path Group: clk
Path Type: min
Corner: Typical

Fanout     Cap    Slew   Delay    Time   Description
-----------------------------------------------------------------------------
                  0.15    0.00    0.00   clock clk (rise edge)
                          0.00    0.00   clock network delay (ideal)
                          2.00    2.00 v input external delay
     1    0.00    0.01    0.00    2.00 v b[1] (in)
                                         b[1] (net)
                  0.01    0.00    2.00 v input6/A (sky130_fd_sc_hd__buf_1)
     3    0.01    0.07    0.11    2.11 v input6/X (sky130_fd_sc_hd__buf_1)
                                         net6 (net)
                  0.07    0.00    2.11 v _149_/B (sky130_fd_sc_hd__nand2_1)
     5    0.02    0.16    0.15    2.26 ^ _149_/Y (sky130_fd_sc_hd__nand2_1)
                                         _065_ (net)
                  0.16    0.00    2.26 ^ _168_/A2 (sky130_fd_sc_hd__a21oi_1)
     1    0.00    0.04    0.09    2.35 v _168_/Y (sky130_fd_sc_hd__a21oi_1)
                                         _084_ (net)
                  0.04    0.00    2.35 v _172_/B (sky130_fd_sc_hd__nand3_1)
     2    0.01    0.07    0.09    2.44 ^ _172_/Y (sky130_fd_sc_hd__nand3_1)
                                         _114_ (net)
                  0.07    0.00    2.44 ^ _236_/D (sky130_fd_sc_hd__dfxtp_1)
                                  2.44   data arrival time

                  0.15    0.00    0.00   clock clk (rise edge)
                          0.00    0.00   clock network delay (ideal)
                          0.25    0.25   clock uncertainty
                          0.00    0.25   clock reconvergence pessimism
                                  0.25 ^ _236_/CLK (sky130_fd_sc_hd__dfxtp_1)
                         -0.02    0.23   library hold time
                                  0.23   data required time
-----------------------------------------------------------------------------
                                  0.23   data required time
                                 -2.44   data arrival time
-----------------------------------------------------------------------------
                                  2.21   slack (MET)


Startpoint: _239_ (rising edge-triggered flip-flop clocked by clk)
Endpoint: zero (output port clocked by clk)
Path Group: clk
Path Type: min
Corner: Typical

Fanout     Cap    Slew   Delay    Time   Description
-----------------------------------------------------------------------------
                  0.15    0.00    0.00   clock clk (rise edge)
                          0.00    0.00   clock network delay (ideal)
                  0.15    0.00    0.00 ^ _239_/CLK (sky130_fd_sc_hd__dfxtp_1)
     1    0.00    0.02    0.31    0.31 v _239_/Q (sky130_fd_sc_hd__dfxtp_1)
                                         net17 (net)
                  0.02    0.00    0.31 v output17/A (sky130_fd_sc_hd__buf_2)
     1    0.03    0.09    0.16    0.47 v output17/X (sky130_fd_sc_hd__buf_2)
                                         zero (net)
                  0.09    0.00    0.47 v zero (out)
                                  0.47   data arrival time

                  0.15    0.00    0.00   clock clk (rise edge)
                          0.00    0.00   clock network delay (ideal)
                          0.25    0.25   clock uncertainty
                          0.00    0.25   clock reconvergence pessimism
                         -2.00   -1.75   output external delay
                                 -1.75   data required time
-----------------------------------------------------------------------------
                                 -1.75   data required time
                                 -0.47   data arrival time
-----------------------------------------------------------------------------
                                  2.22   slack (MET)


Startpoint: _238_ (rising edge-triggered flip-flop clocked by clk)
Endpoint: result[3] (output port clocked by clk)
Path Group: clk
Path Type: min
Corner: Typical

Fanout     Cap    Slew   Delay    Time   Description
-----------------------------------------------------------------------------
                  0.15    0.00    0.00   clock clk (rise edge)
                          0.00    0.00   clock network delay (ideal)
                  0.15    0.00    0.00 ^ _238_/CLK (sky130_fd_sc_hd__dfxtp_1)
     1    0.00    0.02    0.31    0.31 v _238_/Q (sky130_fd_sc_hd__dfxtp_1)
                                         net16 (net)
                  0.02    0.00    0.31 v output16/A (sky130_fd_sc_hd__buf_2)
     1    0.03    0.09    0.16    0.47 v output16/X (sky130_fd_sc_hd__buf_2)
                                         result[3] (net)
                  0.09    0.00    0.47 v result[3] (out)
                                  0.47   data arrival time

                  0.15    0.00    0.00   clock clk (rise edge)
                          0.00    0.00   clock network delay (ideal)
                          0.25    0.25   clock uncertainty
                          0.00    0.25   clock reconvergence pessimism
                         -2.00   -1.75   output external delay
                                 -1.75   data required time
-----------------------------------------------------------------------------
                                 -1.75   data required time
                                 -0.47   data arrival time
-----------------------------------------------------------------------------
                                  2.22   slack (MET)


Startpoint: _235_ (rising edge-triggered flip-flop clocked by clk)
Endpoint: result[0] (output port clocked by clk)
Path Group: clk
Path Type: min
Corner: Typical

Fanout     Cap    Slew   Delay    Time   Description
-----------------------------------------------------------------------------
                  0.15    0.00    0.00   clock clk (rise edge)
                          0.00    0.00   clock network delay (ideal)
                  0.15    0.00    0.00 ^ _235_/CLK (sky130_fd_sc_hd__dfxtp_1)
     1    0.00    0.02    0.31    0.31 v _235_/Q (sky130_fd_sc_hd__dfxtp_1)
                                         net13 (net)
                  0.02    0.00    0.31 v output13/A (sky130_fd_sc_hd__buf_2)
     1    0.03    0.09    0.16    0.47 v output13/X (sky130_fd_sc_hd__buf_2)
                                         result[0] (net)
                  0.09    0.00    0.47 v result[0] (out)
                                  0.47   data arrival time

                  0.15    0.00    0.00   clock clk (rise edge)
                          0.00    0.00   clock network delay (ideal)
                          0.25    0.25   clock uncertainty
                          0.00    0.25   clock reconvergence pessimism
                         -2.00   -1.75   output external delay
                                 -1.75   data required time
-----------------------------------------------------------------------------
                                 -1.75   data required time
                                 -0.47   data arrival time
-----------------------------------------------------------------------------
                                  2.22   slack (MET)


Startpoint: _236_ (rising edge-triggered flip-flop clocked by clk)
Endpoint: result[1] (output port clocked by clk)
Path Group: clk
Path Type: min
Corner: Typical

Fanout     Cap    Slew   Delay    Time   Description
-----------------------------------------------------------------------------
                  0.15    0.00    0.00   clock clk (rise edge)
                          0.00    0.00   clock network delay (ideal)
                  0.15    0.00    0.00 ^ _236_/CLK (sky130_fd_sc_hd__dfxtp_1)
     1    0.00    0.02    0.31    0.31 v _236_/Q (sky130_fd_sc_hd__dfxtp_1)
                                         net14 (net)
                  0.02    0.00    0.31 v output14/A (sky130_fd_sc_hd__buf_2)
     1    0.03    0.09    0.16    0.47 v output14/X (sky130_fd_sc_hd__buf_2)
                                         result[1] (net)
                  0.09    0.00    0.47 v result[1] (out)
                                  0.47   data arrival time

                  0.15    0.00    0.00   clock clk (rise edge)
                          0.00    0.00   clock network delay (ideal)
                          0.25    0.25   clock uncertainty
                          0.00    0.25   clock reconvergence pessimism
                         -2.00   -1.75   output external delay
                                 -1.75   data required time
-----------------------------------------------------------------------------
                                 -1.75   data required time
                                 -0.47   data arrival time
-----------------------------------------------------------------------------
                                  2.22   slack (MET)


Startpoint: control[2] (input port clocked by clk)
Endpoint: _235_ (rising edge-triggered flip-flop clocked by clk)
Path Group: clk
Path Type: min
Corner: Typical

Fanout     Cap    Slew   Delay    Time   Description
-----------------------------------------------------------------------------
                  0.15    0.00    0.00   clock clk (rise edge)
                          0.00    0.00   clock network delay (ideal)
                          2.00    2.00 ^ input external delay
     1    0.00    0.02    0.01    2.01 ^ control[2] (in)
                                         control[2] (net)
                  0.02    0.00    2.01 ^ input11/A (sky130_fd_sc_hd__clkbuf_4)
     9    0.04    0.13    0.18    2.19 ^ input11/X (sky130_fd_sc_hd__clkbuf_4)
                                         net11 (net)
                  0.13    0.00    2.19 ^ _125_/B (sky130_fd_sc_hd__nand3_1)
     1    0.00    0.06    0.08    2.27 v _125_/Y (sky130_fd_sc_hd__nand3_1)
                                         _042_ (net)
                  0.06    0.00    2.27 v _126_/B (sky130_fd_sc_hd__nand2_1)
     1    0.00    0.04    0.06    2.33 ^ _126_/Y (sky130_fd_sc_hd__nand2_1)
                                         _043_ (net)
                  0.04    0.00    2.33 ^ _133_/A (sky130_fd_sc_hd__nor2_1)
     1    0.01    0.04    0.05    2.38 v _133_/Y (sky130_fd_sc_hd__nor2_1)
                                         _050_ (net)
                  0.04    0.00    2.38 v _146_/A (sky130_fd_sc_hd__nand3_1)
     2    0.01    0.07    0.07    2.45 ^ _146_/Y (sky130_fd_sc_hd__nand3_1)
                                         _113_ (net)
                  0.07    0.00    2.45 ^ _235_/D (sky130_fd_sc_hd__dfxtp_1)
                                  2.45   data arrival time

                  0.15    0.00    0.00   clock clk (rise edge)
                          0.00    0.00   clock network delay (ideal)
                          0.25    0.25   clock uncertainty
                          0.00    0.25   clock reconvergence pessimism
                                  0.25 ^ _235_/CLK (sky130_fd_sc_hd__dfxtp_1)
                         -0.02    0.23   library hold time
                                  0.23   data required time
-----------------------------------------------------------------------------
                                  0.23   data required time
                                 -2.45   data arrival time
-----------------------------------------------------------------------------
                                  2.23   slack (MET)


Startpoint: _237_ (rising edge-triggered flip-flop clocked by clk)
Endpoint: result[2] (output port clocked by clk)
Path Group: clk
Path Type: min
Corner: Typical

Fanout     Cap    Slew   Delay    Time   Description
-----------------------------------------------------------------------------
                  0.15    0.00    0.00   clock clk (rise edge)
                          0.00    0.00   clock network delay (ideal)
                  0.15    0.00    0.00 ^ _237_/CLK (sky130_fd_sc_hd__dfxtp_1)
     1    0.00    0.03    0.31    0.31 v _237_/Q (sky130_fd_sc_hd__dfxtp_1)
                                         net15 (net)
                  0.03    0.00    0.31 v output15/A (sky130_fd_sc_hd__buf_2)
     1    0.03    0.09    0.16    0.48 v output15/X (sky130_fd_sc_hd__buf_2)
                                         result[2] (net)
                  0.09    0.00    0.48 v result[2] (out)
                                  0.48   data arrival time

                  0.15    0.00    0.00   clock clk (rise edge)
                          0.00    0.00   clock network delay (ideal)
                          0.25    0.25   clock uncertainty
                          0.00    0.25   clock reconvergence pessimism
                         -2.00   -1.75   output external delay
                                 -1.75   data required time
-----------------------------------------------------------------------------
                                 -1.75   data required time
                                 -0.48   data arrival time
-----------------------------------------------------------------------------
                                  2.23   slack (MET)


Startpoint: _234_ (rising edge-triggered flip-flop clocked by clk)
Endpoint: carry_out (output port clocked by clk)
Path Group: clk
Path Type: min
Corner: Typical

Fanout     Cap    Slew   Delay    Time   Description
-----------------------------------------------------------------------------
                  0.15    0.00    0.00   clock clk (rise edge)
                          0.00    0.00   clock network delay (ideal)
                  0.15    0.00    0.00 ^ _234_/CLK (sky130_fd_sc_hd__dfxtp_1)
     2    0.00    0.03    0.32    0.32 v _234_/Q (sky130_fd_sc_hd__dfxtp_1)
                                         net12 (net)
                  0.03    0.00    0.32 v output12/A (sky130_fd_sc_hd__buf_2)
     1    0.03    0.09    0.17    0.49 v output12/X (sky130_fd_sc_hd__buf_2)
                                         carry_out (net)
                  0.09    0.00    0.49 v carry_out (out)
                                  0.49   data arrival time

                  0.15    0.00    0.00   clock clk (rise edge)
                          0.00    0.00   clock network delay (ideal)
                          0.25    0.25   clock uncertainty
                          0.00    0.25   clock reconvergence pessimism
                         -2.00   -1.75   output external delay
                                 -1.75   data required time
-----------------------------------------------------------------------------
                                 -1.75   data required time
                                 -0.49   data arrival time
-----------------------------------------------------------------------------
                                  2.24   slack (MET)


Startpoint: control[1] (input port clocked by clk)
Endpoint: _239_ (rising edge-triggered flip-flop clocked by clk)
Path Group: clk
Path Type: min
Corner: Typical

Fanout     Cap    Slew   Delay    Time   Description
-----------------------------------------------------------------------------
                  0.15    0.00    0.00   clock clk (rise edge)
                          0.00    0.00   clock network delay (ideal)
                          2.00    2.00 v input external delay
     1    0.00    0.01    0.00    2.00 v control[1] (in)
                                         control[1] (net)
                  0.01    0.00    2.00 v input10/A (sky130_fd_sc_hd__buf_1)
     2    0.01    0.05    0.09    2.10 v input10/X (sky130_fd_sc_hd__buf_1)
                                         net10 (net)
                  0.05    0.00    2.10 v _215_/B1 (sky130_fd_sc_hd__o2111a_1)
     1    0.00    0.04    0.14    2.23 v _215_/X (sky130_fd_sc_hd__o2111a_1)
                                         _018_ (net)
                  0.04    0.00    2.23 v _216_/B (sky130_fd_sc_hd__nor2_1)
     1    0.00    0.10    0.09    2.32 ^ _216_/Y (sky130_fd_sc_hd__nor2_1)
                                         _019_ (net)
                  0.10    0.00    2.32 ^ _222_/A2 (sky130_fd_sc_hd__a21oi_1)
     2    0.01    0.03    0.08    2.41 v _222_/Y (sky130_fd_sc_hd__a21oi_1)
                                         _116_ (net)
                  0.03    0.00    2.41 v _225_/B (sky130_fd_sc_hd__nor2_1)
     1    0.00    0.06    0.07    2.47 ^ _225_/Y (sky130_fd_sc_hd__nor2_1)
                                         _000_ (net)
                  0.06    0.00    2.47 ^ _239_/D (sky130_fd_sc_hd__dfxtp_1)
                                  2.47   data arrival time

                  0.15    0.00    0.00   clock clk (rise edge)
                          0.00    0.00   clock network delay (ideal)
                          0.25    0.25   clock uncertainty
                          0.00    0.25   clock reconvergence pessimism
                                  0.25 ^ _239_/CLK (sky130_fd_sc_hd__dfxtp_1)
                         -0.02    0.23   library hold time
                                  0.23   data required time
-----------------------------------------------------------------------------
                                  0.23   data required time
                                 -2.47   data arrival time
-----------------------------------------------------------------------------
                                  2.24   slack (MET)


Startpoint: a[1] (input port clocked by clk)
Endpoint: _237_ (rising edge-triggered flip-flop clocked by clk)
Path Group: clk
Path Type: min
Corner: Typical

Fanout     Cap    Slew   Delay    Time   Description
-----------------------------------------------------------------------------
                  0.15    0.00    0.00   clock clk (rise edge)
                          0.00    0.00   clock network delay (ideal)
                          2.00    2.00 v input external delay
     1    0.00    0.01    0.00    2.00 v a[1] (in)
                                         a[1] (net)
                  0.01    0.00    2.00 v input2/A (sky130_fd_sc_hd__buf_1)
     4    0.01    0.09    0.12    2.12 v input2/X (sky130_fd_sc_hd__buf_1)
                                         net2 (net)
                  0.09    0.00    2.12 v _191_/B (sky130_fd_sc_hd__nand2_1)
     2    0.01    0.07    0.10    2.22 ^ _191_/Y (sky130_fd_sc_hd__nand2_1)
                                         _106_ (net)
                  0.07    0.00    2.22 ^ _194_/C (sky130_fd_sc_hd__nand3_1)
     1    0.00    0.06    0.08    2.30 v _194_/Y (sky130_fd_sc_hd__nand3_1)
                                         _109_ (net)
                  0.06    0.00    2.30 v _195_/B (sky130_fd_sc_hd__nand3_1)
     1    0.00    0.06    0.08    2.38 ^ _195_/Y (sky130_fd_sc_hd__nand3_1)
                                         _110_ (net)
                  0.06    0.00    2.38 ^ _196_/B (sky130_fd_sc_hd__nand2_1)
     1    0.00    0.03    0.05    2.43 v _196_/Y (sky130_fd_sc_hd__nand2_1)
                                         _111_ (net)
                  0.03    0.00    2.43 v _197_/B (sky130_fd_sc_hd__nand2_1)
     2    0.01    0.08    0.08    2.52 ^ _197_/Y (sky130_fd_sc_hd__nand2_1)
                                         _112_ (net)
                  0.08    0.00    2.52 ^ _198_/A (sky130_fd_sc_hd__inv_2)
     1    0.00    0.02    0.03    2.55 v _198_/Y (sky130_fd_sc_hd__inv_2)
                                         _115_ (net)
                  0.02    0.00    2.55 v _237_/D (sky130_fd_sc_hd__dfxtp_1)
                                  2.55   data arrival time

                  0.15    0.00    0.00   clock clk (rise edge)
                          0.00    0.00   clock network delay (ideal)
                          0.25    0.25   clock uncertainty
                          0.00    0.25   clock reconvergence pessimism
                                  0.25 ^ _237_/CLK (sky130_fd_sc_hd__dfxtp_1)
                         -0.02    0.23   library hold time
                                  0.23   data required time
-----------------------------------------------------------------------------
                                  0.23   data required time
                                 -2.55   data arrival time
-----------------------------------------------------------------------------
                                  2.32   slack (MET)



worst slack corner Typical: 0.7571
